Log file open, 03/06/20 18:05:17
LogWindows: Failed to load 'aqProf.dll' (GetLastError=126)
LogWindows: File 'aqProf.dll' does not exist
LogWindows: Failed to load 'VtuneApi.dll' (GetLastError=126)
LogWindows: File 'VtuneApi.dll' does not exist
LogWindows: Failed to load 'VtuneApi32e.dll' (GetLastError=126)
LogWindows: File 'VtuneApi32e.dll' does not exist
LogConsoleResponse: Display: Failed to find resolution value strings in scalability ini. Falling back to default.
LogInit: Display: Running engine for game: MyProject3
LogPlatformFile: Not using cached read wrapper
LogTaskGraph: Started task graph with 5 named threads and 23 total threads with 3 sets of task threads.
LogStats: Stats thread started at 0.282457
LogD3D11RHI: Loaded GFSDK_Aftermath_Lib.x64.dll
LogICUInternationalization: ICU TimeZone Detection - Raw Offset: -5:00, Platform Override: ''
LogPluginManager: Mounting plugin Paper2D
LogPluginManager: Mounting plugin AISupport
LogPluginManager: Mounting plugin LightPropagationVolume
LogPluginManager: Mounting plugin ActorLayerUtilities
LogPluginManager: Mounting plugin AnimationSharing
LogPluginManager: Mounting plugin CLionSourceCodeAccess
LogPluginManager: Mounting plugin CodeLiteSourceCodeAccess
LogPluginManager: Mounting plugin GitSourceControl
LogPluginManager: Mounting plugin KDevelopSourceCodeAccess
LogPluginManager: Mounting plugin NullSourceCodeAccess
LogPluginManager: Mounting plugin PerforceSourceControl
LogPluginManager: Mounting plugin SubversionSourceControl
LogPluginManager: Mounting plugin UObjectPlugin
LogPluginManager: Mounting plugin VisualStudioCodeSourceCodeAccess
LogPluginManager: Mounting plugin VisualStudioSourceCodeAccess
LogPluginManager: Mounting plugin XCodeSourceCodeAccess
LogPluginManager: Mounting plugin AssetManagerEditor
LogPluginManager: Mounting plugin CryptoKeys
LogPluginManager: Mounting plugin CurveEditorTools
LogPluginManager: Mounting plugin DataValidation
LogPluginManager: Mounting plugin FacialAnimation
LogPluginManager: Mounting plugin GameplayTagsEditor
LogPluginManager: Mounting plugin MacGraphicsSwitching
LogPluginManager: Mounting plugin MaterialAnalyzer
LogPluginManager: Mounting plugin MobileLauncherProfileWizard
LogPluginManager: Mounting plugin PluginBrowser
LogPluginManager: Mounting plugin SpeedTreeImporter
LogPluginManager: Mounting plugin DatasmithContent
LogPluginManager: Mounting plugin VariantManagerContent
LogPluginManager: Mounting plugin AlembicImporter
LogPluginManager: Mounting plugin AutomationUtils
LogPluginManager: Mounting plugin BackChannel
LogPluginManager: Mounting plugin CharacterAI
LogPluginManager: Mounting plugin GeometryCache
LogPluginManager: Mounting plugin HTML5Networking
LogPluginManager: Mounting plugin PlatformCrypto
LogPluginManager: Mounting plugin ProxyLODPlugin
LogPluginManager: Mounting plugin RawInput
LogPluginManager: Mounting plugin SkeletalReduction
LogPluginManager: Mounting plugin MagicLeap
LogPluginManager: Mounting plugin MagicLeapMedia
LogPluginManager: Mounting plugin AndroidMedia
LogPluginManager: Mounting plugin AvfMedia
LogPluginManager: Mounting plugin ImgMedia
LogPluginManager: Mounting plugin MediaCompositing
LogPluginManager: Mounting plugin MediaPlayerEditor
LogPluginManager: Mounting plugin WebMMedia
LogPluginManager: Mounting plugin WmfMedia
LogPluginManager: Mounting plugin TcpMessaging
LogPluginManager: Mounting plugin UdpMessaging
LogPluginManager: Mounting plugin ActorSequence
LogPluginManager: Mounting plugin LevelSequenceEditor
LogPluginManager: Mounting plugin MatineeToLevelSequence
LogPluginManager: Mounting plugin NetcodeUnitTest
LogPluginManager: Mounting plugin NUTUnrealEngine4
LogPluginManager: Mounting plugin OnlineSubsystemGooglePlay
LogPluginManager: Mounting plugin OnlineSubsystemIOS
LogPluginManager: Mounting plugin OnlineSubsystem
LogPluginManager: Mounting plugin OnlineSubsystemNull
LogPluginManager: Mounting plugin OnlineSubsystemUtils
LogPluginManager: Mounting plugin LauncherChunkInstaller
LogPluginManager: Mounting plugin AndroidDeviceProfileSelector
LogPluginManager: Mounting plugin AndroidMoviePlayer
LogPluginManager: Mounting plugin AndroidPermission
LogPluginManager: Mounting plugin AppleImageUtils
LogPluginManager: Mounting plugin AppleMoviePlayer
LogPluginManager: Mounting plugin ArchVisCharacter
LogPluginManager: Mounting plugin AudioCapture
LogPluginManager: Mounting plugin CableComponent
LogPluginManager: Mounting plugin CustomMeshComponent
LogPluginManager: Mounting plugin EditableMesh
LogPluginManager: Mounting plugin ExampleDeviceProfileSelector
LogPluginManager: Mounting plugin GoogleCloudMessaging
LogPluginManager: Mounting plugin IOSDeviceProfileSelector
LogPluginManager: Mounting plugin LinuxDeviceProfileSelector
LogPluginManager: Mounting plugin LocationServicesBPLibrary
LogPluginManager: Mounting plugin MobilePatchingUtils
LogPluginManager: Mounting plugin OculusVR
LogPluginManager: Mounting plugin PhysXVehicles
LogPluginManager: Mounting plugin ProceduralMeshComponent
LogPluginManager: Mounting plugin RuntimePhysXCooking
LogPluginManager: Mounting plugin SignificanceManager
LogPluginManager: Mounting plugin SteamVR
LogPluginManager: Mounting plugin WebMMoviePlayer
LogPluginManager: Mounting plugin WindowsMoviePlayer
LogPluginManager: Mounting plugin ScreenshotTools
LogInit: Using libcurl 7.55.1-DEV
LogInit:  - built for x86_64-pc-win32
LogInit:  - supports SSL with OpenSSL/1.1.1
LogInit:  - supports HTTP deflate (compression) using libz 1.2.8
LogInit:  - other features:
LogInit:      CURL_VERSION_SSL
LogInit:      CURL_VERSION_LIBZ
LogInit:      CURL_VERSION_IPV6
LogInit:      CURL_VERSION_ASYNCHDNS
LogInit:      CURL_VERSION_LARGEFILE
LogInit:      CURL_VERSION_IDN
LogInit:  CurlRequestOptions (configurable via config and command line):
LogInit:  - bVerifyPeer = true  - Libcurl will verify peer certificate
LogInit:  - bUseHttpProxy = false  - Libcurl will NOT use HTTP proxy
LogInit:  - bDontReuseConnections = false  - Libcurl will reuse connections
LogInit:  - MaxHostConnections = 16  - Libcurl will limit the number of connections to a host
LogInit:  - LocalHostAddr = Default
LogInit:  - BufferSize = 65536
LogOnline: OSS: Creating online subsystem instance for: NULL
LogInit: WinSock: version 1.1 (2.2), MaxSocks=32767, MaxUdp=65467
LogInit: Build: ++UE4+Release-4.23-CL-8386587
LogInit: Engine Version: 4.23.0-8386587+++UE4+Release-4.23
LogInit: Compatible Engine Version: 4.23.0-8386587+++UE4+Release-4.23
LogInit: Net CL: 8386587
LogInit: OS: Windows 10 (Release 1903) (), CPU: Intel(R) Core(TM) i7-6700HQ CPU @ 2.60GHz, GPU: Intel(R) HD Graphics 530
LogInit: Compiled (64-bit): Aug 31 2019 02:04:44
LogInit: Compiled with Visual C++: 19.16.27030.01
LogInit: Build Configuration: Development
LogInit: Branch Name: ++UE4+Release-4.23
LogInit: Command Line:  /Game/VehicleAdvBP/Maps/PlayLevel -game -PIEVIACONSOLE -ResX=1280 -ResY=720 -Multiprocess -messaging -SessionName="Play in Standalone Game" -windowed
LogInit: Base Directory: C:/Program Files/Epic Games/UE_4.23/Engine/Binaries/Win64/
LogInit: Installed Engine Build: 1
LogDevObjectVersion: Number of dev versions registered: 23
LogDevObjectVersion:   Dev-Blueprints (B0D832E4-1F89-4F0D-ACCF-7EB736FD4AA2): 10
LogDevObjectVersion:   Dev-Build (E1C64328-A22C-4D53-A36C-8E866417BD8C): 0
LogDevObjectVersion:   Dev-Core (375EC13C-06E4-48FB-B500-84F0262A717E): 3
LogDevObjectVersion:   Dev-Editor (E4B068ED-F494-42E9-A231-DA0B2E46BB41): 34
LogDevObjectVersion:   Dev-Framework (CFFC743F-43B0-4480-9391-14DF171D2073): 35
LogDevObjectVersion:   Dev-Mobile (B02B49B5-BB20-44E9-A304-32B752E40360): 2
LogDevObjectVersion:   Dev-Networking (A4E4105C-59A1-49B5-A7C5-40C4547EDFEE): 0
LogDevObjectVersion:   Dev-Online (39C831C9-5AE6-47DC-9A44-9C173E1C8E7C): 0
LogDevObjectVersion:   Dev-Physics (78F01B33-EBEA-4F98-B9B4-84EACCB95AA2): 0
LogDevObjectVersion:   Dev-Platform (6631380F-2D4D-43E0-8009-CF276956A95A): 0
LogDevObjectVersion:   Dev-Rendering (12F88B9F-8875-4AFC-A67C-D90C383ABD29): 31
LogDevObjectVersion:   Dev-Sequencer (7B5AE74C-D270-4C10-A958-57980B212A5A): 11
LogDevObjectVersion:   Dev-VR (D7296918-1DD6-4BDD-9DE2-64A83CC13884): 2
LogDevObjectVersion:   Dev-LoadTimes (C2A15278-BFE7-4AFE-6C17-90FF531DF755): 1
LogDevObjectVersion:   Private-Geometry (6EACA3D4-40EC-4CC1-B786-8BED09428FC5): 3
LogDevObjectVersion:   Dev-AnimPhys (29E575DD-E0A3-4627-9D10-D276232CDCEA): 17
LogDevObjectVersion:   Dev-Anim (AF43A65D-7FD3-4947-9873-3E8ED9C1BB05): 2
LogDevObjectVersion:   Dev-ReflectionCapture (6B266CEC-1EC7-4B8F-A30B-E4D90942FC07): 1
LogDevObjectVersion:   Dev-Automation (0DF73D61-A23F-47EA-B727-89E90C41499A): 1
LogDevObjectVersion:   FortniteMain (601D1886-AC64-4F84-AA16-D3DE0DEAC7D6): 27
LogDevObjectVersion:   Dev-Enterprise (9DFFBCD6-494F-0158-E221-12823C92A888): 6
LogDevObjectVersion:   Dev-Niagara (F2AED0AC-9AFE-416F-8664-AA7FFA26D6FC): 1
LogDevObjectVersion:   Dev-Destruction (174F1F0B-B4C6-45A5-B13F-2EE8D0FB917D): 9
LogInit: Presizing for max 16777216 objects, including 0 objects not considered by GC, pre-allocating 0 bytes for permanent pool.
LogInit: Object subsystem initialized
LogConfig: Setting CVar [[con.DebugEarlyDefault:1]]
LogConfig: Setting CVar [[r.setres:1280x720]]
[2020.03.06-23.05.18:875][  0]LogConfig: Setting CVar [[con.DebugEarlyDefault:1]]
[2020.03.06-23.05.18:875][  0]LogConfig: Setting CVar [[r.setres:1280x720]]
[2020.03.06-23.05.18:875][  0]LogConfig: Applying CVar settings from Section [/Script/Engine.RendererSettings] File [C:/Users/Seato/AppData/Local/gitkraken/app-6.5.3/MaMiSeShFay11820/Saved/Config/Windows/Engine.ini]
[2020.03.06-23.05.18:875][  0]LogConfig: Setting CVar [[r.GPUCrashDebugging:0]]
[2020.03.06-23.05.18:875][  0]LogConfig: Applying CVar settings from Section [/Script/Engine.RendererOverrideSettings] File [C:/Users/Seato/AppData/Local/gitkraken/app-6.5.3/MaMiSeShFay11820/Saved/Config/Windows/Engine.ini]
[2020.03.06-23.05.18:875][  0]LogConfig: Applying CVar settings from Section [/Script/Engine.StreamingSettings] File [C:/Users/Seato/AppData/Local/gitkraken/app-6.5.3/MaMiSeShFay11820/Saved/Config/Windows/Engine.ini]
[2020.03.06-23.05.18:875][  0]LogConfig: Setting CVar [[s.MinBulkDataSizeForAsyncLoading:131072]]
[2020.03.06-23.05.18:875][  0]LogConfig: Setting CVar [[s.AsyncLoadingThreadEnabled:0]]
[2020.03.06-23.05.18:875][  0]LogConfig: Setting CVar [[s.EventDrivenLoaderEnabled:1]]
[2020.03.06-23.05.18:875][  0]LogConfig: Setting CVar [[s.WarnIfTimeLimitExceeded:0]]
[2020.03.06-23.05.18:875][  0]LogConfig: Setting CVar [[s.TimeLimitExceededMultiplier:1.5]]
[2020.03.06-23.05.18:875][  0]LogConfig: Setting CVar [[s.TimeLimitExceededMinTime:0.005]]
[2020.03.06-23.05.18:875][  0]LogConfig: Setting CVar [[s.UseBackgroundLevelStreaming:1]]
[2020.03.06-23.05.18:875][  0]LogConfig: Setting CVar [[s.PriorityAsyncLoadingExtraTime:15.0]]
[2020.03.06-23.05.18:875][  0]LogConfig: Setting CVar [[s.LevelStreamingActorsUpdateTimeLimit:5.0]]
[2020.03.06-23.05.18:875][  0]LogConfig: Setting CVar [[s.PriorityLevelStreamingActorsUpdateExtraTime:5.0]]
[2020.03.06-23.05.18:875][  0]LogConfig: Setting CVar [[s.LevelStreamingComponentsRegistrationGranularity:10]]
[2020.03.06-23.05.18:876][  0]LogConfig: Setting CVar [[s.UnregisterComponentsTimeLimit:1.0]]
[2020.03.06-23.05.18:876][  0]LogConfig: Setting CVar [[s.LevelStreamingComponentsUnregistrationGranularity:5]]
[2020.03.06-23.05.18:876][  0]LogConfig: Applying CVar settings from Section [/Script/Engine.GarbageCollectionSettings] File [C:/Users/Seato/AppData/Local/gitkraken/app-6.5.3/MaMiSeShFay11820/Saved/Config/Windows/Engine.ini]
[2020.03.06-23.05.18:876][  0]LogConfig: Setting CVar [[gc.MaxObjectsNotConsideredByGC:1]]
[2020.03.06-23.05.18:876][  0]LogConfig: Setting CVar [[gc.SizeOfPermanentObjectPool:0]]
[2020.03.06-23.05.18:876][  0]LogConfig: Setting CVar [[gc.FlushStreamingOnGC:0]]
[2020.03.06-23.05.18:876][  0]LogConfig: Setting CVar [[gc.NumRetriesBeforeForcingGC:10]]
[2020.03.06-23.05.18:876][  0]LogConfig: Setting CVar [[gc.AllowParallelGC:1]]
[2020.03.06-23.05.18:876][  0]LogConfig: Setting CVar [[gc.TimeBetweenPurgingPendingKillObjects:61.1]]
[2020.03.06-23.05.18:876][  0]LogConfig: Setting CVar [[gc.MaxObjectsInEditor:16777216]]
[2020.03.06-23.05.18:876][  0]LogConfig: Setting CVar [[gc.IncrementalBeginDestroyEnabled:1]]
[2020.03.06-23.05.18:876][  0]LogConfig: Setting CVar [[gc.CreateGCClusters:1]]
[2020.03.06-23.05.18:876][  0]LogConfig: Setting CVar [[gc.MinGCClusterSize:5]]
[2020.03.06-23.05.18:876][  0]LogConfig: Setting CVar [[gc.ActorClusteringEnabled:0]]
[2020.03.06-23.05.18:876][  0]LogConfig: Setting CVar [[gc.BlueprintClusteringEnabled:0]]
[2020.03.06-23.05.18:876][  0]LogConfig: Setting CVar [[gc.UseDisregardForGCOnDedicatedServers:0]]
[2020.03.06-23.05.18:876][  0]LogConfig: Applying CVar settings from Section [/Script/Engine.NetworkSettings] File [C:/Users/Seato/AppData/Local/gitkraken/app-6.5.3/MaMiSeShFay11820/Saved/Config/Windows/Engine.ini]
[2020.03.06-23.05.18:876][  0]LogConfig: Applying CVar settings from Section [/Script/UnrealEd.CookerSettings] File [C:/Users/Seato/AppData/Local/gitkraken/app-6.5.3/MaMiSeShFay11820/Saved/Config/Windows/Engine.ini]
[2020.03.06-23.05.18:885][  0]LogConfig: Applying CVar settings from Section [ViewDistanceQuality@3] File [C:/Users/Seato/AppData/Local/gitkraken/app-6.5.3/MaMiSeShFay11820/Saved/Config/Windows/Scalability.ini]
[2020.03.06-23.05.18:885][  0]LogConfig: Setting CVar [[r.SkeletalMeshLODBias:0]]
[2020.03.06-23.05.18:885][  0]LogConfig: Setting CVar [[r.ViewDistanceScale:1.0]]
[2020.03.06-23.05.18:885][  0]LogConfig: Applying CVar settings from Section [AntiAliasingQuality@3] File [C:/Users/Seato/AppData/Local/gitkraken/app-6.5.3/MaMiSeShFay11820/Saved/Config/Windows/Scalability.ini]
[2020.03.06-23.05.18:885][  0]LogConfig: Setting CVar [[r.PostProcessAAQuality:4]]
[2020.03.06-23.05.18:885][  0]LogConfig: Applying CVar settings from Section [ShadowQuality@3] File [C:/Users/Seato/AppData/Local/gitkraken/app-6.5.3/MaMiSeShFay11820/Saved/Config/Windows/Scalability.ini]
[2020.03.06-23.05.18:885][  0]LogConfig: Setting CVar [[r.LightFunctionQuality:1]]
[2020.03.06-23.05.18:886][  0]LogConfig: Setting CVar [[r.ShadowQuality:5]]
[2020.03.06-23.05.18:886][  0]LogConfig: Setting CVar [[r.Shadow.CSM.MaxCascades:10]]
[2020.03.06-23.05.18:886][  0]LogConfig: Setting CVar [[r.Shadow.MaxResolution:2048]]
[2020.03.06-23.05.18:886][  0]LogConfig: Setting CVar [[r.Shadow.MaxCSMResolution:2048]]
[2020.03.06-23.05.18:886][  0]LogConfig: Setting CVar [[r.Shadow.RadiusThreshold:0.01]]
[2020.03.06-23.05.18:886][  0]LogConfig: Setting CVar [[r.Shadow.DistanceScale:1.0]]
[2020.03.06-23.05.18:886][  0]LogConfig: Setting CVar [[r.Shadow.CSM.TransitionScale:1.0]]
[2020.03.06-23.05.18:886][  0]LogConfig: Setting CVar [[r.Shadow.PreShadowResolutionFactor:1.0]]
[2020.03.06-23.05.18:886][  0]LogConfig: Setting CVar [[r.DistanceFieldShadowing:1]]
[2020.03.06-23.05.18:886][  0]LogConfig: Setting CVar [[r.DistanceFieldAO:1]]
[2020.03.06-23.05.18:886][  0]LogConfig: Setting CVar [[r.AOQuality:2]]
[2020.03.06-23.05.18:886][  0]LogConfig: Setting CVar [[r.VolumetricFog:1]]
[2020.03.06-23.05.18:886][  0]LogConfig: Setting CVar [[r.VolumetricFog.GridPixelSize:8]]
[2020.03.06-23.05.18:886][  0]LogConfig: Setting CVar [[r.VolumetricFog.GridSizeZ:128]]
[2020.03.06-23.05.18:886][  0]LogConfig: Setting CVar [[r.VolumetricFog.HistoryMissSupersampleCount:4]]
[2020.03.06-23.05.18:887][  0]LogConfig: Setting CVar [[r.LightMaxDrawDistanceScale:1]]
[2020.03.06-23.05.18:887][  0]LogConfig: Setting CVar [[r.CapsuleShadows:1]]
[2020.03.06-23.05.18:887][  0]LogConfig: Applying CVar settings from Section [PostProcessQuality@3] File [C:/Users/Seato/AppData/Local/gitkraken/app-6.5.3/MaMiSeShFay11820/Saved/Config/Windows/Scalability.ini]
[2020.03.06-23.05.18:887][  0]LogConfig: Setting CVar [[r.MotionBlurQuality:4]]
[2020.03.06-23.05.18:887][  0]LogConfig: Setting CVar [[r.AmbientOcclusionMipLevelFactor:0.4]]
[2020.03.06-23.05.18:887][  0]LogConfig: Setting CVar [[r.AmbientOcclusionMaxQuality:100]]
[2020.03.06-23.05.18:887][  0]LogConfig: Setting CVar [[r.AmbientOcclusionLevels:-1]]
[2020.03.06-23.05.18:887][  0]LogConfig: Setting CVar [[r.AmbientOcclusionRadiusScale:1.0]]
[2020.03.06-23.05.18:887][  0]LogConfig: Setting CVar [[r.DepthOfFieldQuality:2]]
[2020.03.06-23.05.18:887][  0]LogConfig: Setting CVar [[r.RenderTargetPoolMin:400]]
[2020.03.06-23.05.18:887][  0]LogConfig: Setting CVar [[r.LensFlareQuality:2]]
[2020.03.06-23.05.18:887][  0]LogConfig: Setting CVar [[r.SceneColorFringeQuality:1]]
[2020.03.06-23.05.18:887][  0]LogConfig: Setting CVar [[r.EyeAdaptationQuality:2]]
[2020.03.06-23.05.18:887][  0]LogConfig: Setting CVar [[r.BloomQuality:5]]
[2020.03.06-23.05.18:887][  0]LogConfig: Setting CVar [[r.FastBlurThreshold:100]]
[2020.03.06-23.05.18:887][  0]LogConfig: Setting CVar [[r.Upscale.Quality:3]]
[2020.03.06-23.05.18:887][  0]LogConfig: Setting CVar [[r.Tonemapper.GrainQuantization:1]]
[2020.03.06-23.05.18:887][  0]LogConfig: Setting CVar [[r.LightShaftQuality:1]]
[2020.03.06-23.05.18:887][  0]LogConfig: Setting CVar [[r.Filter.SizeScale:1]]
[2020.03.06-23.05.18:887][  0]LogConfig: Setting CVar [[r.Tonemapper.Quality:5]]
[2020.03.06-23.05.18:887][  0]LogConfig: Setting CVar [[r.DOF.Gather.AccumulatorQuality:1        ; higher gathering accumulator quality]]
[2020.03.06-23.05.18:887][  0]LogConfig: Setting CVar [[r.DOF.Gather.PostfilterMethod:1          ; Median3x3 postfilering method]]
[2020.03.06-23.05.18:887][  0]LogConfig: Setting CVar [[r.DOF.Gather.EnableBokehSettings:0       ; no bokeh simulation when gathering]]
[2020.03.06-23.05.18:888][  0]LogConfig: Setting CVar [[r.DOF.Gather.RingCount:4                 ; medium number of samples when gathering]]
[2020.03.06-23.05.18:888][  0]LogConfig: Setting CVar [[r.DOF.Scatter.ForegroundCompositing:1    ; additive foreground scattering]]
[2020.03.06-23.05.18:888][  0]LogConfig: Setting CVar [[r.DOF.Scatter.BackgroundCompositing:2    ; additive background scattering]]
[2020.03.06-23.05.18:888][  0]LogConfig: Setting CVar [[r.DOF.Scatter.EnableBokehSettings:1      ; bokeh simulation when scattering]]
[2020.03.06-23.05.18:888][  0]LogConfig: Setting CVar [[r.DOF.Scatter.MaxSpriteRatio:0.1         ; only a maximum of 10% of scattered bokeh]]
[2020.03.06-23.05.18:888][  0]LogConfig: Setting CVar [[r.DOF.Recombine.Quality:1                ; cheap slight out of focus]]
[2020.03.06-23.05.18:888][  0]LogConfig: Setting CVar [[r.DOF.Recombine.EnableBokehSettings:0    ; no bokeh simulation on slight out of focus]]
[2020.03.06-23.05.18:888][  0]LogConfig: Setting CVar [[r.DOF.TemporalAAQuality:1                ; more stable temporal accumulation]]
[2020.03.06-23.05.18:888][  0]LogConfig: Setting CVar [[r.DOF.Kernel.MaxForegroundRadius:0.025]]
[2020.03.06-23.05.18:888][  0]LogConfig: Setting CVar [[r.DOF.Kernel.MaxBackgroundRadius:0.025]]
[2020.03.06-23.05.18:888][  0]LogConfig: Applying CVar settings from Section [TextureQuality@3] File [C:/Users/Seato/AppData/Local/gitkraken/app-6.5.3/MaMiSeShFay11820/Saved/Config/Windows/Scalability.ini]
[2020.03.06-23.05.18:888][  0]LogConfig: Setting CVar [[r.Streaming.MipBias:0]]
[2020.03.06-23.05.18:888][  0]LogConfig: Setting CVar [[r.Streaming.AmortizeCPUToGPUCopy:0]]
[2020.03.06-23.05.18:888][  0]LogConfig: Setting CVar [[r.Streaming.MaxNumTexturesToStreamPerFrame:0]]
[2020.03.06-23.05.18:888][  0]LogConfig: Setting CVar [[r.Streaming.Boost:1]]
[2020.03.06-23.05.18:888][  0]LogConfig: Setting CVar [[r.MaxAnisotropy:8]]
[2020.03.06-23.05.18:888][  0]LogConfig: Setting CVar [[r.Streaming.LimitPoolSizeToVRAM:0]]
[2020.03.06-23.05.18:889][  0]LogConfig: Setting CVar [[r.Streaming.PoolSize:1000]]
[2020.03.06-23.05.18:889][  0]LogConfig: Setting CVar [[r.Streaming.MaxEffectiveScreenSize:0]]
[2020.03.06-23.05.18:889][  0]LogConfig: Applying CVar settings from Section [EffectsQuality@3] File [C:/Users/Seato/AppData/Local/gitkraken/app-6.5.3/MaMiSeShFay11820/Saved/Config/Windows/Scalability.ini]
[2020.03.06-23.05.18:889][  0]LogConfig: Setting CVar [[r.TranslucencyLightingVolumeDim:64]]
[2020.03.06-23.05.18:889][  0]LogConfig: Setting CVar [[r.RefractionQuality:2]]
[2020.03.06-23.05.18:889][  0]LogConfig: Setting CVar [[r.SSR.Quality:3]]
[2020.03.06-23.05.18:889][  0]LogConfig: Setting CVar [[r.SceneColorFormat:4]]
[2020.03.06-23.05.18:889][  0]LogConfig: Setting CVar [[r.DetailMode:2]]
[2020.03.06-23.05.18:889][  0]LogConfig: Setting CVar [[r.TranslucencyVolumeBlur:1]]
[2020.03.06-23.05.18:889][  0]LogConfig: Setting CVar [[r.MaterialQualityLevel:1 ; High quality]]
[2020.03.06-23.05.18:889][  0]LogConfig: Setting CVar [[r.SSS.Scale:1]]
[2020.03.06-23.05.18:889][  0]LogConfig: Setting CVar [[r.SSS.SampleSet:2]]
[2020.03.06-23.05.18:889][  0]LogConfig: Setting CVar [[r.SSS.Quality:1]]
[2020.03.06-23.05.18:889][  0]LogConfig: Setting CVar [[r.SSS.HalfRes:1]]
[2020.03.06-23.05.18:889][  0]LogConfig: Setting CVar [[r.EmitterSpawnRateScale:1.0]]
[2020.03.06-23.05.18:889][  0]LogConfig: Setting CVar [[r.ParticleLightQuality:2]]
[2020.03.06-23.05.18:889][  0]LogConfig: Applying CVar settings from Section [FoliageQuality@3] File [C:/Users/Seato/AppData/Local/gitkraken/app-6.5.3/MaMiSeShFay11820/Saved/Config/Windows/Scalability.ini]
[2020.03.06-23.05.18:890][  0]LogConfig: Setting CVar [[foliage.DensityScale:1.0]]
[2020.03.06-23.05.18:890][  0]LogConfig: Setting CVar [[grass.DensityScale:1.0]]
[2020.03.06-23.05.18:890][  0]LogInit: Selected Device Profile: [Windows]
[2020.03.06-23.05.18:890][  0]LogInit: Applying CVar settings loaded from the selected device profile: [Windows]
[2020.03.06-23.05.18:901][  0]LogHAL: Display: Platform has ~ 16 GB [17050578944 / 17179869184 / 16], which maps to Larger [LargestMinGB=32, LargerMinGB=12, DefaultMinGB=8, SmallerMinGB=6, SmallestMinGB=0)
[2020.03.06-23.05.18:901][  0]LogInit: Going up to parent DeviceProfile []
[2020.03.06-23.05.18:902][  0]LogConfig: Applying CVar settings from Section [ViewDistanceQuality@3] File [C:/Users/Seato/AppData/Local/gitkraken/app-6.5.3/MaMiSeShFay11820/Saved/Config/Windows/Scalability.ini]
[2020.03.06-23.05.18:902][  0]LogConfig: Setting CVar [[r.SkeletalMeshLODBias:0]]
[2020.03.06-23.05.18:902][  0]LogConfig: Setting CVar [[r.ViewDistanceScale:1.0]]
[2020.03.06-23.05.18:902][  0]LogConfig: Applying CVar settings from Section [AntiAliasingQuality@3] File [C:/Users/Seato/AppData/Local/gitkraken/app-6.5.3/MaMiSeShFay11820/Saved/Config/Windows/Scalability.ini]
[2020.03.06-23.05.18:902][  0]LogConfig: Setting CVar [[r.PostProcessAAQuality:4]]
[2020.03.06-23.05.18:902][  0]LogConfig: Applying CVar settings from Section [ShadowQuality@3] File [C:/Users/Seato/AppData/Local/gitkraken/app-6.5.3/MaMiSeShFay11820/Saved/Config/Windows/Scalability.ini]
[2020.03.06-23.05.18:902][  0]LogConfig: Setting CVar [[r.LightFunctionQuality:1]]
[2020.03.06-23.05.18:902][  0]LogConfig: Setting CVar [[r.ShadowQuality:5]]
[2020.03.06-23.05.18:902][  0]LogConfig: Setting CVar [[r.Shadow.CSM.MaxCascades:10]]
[2020.03.06-23.05.18:902][  0]LogConfig: Setting CVar [[r.Shadow.MaxResolution:2048]]
[2020.03.06-23.05.18:902][  0]LogConfig: Setting CVar [[r.Shadow.MaxCSMResolution:2048]]
[2020.03.06-23.05.18:903][  0]LogConfig: Setting CVar [[r.Shadow.RadiusThreshold:0.01]]
[2020.03.06-23.05.18:903][  0]LogConfig: Setting CVar [[r.Shadow.DistanceScale:1.0]]
[2020.03.06-23.05.18:903][  0]LogConfig: Setting CVar [[r.Shadow.CSM.TransitionScale:1.0]]
[2020.03.06-23.05.18:903][  0]LogConfig: Setting CVar [[r.Shadow.PreShadowResolutionFactor:1.0]]
[2020.03.06-23.05.18:903][  0]LogConfig: Setting CVar [[r.DistanceFieldShadowing:1]]
[2020.03.06-23.05.18:903][  0]LogConfig: Setting CVar [[r.DistanceFieldAO:1]]
[2020.03.06-23.05.18:903][  0]LogConfig: Setting CVar [[r.AOQuality:2]]
[2020.03.06-23.05.18:903][  0]LogConfig: Setting CVar [[r.VolumetricFog:1]]
[2020.03.06-23.05.18:903][  0]LogConfig: Setting CVar [[r.VolumetricFog.GridPixelSize:8]]
[2020.03.06-23.05.18:903][  0]LogConfig: Setting CVar [[r.VolumetricFog.GridSizeZ:128]]
[2020.03.06-23.05.18:903][  0]LogConfig: Setting CVar [[r.VolumetricFog.HistoryMissSupersampleCount:4]]
[2020.03.06-23.05.18:903][  0]LogConfig: Setting CVar [[r.LightMaxDrawDistanceScale:1]]
[2020.03.06-23.05.18:903][  0]LogConfig: Setting CVar [[r.CapsuleShadows:1]]
[2020.03.06-23.05.18:904][  0]LogConfig: Applying CVar settings from Section [PostProcessQuality@3] File [C:/Users/Seato/AppData/Local/gitkraken/app-6.5.3/MaMiSeShFay11820/Saved/Config/Windows/Scalability.ini]
[2020.03.06-23.05.18:904][  0]LogConfig: Setting CVar [[r.MotionBlurQuality:4]]
[2020.03.06-23.05.18:904][  0]LogConfig: Setting CVar [[r.AmbientOcclusionMipLevelFactor:0.4]]
[2020.03.06-23.05.18:904][  0]LogConfig: Setting CVar [[r.AmbientOcclusionMaxQuality:100]]
[2020.03.06-23.05.18:904][  0]LogConfig: Setting CVar [[r.AmbientOcclusionLevels:-1]]
[2020.03.06-23.05.18:904][  0]LogConfig: Setting CVar [[r.AmbientOcclusionRadiusScale:1.0]]
[2020.03.06-23.05.18:904][  0]LogConfig: Setting CVar [[r.DepthOfFieldQuality:2]]
[2020.03.06-23.05.18:904][  0]LogConfig: Setting CVar [[r.RenderTargetPoolMin:400]]
[2020.03.06-23.05.18:904][  0]LogConfig: Setting CVar [[r.LensFlareQuality:2]]
[2020.03.06-23.05.18:904][  0]LogConfig: Setting CVar [[r.SceneColorFringeQuality:1]]
[2020.03.06-23.05.18:904][  0]LogConfig: Setting CVar [[r.EyeAdaptationQuality:2]]
[2020.03.06-23.05.18:904][  0]LogConfig: Setting CVar [[r.BloomQuality:5]]
[2020.03.06-23.05.18:904][  0]LogConfig: Setting CVar [[r.FastBlurThreshold:100]]
[2020.03.06-23.05.18:904][  0]LogConfig: Setting CVar [[r.Upscale.Quality:3]]
[2020.03.06-23.05.18:904][  0]LogConfig: Setting CVar [[r.Tonemapper.GrainQuantization:1]]
[2020.03.06-23.05.18:905][  0]LogConfig: Setting CVar [[r.LightShaftQuality:1]]
[2020.03.06-23.05.18:905][  0]LogConfig: Setting CVar [[r.Filter.SizeScale:1]]
[2020.03.06-23.05.18:905][  0]LogConfig: Setting CVar [[r.Tonemapper.Quality:5]]
[2020.03.06-23.05.18:905][  0]LogConfig: Setting CVar [[r.DOF.Gather.AccumulatorQuality:1        ; higher gathering accumulator quality]]
[2020.03.06-23.05.18:905][  0]LogConfig: Setting CVar [[r.DOF.Gather.PostfilterMethod:1          ; Median3x3 postfilering method]]
[2020.03.06-23.05.18:905][  0]LogConfig: Setting CVar [[r.DOF.Gather.EnableBokehSettings:0       ; no bokeh simulation when gathering]]
[2020.03.06-23.05.18:905][  0]LogConfig: Setting CVar [[r.DOF.Gather.RingCount:4                 ; medium number of samples when gathering]]
[2020.03.06-23.05.18:905][  0]LogConfig: Setting CVar [[r.DOF.Scatter.ForegroundCompositing:1    ; additive foreground scattering]]
[2020.03.06-23.05.18:905][  0]LogConfig: Setting CVar [[r.DOF.Scatter.BackgroundCompositing:2    ; additive background scattering]]
[2020.03.06-23.05.18:905][  0]LogConfig: Setting CVar [[r.DOF.Scatter.EnableBokehSettings:1      ; bokeh simulation when scattering]]
[2020.03.06-23.05.18:905][  0]LogConfig: Setting CVar [[r.DOF.Scatter.MaxSpriteRatio:0.1         ; only a maximum of 10% of scattered bokeh]]
[2020.03.06-23.05.18:905][  0]LogConfig: Setting CVar [[r.DOF.Recombine.Quality:1                ; cheap slight out of focus]]
[2020.03.06-23.05.18:905][  0]LogConfig: Setting CVar [[r.DOF.Recombine.EnableBokehSettings:0    ; no bokeh simulation on slight out of focus]]
[2020.03.06-23.05.18:906][  0]LogConfig: Setting CVar [[r.DOF.TemporalAAQuality:1                ; more stable temporal accumulation]]
[2020.03.06-23.05.18:906][  0]LogConfig: Setting CVar [[r.DOF.Kernel.MaxForegroundRadius:0.025]]
[2020.03.06-23.05.18:906][  0]LogConfig: Setting CVar [[r.DOF.Kernel.MaxBackgroundRadius:0.025]]
[2020.03.06-23.05.18:906][  0]LogConfig: Applying CVar settings from Section [TextureQuality@3] File [C:/Users/Seato/AppData/Local/gitkraken/app-6.5.3/MaMiSeShFay11820/Saved/Config/Windows/Scalability.ini]
[2020.03.06-23.05.18:906][  0]LogConfig: Setting CVar [[r.Streaming.MipBias:0]]
[2020.03.06-23.05.18:906][  0]LogConfig: Setting CVar [[r.Streaming.AmortizeCPUToGPUCopy:0]]
[2020.03.06-23.05.18:906][  0]LogConfig: Setting CVar [[r.Streaming.MaxNumTexturesToStreamPerFrame:0]]
[2020.03.06-23.05.18:906][  0]LogConfig: Setting CVar [[r.Streaming.Boost:1]]
[2020.03.06-23.05.18:906][  0]LogConfig: Setting CVar [[r.MaxAnisotropy:8]]
[2020.03.06-23.05.18:906][  0]LogConfig: Setting CVar [[r.Streaming.LimitPoolSizeToVRAM:0]]
[2020.03.06-23.05.18:906][  0]LogConfig: Setting CVar [[r.Streaming.PoolSize:1000]]
[2020.03.06-23.05.18:906][  0]LogConfig: Setting CVar [[r.Streaming.MaxEffectiveScreenSize:0]]
[2020.03.06-23.05.18:906][  0]LogConfig: Applying CVar settings from Section [EffectsQuality@3] File [C:/Users/Seato/AppData/Local/gitkraken/app-6.5.3/MaMiSeShFay11820/Saved/Config/Windows/Scalability.ini]
[2020.03.06-23.05.18:906][  0]LogConfig: Setting CVar [[r.TranslucencyLightingVolumeDim:64]]
[2020.03.06-23.05.18:906][  0]LogConfig: Setting CVar [[r.RefractionQuality:2]]
[2020.03.06-23.05.18:907][  0]LogConfig: Setting CVar [[r.SSR.Quality:3]]
[2020.03.06-23.05.18:907][  0]LogConfig: Setting CVar [[r.SceneColorFormat:4]]
[2020.03.06-23.05.18:907][  0]LogConfig: Setting CVar [[r.DetailMode:2]]
[2020.03.06-23.05.18:907][  0]LogConfig: Setting CVar [[r.TranslucencyVolumeBlur:1]]
[2020.03.06-23.05.18:907][  0]LogConfig: Setting CVar [[r.MaterialQualityLevel:1 ; High quality]]
[2020.03.06-23.05.18:907][  0]LogConfig: Setting CVar [[r.SSS.Scale:1]]
[2020.03.06-23.05.18:907][  0]LogConfig: Setting CVar [[r.SSS.SampleSet:2]]
[2020.03.06-23.05.18:907][  0]LogConfig: Setting CVar [[r.SSS.Quality:1]]
[2020.03.06-23.05.18:907][  0]LogConfig: Setting CVar [[r.SSS.HalfRes:1]]
[2020.03.06-23.05.18:907][  0]LogConfig: Setting CVar [[r.EmitterSpawnRateScale:1.0]]
[2020.03.06-23.05.18:907][  0]LogConfig: Setting CVar [[r.ParticleLightQuality:2]]
[2020.03.06-23.05.18:907][  0]LogConfig: Applying CVar settings from Section [FoliageQuality@3] File [C:/Users/Seato/AppData/Local/gitkraken/app-6.5.3/MaMiSeShFay11820/Saved/Config/Windows/Scalability.ini]
[2020.03.06-23.05.18:907][  0]LogConfig: Setting CVar [[foliage.DensityScale:1.0]]
[2020.03.06-23.05.18:907][  0]LogConfig: Setting CVar [[grass.DensityScale:1.0]]
[2020.03.06-23.05.18:907][  0]LogConfig: Applying CVar settings from Section [Startup] File [../../../Engine/Config/ConsoleVariables.ini]
[2020.03.06-23.05.18:908][  0]LogConfig: Setting CVar [[net.UseAdaptiveNetUpdateFrequency:0]]
[2020.03.06-23.05.18:908][  0]LogConfig: Setting CVar [[p.chaos.AllowCreatePhysxBodies:1]]
[2020.03.06-23.05.18:908][  0]LogConfig: Applying CVar settings from Section [ConsoleVariables] File [C:/Users/Seato/AppData/Local/gitkraken/app-6.5.3/MaMiSeShFay11820/Saved/Config/Windows/Engine.ini]
[2020.03.06-23.05.18:908][  0]LogInit: Computer: DESKTOP-8LB6TA0
[2020.03.06-23.05.18:908][  0]LogInit: User: Seato
[2020.03.06-23.05.18:908][  0]LogInit: CPU Page size=4096, Cores=4
[2020.03.06-23.05.18:908][  0]LogInit: High frequency timer resolution =10.000000 MHz
[2020.03.06-23.05.18:909][  0]LogMemory: Memory total: Physical=15.9GB (16GB approx)
[2020.03.06-23.05.18:909][  0]LogMemory: Platform Memory Stats for Windows
[2020.03.06-23.05.18:909][  0]LogMemory: Process Physical Memory: 101.12 MB used, 101.13 MB peak
[2020.03.06-23.05.18:909][  0]LogMemory: Process Virtual Memory: 100.66 MB used, 100.66 MB peak
[2020.03.06-23.05.18:909][  0]LogMemory: Physical Memory: 9493.05 MB used,  6767.65 MB free, 16260.70 MB total
[2020.03.06-23.05.18:909][  0]LogMemory: Virtual Memory: 4668.31 MB used,  134213056.00 MB free, 134217728.00 MB total
[2020.03.06-23.05.18:923][  0]LogWindows: WindowsPlatformFeatures enabled
[2020.03.06-23.05.19:018][  0]LogInit: Using OS detected language (en-US).
[2020.03.06-23.05.19:018][  0]LogInit: Using OS detected locale (en-US).
[2020.03.06-23.05.19:019][  0]LogTextLocalizationManager: No specific localization for 'en-US' exists, so the 'en' localization will be used.
[2020.03.06-23.05.19:665][  0]LogSlate: New Slate User Created.  User Index 0, Is Virtual User: 0
[2020.03.06-23.05.19:665][  0]LogSlate: Slate User Registered.  User Index 0, Is Virtual User: 0
[2020.03.06-23.05.19:800][  0]LogHMD: Failed to initialize OpenVR with code 110
[2020.03.06-23.05.19:800][  0]LogD3D11RHI: D3D11 adapters:
[2020.03.06-23.05.19:973][  0]LogD3D11RHI:    0. 'NVIDIA GeForce GTX 1060' (Feature Level 11_0)
[2020.03.06-23.05.19:973][  0]LogD3D11RHI:       6052/0/8130 MB DedicatedVideo/DedicatedSystem/SharedSystem, Outputs:1, VendorId:0x10de
[2020.03.06-23.05.19:999][  0]LogD3D11RHI:    1. 'Intel(R) HD Graphics 530' (Feature Level 11_0)
[2020.03.06-23.05.19:999][  0]LogD3D11RHI:       128/0/8130 MB DedicatedVideo/DedicatedSystem/SharedSystem, Outputs:0, VendorId:0x8086
[2020.03.06-23.05.20:006][  0]LogD3D11RHI:    2. 'Microsoft Basic Render Driver' (Feature Level 11_0)
[2020.03.06-23.05.20:006][  0]LogD3D11RHI:       0/0/8130 MB DedicatedVideo/DedicatedSystem/SharedSystem, Outputs:0, VendorId:0x1414
[2020.03.06-23.05.20:006][  0]LogD3D11RHI: Chosen D3D11 Adapter: 0
[2020.03.06-23.05.20:127][  0]LogD3D11RHI: Creating new Direct3DDevice
[2020.03.06-23.05.20:127][  0]LogD3D11RHI:     GPU DeviceId: 0x1c20 (for the marketing name, search the web for "GPU Device Id")
[2020.03.06-23.05.20:127][  0]LogWindows: EnumDisplayDevices:
[2020.03.06-23.05.20:128][  0]LogWindows:    0. 'Intel(R) HD Graphics 530' (P:1 D:1)
[2020.03.06-23.05.20:129][  0]LogWindows:    1. 'Intel(R) HD Graphics 530' (P:0 D:0)
[2020.03.06-23.05.20:130][  0]LogWindows:    2. 'Intel(R) HD Graphics 530' (P:0 D:0)
[2020.03.06-23.05.20:131][  0]LogWindows:    3. 'NVIDIA GeForce GTX 1060' (P:0 D:0)
[2020.03.06-23.05.20:131][  0]LogWindows:    4. 'NVIDIA GeForce GTX 1060' (P:0 D:0)
[2020.03.06-23.05.20:132][  0]LogWindows:    5. 'NVIDIA GeForce GTX 1060' (P:0 D:0)
[2020.03.06-23.05.20:133][  0]LogWindows:    6. 'NVIDIA GeForce GTX 1060' (P:0 D:0)
[2020.03.06-23.05.20:133][  0]LogWindows: DebugString: PrimaryIsNotTheChoosenAdapter PrimaryIsNotTheChoosenAdapter PrimaryIsNotTheChoosenAdapter FoundDriverCount:4 
[2020.03.06-23.05.20:134][  0]LogD3D11RHI:     Adapter Name: NVIDIA GeForce GTX 1060
[2020.03.06-23.05.20:134][  0]LogD3D11RHI:   Driver Version: 399.01 (internal:24.21.13.9901, unified:399.01)
[2020.03.06-23.05.20:134][  0]LogD3D11RHI:      Driver Date: 8-13-2018
[2020.03.06-23.05.20:134][  0]LogRHI: Texture pool is 4236 MB (70% of 6052 MB)
[2020.03.06-23.05.20:257][  0]LogD3D11RHI: Async texture creation enabled
[2020.03.06-23.05.20:287][  0]LogD3D11RHI: GPU Timing Frequency: 1000.000000 (Debug: 2 2)
[2020.03.06-23.05.21:224][  0]LogTemp: Display: Module 'WindowsClientTargetPlatform' loaded TargetPlatform 'WindowsClient'
[2020.03.06-23.05.21:251][  0]LogTemp: Display: Module 'WindowsNoEditorTargetPlatform' loaded TargetPlatform 'WindowsNoEditor'
[2020.03.06-23.05.21:281][  0]LogTemp: Display: Module 'WindowsServerTargetPlatform' loaded TargetPlatform 'WindowsServer'
[2020.03.06-23.05.21:296][  0]LogTemp: Display: Module 'WindowsTargetPlatform' loaded TargetPlatform 'Windows'
[2020.03.06-23.05.21:296][  0]LogTargetPlatformManager: Display: Building Assets For Windows
[2020.03.06-23.05.21:327][  0]LogAudioDebug: Display: Lib vorbis DLL was dynamically loaded.
[2020.03.06-23.05.21:507][  0]LogShaderCompilers: Guid format shader working directory is -34 characters bigger than the processId version (../../../../../../Users/Seato/AppData/Local/gitkraken/app-6.5.3/MaMiSeShFay11820/Intermediate/Shaders/WorkingDirectory/1328/).
[2020.03.06-23.05.21:507][  0]LogShaderCompilers: Cleaned the shader compiler working directory 'C:/Users/Seato/AppData/Local/Temp/UnrealShaderWorkingDir/E79A2AB749230B573DA69C9797168BA2/'.
[2020.03.06-23.05.21:516][  0]LogXGEController: Cannot use XGE Controller as Incredibuild is not installed on this machine.
[2020.03.06-23.05.21:516][  0]LogShaderCompilers: Cannot use XGE Shader Compiler as Incredibuild is not installed on this machine.
[2020.03.06-23.05.21:516][  0]LogShaderCompilers: Display: Using Local Shader Compiler.
[2020.03.06-23.05.23:419][  0]LogDerivedDataCache: Display: Max Cache Size: 512 MB
[2020.03.06-23.05.23:543][  0]LogDerivedDataCache: Loaded boot cache 0.12s 73MB C:/Users/Seato/AppData/Local/UnrealEngine/4.23/DerivedDataCache/Boot.ddc.
[2020.03.06-23.05.23:543][  0]LogDerivedDataCache: Display: Loaded Boot cache: C:/Users/Seato/AppData/Local/UnrealEngine/4.23/DerivedDataCache/Boot.ddc
[2020.03.06-23.05.23:543][  0]LogDerivedDataCache: FDerivedDataBackendGraph:  Pak pak cache file ../../../../../../Users/Seato/AppData/Local/gitkraken/app-6.5.3/MaMiSeShFay11820/DerivedDataCache/DDC.ddp not found, will not use a pak cache.
[2020.03.06-23.05.23:543][  0]LogDerivedDataCache: Unable to find inner node Pak for hierarchical cache Hierarchy.
[2020.03.06-23.05.23:544][  0]LogDerivedDataCache: FDerivedDataBackendGraph:  CompressedPak pak cache file ../../../../../../Users/Seato/AppData/Local/gitkraken/app-6.5.3/MaMiSeShFay11820/DerivedDataCache/Compressed.ddp not found, will not use a pak cache.
[2020.03.06-23.05.23:544][  0]LogDerivedDataCache: Unable to find inner node CompressedPak for hierarchical cache Hierarchy.
[2020.03.06-23.05.23:578][  0]LogDerivedDataCache: Display: Pak cache opened for reading ../../../Engine/DerivedDataCache/Compressed.ddp.
[2020.03.06-23.05.23:578][  0]LogDerivedDataCache: FDerivedDataBackendGraph:  EnterprisePak pak cache file ../../../Enterprise/DerivedDataCache/Compressed.ddp not found, will not use a pak cache.
[2020.03.06-23.05.23:579][  0]LogDerivedDataCache: Unable to find inner node EnterprisePak for hierarchical cache Hierarchy.
[2020.03.06-23.05.23:582][  0]LogDerivedDataCache: Using Local data cache path C:/Users/Seato/AppData/Local/UnrealEngine/Common/DerivedDataCache: Writable
[2020.03.06-23.05.23:582][  0]LogDerivedDataCache: Shared data cache path not found in *engine.ini, will not use an Shared cache.
[2020.03.06-23.05.23:582][  0]LogDerivedDataCache: Unable to find inner node Shared for hierarchical cache Hierarchy.
[2020.03.06-23.05.23:648][  0]LogMaterial: Verifying Global Shaders for PCD3D_SM5
[2020.03.06-23.05.23:655][  0]LogSlate: Using FreeType 2.6.0
[2020.03.06-23.05.23:656][  0]LogSlate: SlateFontServices - WITH_FREETYPE: 1, WITH_HARFBUZZ: 1
[2020.03.06-23.05.24:035][  0]LogInit: Using OS detected language (en-US).
[2020.03.06-23.05.24:035][  0]LogInit: Using OS detected locale (en-US).
[2020.03.06-23.05.24:035][  0]LogTextLocalizationManager: No localization for 'en-US' exists, so 'en' will be used for the language.
[2020.03.06-23.05.24:035][  0]LogTextLocalizationManager: No localization for 'en-US' exists, so 'en' will be used for the locale.
[2020.03.06-23.05.24:035][  0]LogSlate: FontCache flush requested. Reason: Culture for localization was changed
[2020.03.06-23.05.24:036][  0]LogSlate: FontCache flush requested. Reason: Culture for localization was changed
[2020.03.06-23.05.24:038][  0]LogTextLocalizationManager: Compacting localization data took   0.02ms
[2020.03.06-23.05.24:052][  0]LogAssetRegistry: FAssetRegistry took 0.0052 seconds to start up
[2020.03.06-23.05.24:652][  0]LogPackageLocalizationCache: Processed 12 localized package path(s) for 1 prioritized culture(s) in 0.001533 seconds
[2020.03.06-23.05.24:845][  0]LogInit: Selected Device Profile: [Windows]
[2020.03.06-23.05.25:269][  0]LogMeshReduction: Using QuadricMeshReduction for automatic static mesh reduction
[2020.03.06-23.05.25:269][  0]LogMeshReduction: Using SimplygonMeshReduction for automatic skeletal mesh reduction
[2020.03.06-23.05.25:269][  0]LogMeshReduction: Using ProxyLODMeshReduction for automatic mesh merging
[2020.03.06-23.05.25:269][  0]LogMeshReduction: No distributed automatic mesh merging module available
[2020.03.06-23.05.25:269][  0]LogMeshMerging: No distributed automatic mesh merging module available
[2020.03.06-23.05.25:292][  0]LogNetVersion: MyProject3 1.0.0, NetCL: 8386587, EngineNetVer: 11, GameNetVer: 0 (Checksum: 3053665297)
[2020.03.06-23.05.26:913][  0]LogMoviePlayer: Initializing movie player
[2020.03.06-23.05.27:096][  0]LogTcpMessaging: Initializing TcpMessaging bridge
[2020.03.06-23.05.27:101][  0]LogUdpMessaging: Initializing bridge on interface 0.0.0.0:0 to multicast group 230.0.0.1:6666.
[2020.03.06-23.05.27:203][  0]SourceControl: Source control is disabled
[2020.03.06-23.05.27:203][  0]SourceControl: Source control is disabled
[2020.03.06-23.05.27:206][  0]SourceControl: Source control is disabled
[2020.03.06-23.05.27:343][  0]LogAndroidPermission: UAndroidPermissionCallbackProxy::GetInstance
[2020.03.06-23.05.27:666][  0]LogOcInput: OculusInput pre-init called
[2020.03.06-23.05.27:688][  0]LogUObjectArray: 48898 objects as part of root set at end of initial load.
[2020.03.06-23.05.27:688][  0]LogUObjectAllocator: 8615448 out of 0 bytes used by permanent object pool.
[2020.03.06-23.05.27:688][  0]LogUObjectArray: CloseDisregardForGC: 0/0 objects in disregard for GC pool
[2020.03.06-23.05.27:858][  0]LogEngine: Initializing Engine...
[2020.03.06-23.05.27:860][  0]LogHMD: Failed to initialize OpenVR with code 110
[2020.03.06-23.05.27:864][  0]LogStats: UGameplayTagsManager::InitializeManager -  0.000 s
[2020.03.06-23.05.28:312][  0]LogInit: Initializing FReadOnlyCVARCache
[2020.03.06-23.05.28:354][  0]LogInit: XAudio2 using 'Speakers (Realtek High Definition Audio)' : 2 channels at 48 kHz using 32 bits per sample (channel mask 0x3)
[2020.03.06-23.05.28:604][  0]LogInit: FAudioDevice initialized.
[2020.03.06-23.05.28:606][  0]LogNetVersion: Set ProjectVersion to 1.0.0.0. Version Checksum will be recalculated on next use.
[2020.03.06-23.05.28:619][  0]LogInit: Texture streaming: Enabled
[2020.03.06-23.05.29:079][  0]LogSlate: Updating window title bar state: overlay mode, drag disabled, window buttons hidden, title bar hidden
[2020.03.06-23.05.29:080][  0]LogInit: Display: Game Engine Initialized.
[2020.03.06-23.05.29:230][  0]LogInit: Display: Starting Game.
[2020.03.06-23.05.29:230][  0]LogNet: Browse: /Game/VehicleAdvBP/Maps/PlayLevel?Name=Player
[2020.03.06-23.05.29:230][  0]LogLoad: LoadMap: /Game/VehicleAdvBP/Maps/PlayLevel?Name=Player
[2020.03.06-23.05.29:231][  0]LogWorld: BeginTearingDown for /Temp/Untitled_0
[2020.03.06-23.05.29:242][  0]LogWorld: UWorld::CleanupWorld for Untitled, bSessionEnded=true, bCleanupResources=true
[2020.03.06-23.05.29:312][  0]LogUObjectHash: Compacting FUObjectHashTables data took   4.45ms
[2020.03.06-23.05.30:514][  0]LogAIModule: Creating AISystem for world PlayLevel
[2020.03.06-23.05.30:522][  0]LogLoad: Game class is 'VehicleAdvGameMode_C'
[2020.03.06-23.05.30:559][  0]LogWorld: Bringing World /Game/VehicleAdvBP/Maps/PlayLevel.PlayLevel up for play (max tick rate 0) at 2020.03.06-18.05.30
[2020.03.06-23.05.30:561][  0]LogWorld: Bringing up level for play took: 0.028191
[2020.03.06-23.05.30:575][  0]LogLoad: Took 1.344373 seconds to LoadMap(/Game/VehicleAdvBP/Maps/PlayLevel)
[2020.03.06-23.05.30:644][  0]LogRenderer: Reallocating scene render targets to support 1280x720 Format 10 NumSamples 1 (Frame:1).
[2020.03.06-23.05.30:644][  0]LogLoad: (Engine Initialization) Total time: 16.55 seconds
[2020.03.06-23.05.30:644][  0]LogLoad: (Engine Initialization) Total Blueprint compile time: 0.00 seconds
[2020.03.06-23.05.30:720][  0]LogRawInputWindows: Warning: Found device 0 devices
[2020.03.06-23.05.30:720][  0]LogRawInputWindows: Warning: Found device 0 devices
[2020.03.06-23.05.30:721][  0]LogRawInputWindows: Warning: Device was registered succesfully but not connected (Usage:4 UsagePage:1)
[2020.03.06-23.05.30:721][  0]LogRawInputWindows: Warning: Found device 1 devices
[2020.03.06-23.05.30:721][  0]LogRawInputWindows: Warning: Device was registered succesfully but not connected (Usage:5 UsagePage:1)
[2020.03.06-23.05.30:729][  0]LogContentStreaming: Texture pool size now 1000 MB
[2020.03.06-23.05.30:741][  0]LogRenderer: Reallocating scene render targets to support 128x128 Format 10 NumSamples 1 (Frame:1).
[2020.03.06-23.05.30:827][  0]LogRenderer: Reallocating scene render targets to support 1280x720 Format 10 NumSamples 1 (Frame:2).
[2020.03.06-23.05.48:355][ 85]LogPlayerController: Error: InputMode:UIOnly - Attempting to focus Non-Focusable widget SObjectWidget [Widget.cpp(723)]!
[2020.03.06-23.05.50:048][190]LogSlate: FSceneViewport::OnFocusLost() reason 0
[2020.03.06-23.05.50:426][196]LogPackageName: SearchForPackageOnDisk took   0.281s to resolve MainMenu.umap.
[2020.03.06-23.05.50:708][196]LogPackageName: SearchForPackageOnDisk took   0.281s to resolve MainMenu.umap.
[2020.03.06-23.05.50:708][196]LogNet: Browse: /Game/Maps/MainMenu
[2020.03.06-23.05.50:708][196]LogLoad: LoadMap: /Game/Maps/MainMenu
[2020.03.06-23.05.50:708][196]LogWorld: BeginTearingDown for /Game/VehicleAdvBP/Maps/PlayLevel
[2020.03.06-23.05.50:710][196]LogWorld: UWorld::CleanupWorld for PlayLevel, bSessionEnded=true, bCleanupResources=true
[2020.03.06-23.05.50:808][196]LogUObjectHash: Compacting FUObjectHashTables data took   5.61ms
[2020.03.06-23.05.50:864][196]LogAIModule: Creating AISystem for world MainMenu
[2020.03.06-23.05.51:554][196]LogLoad: Game class is 'VehicleAdvGameMode_C'
[2020.03.06-23.05.51:563][196]LogWorld: Bringing World /Game/Maps/MainMenu.MainMenu up for play (max tick rate 0) at 2020.03.06-18.05.51
[2020.03.06-23.05.51:563][196]LogWorld: Bringing up level for play took: 0.001038
[2020.03.06-23.05.51:564][196]LogGameMode: FindPlayerStart: PATHS NOT DEFINED or NO PLAYERSTART with positive rating
[2020.03.06-23.05.51:575][196]LogLoad: Took 0.866607 seconds to LoadMap(/Game/Maps/MainMenu)
[2020.03.06-23.06.49:416][771]LogActor: Warning: VehicleBlueprint_C_0 is outside the world bounds!
