Log file open, 03/28/20 22:15:38
LogWindows: Failed to load 'aqProf.dll' (GetLastError=126)
LogWindows: File 'aqProf.dll' does not exist
LogWindows: Failed to load 'VtuneApi.dll' (GetLastError=126)
LogWindows: File 'VtuneApi.dll' does not exist
LogWindows: Failed to load 'VtuneApi32e.dll' (GetLastError=126)
LogWindows: File 'VtuneApi32e.dll' does not exist
LogConsoleResponse: Display: Failed to find resolution value strings in scalability ini. Falling back to default.
LogInit: Display: Running engine for game: MyProject3
LogPlatformFile: Not using cached read wrapper
LogTaskGraph: Started task graph with 5 named threads and 17 total threads with 3 sets of task threads.
LogStats: Stats thread started at 0.229442
LogD3D11RHI: Loaded GFSDK_Aftermath_Lib.x64.dll
LogICUInternationalization: ICU TimeZone Detection - Raw Offset: -5:00, Platform Override: ''
LogPluginManager: Mounting plugin Paper2D
LogPluginManager: Mounting plugin AISupport
LogPluginManager: Mounting plugin LightPropagationVolume
LogPluginManager: Mounting plugin ActorLayerUtilities
LogPluginManager: Mounting plugin AnimationSharing
LogPluginManager: Mounting plugin CLionSourceCodeAccess
LogPluginManager: Mounting plugin CodeLiteSourceCodeAccess
LogPluginManager: Mounting plugin GitSourceControl
LogPluginManager: Mounting plugin KDevelopSourceCodeAccess
LogPluginManager: Mounting plugin NullSourceCodeAccess
LogPluginManager: Mounting plugin PerforceSourceControl
LogPluginManager: Mounting plugin PlasticSourceControl
LogPluginManager: Mounting plugin SubversionSourceControl
LogPluginManager: Mounting plugin UObjectPlugin
LogPluginManager: Mounting plugin VisualStudioCodeSourceCodeAccess
LogPluginManager: Mounting plugin VisualStudioSourceCodeAccess
LogPluginManager: Mounting plugin XCodeSourceCodeAccess
LogPluginManager: Mounting plugin AssetManagerEditor
LogPluginManager: Mounting plugin CryptoKeys
LogPluginManager: Mounting plugin CurveEditorTools
LogPluginManager: Mounting plugin DataValidation
LogPluginManager: Mounting plugin FacialAnimation
LogPluginManager: Mounting plugin GameplayTagsEditor
LogPluginManager: Mounting plugin MacGraphicsSwitching
LogPluginManager: Mounting plugin MaterialAnalyzer
LogPluginManager: Mounting plugin MobileLauncherProfileWizard
LogPluginManager: Mounting plugin PluginBrowser
LogPluginManager: Mounting plugin SpeedTreeImporter
LogPluginManager: Mounting plugin DatasmithContent
LogPluginManager: Mounting plugin VariantManagerContent
LogPluginManager: Mounting plugin AlembicImporter
LogPluginManager: Mounting plugin AutomationUtils
LogPluginManager: Mounting plugin BackChannel
LogPluginManager: Mounting plugin CharacterAI
LogPluginManager: Mounting plugin GeometryCache
LogPluginManager: Mounting plugin PlatformCrypto
LogPluginManager: Mounting plugin ProxyLODPlugin
LogPluginManager: Mounting plugin RawInput
LogPluginManager: Mounting plugin SkeletalReduction
LogPluginManager: Mounting plugin MagicLeap
LogPluginManager: Mounting plugin MagicLeapMedia
LogPluginManager: Mounting plugin MLSDK
LogPluginManager: Mounting plugin AndroidMedia
LogPluginManager: Mounting plugin AvfMedia
LogPluginManager: Mounting plugin ImgMedia
LogPluginManager: Mounting plugin MediaCompositing
LogPluginManager: Mounting plugin MediaPlayerEditor
LogPluginManager: Mounting plugin WebMMedia
LogPluginManager: Mounting plugin WmfMedia
LogPluginManager: Mounting plugin TcpMessaging
LogPluginManager: Mounting plugin UdpMessaging
LogPluginManager: Mounting plugin ActorSequence
LogPluginManager: Mounting plugin LevelSequenceEditor
LogPluginManager: Mounting plugin MatineeToLevelSequence
LogPluginManager: Mounting plugin NetcodeUnitTest
LogPluginManager: Mounting plugin NUTUnrealEngine4
LogPluginManager: Mounting plugin OnlineSubsystemGooglePlay
LogPluginManager: Mounting plugin OnlineSubsystemIOS
LogPluginManager: Mounting plugin OnlineSubsystem
LogPluginManager: Mounting plugin OnlineSubsystemNull
LogPluginManager: Mounting plugin OnlineSubsystemUtils
LogPluginManager: Mounting plugin LauncherChunkInstaller
LogPluginManager: Mounting plugin AndroidDeviceProfileSelector
LogPluginManager: Mounting plugin AndroidMoviePlayer
LogPluginManager: Mounting plugin AndroidPermission
LogPluginManager: Mounting plugin AppleImageUtils
LogPluginManager: Mounting plugin AppleMoviePlayer
LogPluginManager: Mounting plugin ArchVisCharacter
LogPluginManager: Mounting plugin AssetTags
LogPluginManager: Mounting plugin AudioCapture
LogPluginManager: Mounting plugin CableComponent
LogPluginManager: Mounting plugin CustomMeshComponent
LogPluginManager: Mounting plugin EditableMesh
LogPluginManager: Mounting plugin ExampleDeviceProfileSelector
LogPluginManager: Mounting plugin GoogleCloudMessaging
LogPluginManager: Mounting plugin IOSDeviceProfileSelector
LogPluginManager: Mounting plugin LinuxDeviceProfileSelector
LogPluginManager: Mounting plugin LocationServicesBPLibrary
LogPluginManager: Mounting plugin MobilePatchingUtils
LogPluginManager: Mounting plugin OculusVR
LogPluginManager: Mounting plugin PhysXVehicles
LogPluginManager: Mounting plugin PostSplashScreen
LogPluginManager: Mounting plugin ProceduralMeshComponent
LogPluginManager: Mounting plugin RuntimePhysXCooking
LogPluginManager: Mounting plugin SignificanceManager
LogPluginManager: Mounting plugin SteamVR
LogPluginManager: Mounting plugin WebMMoviePlayer
LogPluginManager: Mounting plugin WindowsMoviePlayer
LogPluginManager: Mounting plugin ScreenshotTools
LogInit: Using libcurl 7.55.1-DEV
LogInit:  - built for x86_64-pc-win32
LogInit:  - supports SSL with OpenSSL/1.1.1
LogInit:  - supports HTTP deflate (compression) using libz 1.2.8
LogInit:  - other features:
LogInit:      CURL_VERSION_SSL
LogInit:      CURL_VERSION_LIBZ
LogInit:      CURL_VERSION_IPV6
LogInit:      CURL_VERSION_ASYNCHDNS
LogInit:      CURL_VERSION_LARGEFILE
LogInit:      CURL_VERSION_IDN
LogInit:  CurlRequestOptions (configurable via config and command line):
LogInit:  - bVerifyPeer = true  - Libcurl will verify peer certificate
LogInit:  - bUseHttpProxy = false  - Libcurl will NOT use HTTP proxy
LogInit:  - bDontReuseConnections = false  - Libcurl will reuse connections
LogInit:  - MaxHostConnections = 16  - Libcurl will limit the number of connections to a host
LogInit:  - LocalHostAddr = Default
LogInit:  - BufferSize = 65536
LogOnline: OSS: Creating online subsystem instance for: NULL
LogInit: WinSock: version 1.1 (2.2), MaxSocks=32767, MaxUdp=65467
LogOnline: OSS: TryLoadSubsystemAndSetDefault: Loaded subsystem for module [NULL]
LogInit: Build: ++UE4+Release-4.24-CL-10757647
LogInit: Engine Version: 4.24.1-10757647+++UE4+Release-4.24
LogInit: Compatible Engine Version: 4.24.0-10570792+++UE4+Release-4.24
LogInit: Net CL: 10570792
LogInit: OS: Windows 10 (Release 1903) (), CPU: AMD FX(tm)-6300 Six-Core Processor             , GPU: NVIDIA GeForce GTX 1060 3GB
LogInit: Compiled (64-bit): Dec 17 2019 02:08:03
LogInit: Compiled with Visual C++: 19.16.27032.01
LogInit: Build Configuration: Development
LogInit: Branch Name: ++UE4+Release-4.24
LogInit: Command Line:  /Game/Maps/MainMenu -game -PIEVIACONSOLE -ResX=1280 -ResY=720 -Multiprocess -messaging -SessionName="Play in Standalone Game" -windowed
LogInit: Base Directory: C:/Program Files/Epic Games/UE_4.24/Engine/Binaries/Win64/
LogInit: Installed Engine Build: 1
LogDevObjectVersion: Number of dev versions registered: 25
LogDevObjectVersion:   Dev-Blueprints (B0D832E4-1F89-4F0D-ACCF-7EB736FD4AA2): 10
LogDevObjectVersion:   Dev-Build (E1C64328-A22C-4D53-A36C-8E866417BD8C): 0
LogDevObjectVersion:   Dev-Core (375EC13C-06E4-48FB-B500-84F0262A717E): 3
LogDevObjectVersion:   Dev-Editor (E4B068ED-F494-42E9-A231-DA0B2E46BB41): 37
LogDevObjectVersion:   Dev-Framework (CFFC743F-43B0-4480-9391-14DF171D2073): 36
LogDevObjectVersion:   Dev-Mobile (B02B49B5-BB20-44E9-A304-32B752E40360): 2
LogDevObjectVersion:   Dev-Networking (A4E4105C-59A1-49B5-A7C5-40C4547EDFEE): 0
LogDevObjectVersion:   Dev-Online (39C831C9-5AE6-47DC-9A44-9C173E1C8E7C): 0
LogDevObjectVersion:   Dev-Physics (78F01B33-EBEA-4F98-B9B4-84EACCB95AA2): 2
LogDevObjectVersion:   Dev-Platform (6631380F-2D4D-43E0-8009-CF276956A95A): 0
LogDevObjectVersion:   Dev-Rendering (12F88B9F-8875-4AFC-A67C-D90C383ABD29): 36
LogDevObjectVersion:   Dev-Sequencer (7B5AE74C-D270-4C10-A958-57980B212A5A): 11
LogDevObjectVersion:   Dev-VR (D7296918-1DD6-4BDD-9DE2-64A83CC13884): 2
LogDevObjectVersion:   Dev-LoadTimes (C2A15278-BFE7-4AFE-6C17-90FF531DF755): 1
LogDevObjectVersion:   Private-Geometry (6EACA3D4-40EC-4CC1-B786-8BED09428FC5): 3
LogDevObjectVersion:   Dev-AnimPhys (29E575DD-E0A3-4627-9D10-D276232CDCEA): 17
LogDevObjectVersion:   Dev-Anim (AF43A65D-7FD3-4947-9873-3E8ED9C1BB05): 2
LogDevObjectVersion:   Dev-ReflectionCapture (6B266CEC-1EC7-4B8F-A30B-E4D90942FC07): 1
LogDevObjectVersion:   Dev-Automation (0DF73D61-A23F-47EA-B727-89E90C41499A): 1
LogDevObjectVersion:   FortniteMain (601D1886-AC64-4F84-AA16-D3DE0DEAC7D6): 31
LogDevObjectVersion:   Dev-Enterprise (9DFFBCD6-494F-0158-E221-12823C92A888): 8
LogDevObjectVersion:   Dev-Niagara (F2AED0AC-9AFE-416F-8664-AA7FFA26D6FC): 1
LogDevObjectVersion:   Dev-Destruction (174F1F0B-B4C6-45A5-B13F-2EE8D0FB917D): 9
LogDevObjectVersion:   Dev-Physics-Ext (35F94A83-E258-406C-A318-09F59610247C): 8
LogDevObjectVersion:   Dev-CineCamera (B2E18506-4273-CFC2-A54E-F4BB758BBA07): 1
LogInit: Presizing for max 25165824 objects, including 0 objects not considered by GC, pre-allocating 0 bytes for permanent pool.
LogInit: Object subsystem initialized
LogConfig: Setting CVar [[con.DebugEarlyDefault:1]]
LogConfig: Setting CVar [[r.setres:1280x720]]
[2020.03.29-02.15.38:975][  0]LogConfig: Setting CVar [[con.DebugEarlyDefault:1]]
[2020.03.29-02.15.38:975][  0]LogConfig: Setting CVar [[r.setres:1280x720]]
[2020.03.29-02.15.38:975][  0]LogConfig: Applying CVar settings from Section [/Script/Engine.RendererSettings] File [C:/Users/woodv/Desktop/Repo/Destroy_Speed_Racer/Saved/Config/Windows/Engine.ini]
[2020.03.29-02.15.38:975][  0]LogConfig: Setting CVar [[r.GPUCrashDebugging:0]]
[2020.03.29-02.15.38:975][  0]LogConfig: Applying CVar settings from Section [/Script/Engine.RendererOverrideSettings] File [C:/Users/woodv/Desktop/Repo/Destroy_Speed_Racer/Saved/Config/Windows/Engine.ini]
[2020.03.29-02.15.38:976][  0]LogConfig: Applying CVar settings from Section [/Script/Engine.StreamingSettings] File [C:/Users/woodv/Desktop/Repo/Destroy_Speed_Racer/Saved/Config/Windows/Engine.ini]
[2020.03.29-02.15.38:976][  0]LogConfig: Setting CVar [[s.MinBulkDataSizeForAsyncLoading:131072]]
[2020.03.29-02.15.38:976][  0]LogConfig: Setting CVar [[s.AsyncLoadingThreadEnabled:0]]
[2020.03.29-02.15.38:976][  0]LogConfig: Setting CVar [[s.EventDrivenLoaderEnabled:1]]
[2020.03.29-02.15.38:976][  0]LogConfig: Setting CVar [[s.WarnIfTimeLimitExceeded:0]]
[2020.03.29-02.15.38:976][  0]LogConfig: Setting CVar [[s.TimeLimitExceededMultiplier:1.5]]
[2020.03.29-02.15.38:976][  0]LogConfig: Setting CVar [[s.TimeLimitExceededMinTime:0.005]]
[2020.03.29-02.15.38:976][  0]LogConfig: Setting CVar [[s.UseBackgroundLevelStreaming:1]]
[2020.03.29-02.15.38:976][  0]LogConfig: Setting CVar [[s.PriorityAsyncLoadingExtraTime:15.0]]
[2020.03.29-02.15.38:976][  0]LogConfig: Setting CVar [[s.LevelStreamingActorsUpdateTimeLimit:5.0]]
[2020.03.29-02.15.38:976][  0]LogConfig: Setting CVar [[s.PriorityLevelStreamingActorsUpdateExtraTime:5.0]]
[2020.03.29-02.15.38:976][  0]LogConfig: Setting CVar [[s.LevelStreamingComponentsRegistrationGranularity:10]]
[2020.03.29-02.15.38:976][  0]LogConfig: Setting CVar [[s.UnregisterComponentsTimeLimit:1.0]]
[2020.03.29-02.15.38:976][  0]LogConfig: Setting CVar [[s.LevelStreamingComponentsUnregistrationGranularity:5]]
[2020.03.29-02.15.38:976][  0]LogConfig: Setting CVar [[s.FlushStreamingOnExit:1]]
[2020.03.29-02.15.38:976][  0]LogConfig: Applying CVar settings from Section [/Script/Engine.GarbageCollectionSettings] File [C:/Users/woodv/Desktop/Repo/Destroy_Speed_Racer/Saved/Config/Windows/Engine.ini]
[2020.03.29-02.15.38:976][  0]LogConfig: Setting CVar [[gc.MaxObjectsNotConsideredByGC:1]]
[2020.03.29-02.15.38:976][  0]LogConfig: Setting CVar [[gc.SizeOfPermanentObjectPool:0]]
[2020.03.29-02.15.38:976][  0]LogConfig: Setting CVar [[gc.FlushStreamingOnGC:0]]
[2020.03.29-02.15.38:976][  0]LogConfig: Setting CVar [[gc.NumRetriesBeforeForcingGC:10]]
[2020.03.29-02.15.38:976][  0]LogConfig: Setting CVar [[gc.AllowParallelGC:1]]
[2020.03.29-02.15.38:976][  0]LogConfig: Setting CVar [[gc.TimeBetweenPurgingPendingKillObjects:61.1]]
[2020.03.29-02.15.38:976][  0]LogConfig: Setting CVar [[gc.MaxObjectsInEditor:25165824]]
[2020.03.29-02.15.38:976][  0]LogConfig: Setting CVar [[gc.IncrementalBeginDestroyEnabled:1]]
[2020.03.29-02.15.38:976][  0]LogConfig: Setting CVar [[gc.CreateGCClusters:1]]
[2020.03.29-02.15.38:976][  0]LogConfig: Setting CVar [[gc.MinGCClusterSize:5]]
[2020.03.29-02.15.38:976][  0]LogConfig: Setting CVar [[gc.ActorClusteringEnabled:0]]
[2020.03.29-02.15.38:976][  0]LogConfig: Setting CVar [[gc.BlueprintClusteringEnabled:0]]
[2020.03.29-02.15.38:976][  0]LogConfig: Setting CVar [[gc.UseDisregardForGCOnDedicatedServers:0]]
[2020.03.29-02.15.38:976][  0]LogConfig: Applying CVar settings from Section [/Script/Engine.NetworkSettings] File [C:/Users/woodv/Desktop/Repo/Destroy_Speed_Racer/Saved/Config/Windows/Engine.ini]
[2020.03.29-02.15.38:976][  0]LogConfig: Applying CVar settings from Section [/Script/UnrealEd.CookerSettings] File [C:/Users/woodv/Desktop/Repo/Destroy_Speed_Racer/Saved/Config/Windows/Engine.ini]
[2020.03.29-02.15.38:997][  0]LogConfig: Applying CVar settings from Section [ViewDistanceQuality@3] File [C:/Users/woodv/Desktop/Repo/Destroy_Speed_Racer/Saved/Config/Windows/Scalability.ini]
[2020.03.29-02.15.38:997][  0]LogConfig: Setting CVar [[r.SkeletalMeshLODBias:0]]
[2020.03.29-02.15.38:997][  0]LogConfig: Setting CVar [[r.ViewDistanceScale:1.0]]
[2020.03.29-02.15.38:997][  0]LogConfig: Applying CVar settings from Section [AntiAliasingQuality@3] File [C:/Users/woodv/Desktop/Repo/Destroy_Speed_Racer/Saved/Config/Windows/Scalability.ini]
[2020.03.29-02.15.38:997][  0]LogConfig: Setting CVar [[r.PostProcessAAQuality:4]]
[2020.03.29-02.15.38:997][  0]LogConfig: Applying CVar settings from Section [ShadowQuality@3] File [C:/Users/woodv/Desktop/Repo/Destroy_Speed_Racer/Saved/Config/Windows/Scalability.ini]
[2020.03.29-02.15.38:997][  0]LogConfig: Setting CVar [[r.LightFunctionQuality:1]]
[2020.03.29-02.15.38:997][  0]LogConfig: Setting CVar [[r.ShadowQuality:5]]
[2020.03.29-02.15.38:997][  0]LogConfig: Setting CVar [[r.Shadow.CSM.MaxCascades:10]]
[2020.03.29-02.15.38:997][  0]LogConfig: Setting CVar [[r.Shadow.MaxResolution:2048]]
[2020.03.29-02.15.38:997][  0]LogConfig: Setting CVar [[r.Shadow.MaxCSMResolution:2048]]
[2020.03.29-02.15.38:997][  0]LogConfig: Setting CVar [[r.Shadow.RadiusThreshold:0.01]]
[2020.03.29-02.15.38:997][  0]LogConfig: Setting CVar [[r.Shadow.DistanceScale:1.0]]
[2020.03.29-02.15.38:997][  0]LogConfig: Setting CVar [[r.Shadow.CSM.TransitionScale:1.0]]
[2020.03.29-02.15.38:997][  0]LogConfig: Setting CVar [[r.Shadow.PreShadowResolutionFactor:1.0]]
[2020.03.29-02.15.38:997][  0]LogConfig: Setting CVar [[r.DistanceFieldShadowing:1]]
[2020.03.29-02.15.38:997][  0]LogConfig: Setting CVar [[r.DistanceFieldAO:1]]
[2020.03.29-02.15.38:997][  0]LogConfig: Setting CVar [[r.AOQuality:2]]
[2020.03.29-02.15.38:997][  0]LogConfig: Setting CVar [[r.VolumetricFog:1]]
[2020.03.29-02.15.38:997][  0]LogConfig: Setting CVar [[r.VolumetricFog.GridPixelSize:8]]
[2020.03.29-02.15.38:997][  0]LogConfig: Setting CVar [[r.VolumetricFog.GridSizeZ:128]]
[2020.03.29-02.15.38:997][  0]LogConfig: Setting CVar [[r.VolumetricFog.HistoryMissSupersampleCount:4]]
[2020.03.29-02.15.38:998][  0]LogConfig: Setting CVar [[r.LightMaxDrawDistanceScale:1]]
[2020.03.29-02.15.38:998][  0]LogConfig: Setting CVar [[r.CapsuleShadows:1]]
[2020.03.29-02.15.38:998][  0]LogConfig: Applying CVar settings from Section [PostProcessQuality@3] File [C:/Users/woodv/Desktop/Repo/Destroy_Speed_Racer/Saved/Config/Windows/Scalability.ini]
[2020.03.29-02.15.38:998][  0]LogConfig: Setting CVar [[r.MotionBlurQuality:4]]
[2020.03.29-02.15.38:998][  0]LogConfig: Setting CVar [[r.AmbientOcclusionMipLevelFactor:0.4]]
[2020.03.29-02.15.38:998][  0]LogConfig: Setting CVar [[r.AmbientOcclusionMaxQuality:100]]
[2020.03.29-02.15.38:998][  0]LogConfig: Setting CVar [[r.AmbientOcclusionLevels:-1]]
[2020.03.29-02.15.38:998][  0]LogConfig: Setting CVar [[r.AmbientOcclusionRadiusScale:1.0]]
[2020.03.29-02.15.38:998][  0]LogConfig: Setting CVar [[r.DepthOfFieldQuality:2]]
[2020.03.29-02.15.38:998][  0]LogConfig: Setting CVar [[r.RenderTargetPoolMin:400]]
[2020.03.29-02.15.38:998][  0]LogConfig: Setting CVar [[r.LensFlareQuality:2]]
[2020.03.29-02.15.38:998][  0]LogConfig: Setting CVar [[r.SceneColorFringeQuality:1]]
[2020.03.29-02.15.38:998][  0]LogConfig: Setting CVar [[r.EyeAdaptationQuality:2]]
[2020.03.29-02.15.38:998][  0]LogConfig: Setting CVar [[r.BloomQuality:5]]
[2020.03.29-02.15.38:998][  0]LogConfig: Setting CVar [[r.FastBlurThreshold:100]]
[2020.03.29-02.15.38:998][  0]LogConfig: Setting CVar [[r.Upscale.Quality:3]]
[2020.03.29-02.15.38:998][  0]LogConfig: Setting CVar [[r.Tonemapper.GrainQuantization:1]]
[2020.03.29-02.15.38:998][  0]LogConfig: Setting CVar [[r.LightShaftQuality:1]]
[2020.03.29-02.15.38:998][  0]LogConfig: Setting CVar [[r.Filter.SizeScale:1]]
[2020.03.29-02.15.38:998][  0]LogConfig: Setting CVar [[r.Tonemapper.Quality:5]]
[2020.03.29-02.15.38:998][  0]LogConfig: Setting CVar [[r.DOF.Gather.AccumulatorQuality:1        ; higher gathering accumulator quality]]
[2020.03.29-02.15.38:998][  0]LogConfig: Setting CVar [[r.DOF.Gather.PostfilterMethod:1          ; Median3x3 postfilering method]]
[2020.03.29-02.15.38:998][  0]LogConfig: Setting CVar [[r.DOF.Gather.EnableBokehSettings:0       ; no bokeh simulation when gathering]]
[2020.03.29-02.15.38:998][  0]LogConfig: Setting CVar [[r.DOF.Gather.RingCount:4                 ; medium number of samples when gathering]]
[2020.03.29-02.15.38:998][  0]LogConfig: Setting CVar [[r.DOF.Scatter.ForegroundCompositing:1    ; additive foreground scattering]]
[2020.03.29-02.15.38:999][  0]LogConfig: Setting CVar [[r.DOF.Scatter.BackgroundCompositing:2    ; additive background scattering]]
[2020.03.29-02.15.38:999][  0]LogConfig: Setting CVar [[r.DOF.Scatter.EnableBokehSettings:1      ; bokeh simulation when scattering]]
[2020.03.29-02.15.38:999][  0]LogConfig: Setting CVar [[r.DOF.Scatter.MaxSpriteRatio:0.1         ; only a maximum of 10% of scattered bokeh]]
[2020.03.29-02.15.38:999][  0]LogConfig: Setting CVar [[r.DOF.Recombine.Quality:1                ; cheap slight out of focus]]
[2020.03.29-02.15.38:999][  0]LogConfig: Setting CVar [[r.DOF.Recombine.EnableBokehSettings:0    ; no bokeh simulation on slight out of focus]]
[2020.03.29-02.15.38:999][  0]LogConfig: Setting CVar [[r.DOF.TemporalAAQuality:1                ; more stable temporal accumulation]]
[2020.03.29-02.15.38:999][  0]LogConfig: Setting CVar [[r.DOF.Kernel.MaxForegroundRadius:0.025]]
[2020.03.29-02.15.38:999][  0]LogConfig: Setting CVar [[r.DOF.Kernel.MaxBackgroundRadius:0.025]]
[2020.03.29-02.15.38:999][  0]LogConfig: Applying CVar settings from Section [TextureQuality@3] File [C:/Users/woodv/Desktop/Repo/Destroy_Speed_Racer/Saved/Config/Windows/Scalability.ini]
[2020.03.29-02.15.38:999][  0]LogConfig: Setting CVar [[r.Streaming.MipBias:0]]
[2020.03.29-02.15.38:999][  0]LogConfig: Setting CVar [[r.Streaming.AmortizeCPUToGPUCopy:0]]
[2020.03.29-02.15.38:999][  0]LogConfig: Setting CVar [[r.Streaming.MaxNumTexturesToStreamPerFrame:0]]
[2020.03.29-02.15.38:999][  0]LogConfig: Setting CVar [[r.Streaming.Boost:1]]
[2020.03.29-02.15.38:999][  0]LogConfig: Setting CVar [[r.MaxAnisotropy:8]]
[2020.03.29-02.15.38:999][  0]LogConfig: Setting CVar [[r.VT.MaxAnisotropy:8]]
[2020.03.29-02.15.38:999][  0]LogConfig: Setting CVar [[r.Streaming.LimitPoolSizeToVRAM:0]]
[2020.03.29-02.15.38:999][  0]LogConfig: Setting CVar [[r.Streaming.PoolSize:1000]]
[2020.03.29-02.15.38:999][  0]LogConfig: Setting CVar [[r.Streaming.MaxEffectiveScreenSize:0]]
[2020.03.29-02.15.38:999][  0]LogConfig: Applying CVar settings from Section [EffectsQuality@3] File [C:/Users/woodv/Desktop/Repo/Destroy_Speed_Racer/Saved/Config/Windows/Scalability.ini]
[2020.03.29-02.15.38:999][  0]LogConfig: Setting CVar [[r.TranslucencyLightingVolumeDim:64]]
[2020.03.29-02.15.38:999][  0]LogConfig: Setting CVar [[r.RefractionQuality:2]]
[2020.03.29-02.15.38:999][  0]LogConfig: Setting CVar [[r.SSR.Quality:3]]
[2020.03.29-02.15.38:999][  0]LogConfig: Setting CVar [[r.SSR.HalfResSceneColor:0]]
[2020.03.29-02.15.38:999][  0]LogConfig: Setting CVar [[r.SceneColorFormat:4]]
[2020.03.29-02.15.38:999][  0]LogConfig: Setting CVar [[r.DetailMode:2]]
[2020.03.29-02.15.38:999][  0]LogConfig: Setting CVar [[r.TranslucencyVolumeBlur:1]]
[2020.03.29-02.15.38:999][  0]LogConfig: Setting CVar [[r.MaterialQualityLevel:1 ; High quality]]
[2020.03.29-02.15.38:999][  0]LogConfig: Setting CVar [[r.SSS.Scale:1]]
[2020.03.29-02.15.38:999][  0]LogConfig: Setting CVar [[r.SSS.SampleSet:2]]
[2020.03.29-02.15.38:999][  0]LogConfig: Setting CVar [[r.SSS.Quality:1]]
[2020.03.29-02.15.38:999][  0]LogConfig: Setting CVar [[r.SSS.HalfRes:1]]
[2020.03.29-02.15.38:999][  0]LogConfig: Setting CVar [[r.SSGI.Quality:3]]
[2020.03.29-02.15.38:999][  0]LogConfig: Setting CVar [[r.EmitterSpawnRateScale:1.0]]
[2020.03.29-02.15.38:999][  0]LogConfig: Setting CVar [[r.ParticleLightQuality:2]]
[2020.03.29-02.15.39:000][  0]LogConfig: Setting CVar [[r.SkyAtmosphere.AerialPerspectiveLUT.FastApplyOnOpaque:1 ; Always have FastSkyLUT 1 in this case to avoid wrong sky]]
[2020.03.29-02.15.39:000][  0]LogConfig: Setting CVar [[r.SkyAtmosphere.AerialPerspectiveLUT.SampleCountPerSlice:1]]
[2020.03.29-02.15.39:000][  0]LogConfig: Setting CVar [[r.SkyAtmosphere.AerialPerspectiveLUT.DepthResolution:16.0]]
[2020.03.29-02.15.39:000][  0]LogConfig: Setting CVar [[r.SkyAtmosphere.FastSkyLUT:1]]
[2020.03.29-02.15.39:000][  0]LogConfig: Setting CVar [[r.SkyAtmosphere.FastSkyLUT.SampleCountMin:4.0]]
[2020.03.29-02.15.39:000][  0]LogConfig: Setting CVar [[r.SkyAtmosphere.FastSkyLUT.SampleCountMax:32.0]]
[2020.03.29-02.15.39:000][  0]LogConfig: Setting CVar [[r.SkyAtmosphere.SampleCountMin:4.0]]
[2020.03.29-02.15.39:000][  0]LogConfig: Setting CVar [[r.SkyAtmosphere.SampleCountMax:32.0]]
[2020.03.29-02.15.39:000][  0]LogConfig: Setting CVar [[r.SkyAtmosphere.TransmittanceLUT.UseSmallFormat:0]]
[2020.03.29-02.15.39:000][  0]LogConfig: Setting CVar [[r.SkyAtmosphere.TransmittanceLUT.SampleCount:10.0]]
[2020.03.29-02.15.39:000][  0]LogConfig: Setting CVar [[r.SkyAtmosphere.MultiScatteringLUT.SampleCount:15.0]]
[2020.03.29-02.15.39:000][  0]LogConfig: Applying CVar settings from Section [FoliageQuality@3] File [C:/Users/woodv/Desktop/Repo/Destroy_Speed_Racer/Saved/Config/Windows/Scalability.ini]
[2020.03.29-02.15.39:000][  0]LogConfig: Setting CVar [[foliage.DensityScale:1.0]]
[2020.03.29-02.15.39:000][  0]LogConfig: Setting CVar [[grass.DensityScale:1.0]]
[2020.03.29-02.15.39:000][  0]LogConfig: Applying CVar settings from Section [ShadingQuality@3] File [C:/Users/woodv/Desktop/Repo/Destroy_Speed_Racer/Saved/Config/Windows/Scalability.ini]
[2020.03.29-02.15.39:000][  0]LogConfig: Setting CVar [[r.HairStrands.SkyLighting.SampleCount:16]]
[2020.03.29-02.15.39:000][  0]LogConfig: Setting CVar [[r.HairStrands.SkyLighting.JitterIntegration:0]]
[2020.03.29-02.15.39:000][  0]LogConfig: Setting CVar [[r.HairStrands.SkyAO.SampleCount:16]]
[2020.03.29-02.15.39:000][  0]LogInit: Selected Device Profile: [Windows]
[2020.03.29-02.15.39:000][  0]LogInit: Applying CVar settings loaded from the selected device profile: [Windows]
[2020.03.29-02.15.39:006][  0]LogHAL: Display: Platform has ~ 16 GB [17123160064 / 17179869184 / 16], which maps to Larger [LargestMinGB=32, LargerMinGB=12, DefaultMinGB=8, SmallerMinGB=6, SmallestMinGB=0)
[2020.03.29-02.15.39:006][  0]LogInit: Going up to parent DeviceProfile []
[2020.03.29-02.15.39:006][  0]LogConfig: Applying CVar settings from Section [ViewDistanceQuality@3] File [C:/Users/woodv/Desktop/Repo/Destroy_Speed_Racer/Saved/Config/Windows/Scalability.ini]
[2020.03.29-02.15.39:006][  0]LogConfig: Setting CVar [[r.SkeletalMeshLODBias:0]]
[2020.03.29-02.15.39:006][  0]LogConfig: Setting CVar [[r.ViewDistanceScale:1.0]]
[2020.03.29-02.15.39:006][  0]LogConfig: Applying CVar settings from Section [AntiAliasingQuality@3] File [C:/Users/woodv/Desktop/Repo/Destroy_Speed_Racer/Saved/Config/Windows/Scalability.ini]
[2020.03.29-02.15.39:006][  0]LogConfig: Setting CVar [[r.PostProcessAAQuality:4]]
[2020.03.29-02.15.39:006][  0]LogConfig: Applying CVar settings from Section [ShadowQuality@3] File [C:/Users/woodv/Desktop/Repo/Destroy_Speed_Racer/Saved/Config/Windows/Scalability.ini]
[2020.03.29-02.15.39:006][  0]LogConfig: Setting CVar [[r.LightFunctionQuality:1]]
[2020.03.29-02.15.39:006][  0]LogConfig: Setting CVar [[r.ShadowQuality:5]]
[2020.03.29-02.15.39:006][  0]LogConfig: Setting CVar [[r.Shadow.CSM.MaxCascades:10]]
[2020.03.29-02.15.39:006][  0]LogConfig: Setting CVar [[r.Shadow.MaxResolution:2048]]
[2020.03.29-02.15.39:007][  0]LogConfig: Setting CVar [[r.Shadow.MaxCSMResolution:2048]]
[2020.03.29-02.15.39:007][  0]LogConfig: Setting CVar [[r.Shadow.RadiusThreshold:0.01]]
[2020.03.29-02.15.39:007][  0]LogConfig: Setting CVar [[r.Shadow.DistanceScale:1.0]]
[2020.03.29-02.15.39:007][  0]LogConfig: Setting CVar [[r.Shadow.CSM.TransitionScale:1.0]]
[2020.03.29-02.15.39:007][  0]LogConfig: Setting CVar [[r.Shadow.PreShadowResolutionFactor:1.0]]
[2020.03.29-02.15.39:007][  0]LogConfig: Setting CVar [[r.DistanceFieldShadowing:1]]
[2020.03.29-02.15.39:007][  0]LogConfig: Setting CVar [[r.DistanceFieldAO:1]]
[2020.03.29-02.15.39:007][  0]LogConfig: Setting CVar [[r.AOQuality:2]]
[2020.03.29-02.15.39:007][  0]LogConfig: Setting CVar [[r.VolumetricFog:1]]
[2020.03.29-02.15.39:007][  0]LogConfig: Setting CVar [[r.VolumetricFog.GridPixelSize:8]]
[2020.03.29-02.15.39:007][  0]LogConfig: Setting CVar [[r.VolumetricFog.GridSizeZ:128]]
[2020.03.29-02.15.39:007][  0]LogConfig: Setting CVar [[r.VolumetricFog.HistoryMissSupersampleCount:4]]
[2020.03.29-02.15.39:007][  0]LogConfig: Setting CVar [[r.LightMaxDrawDistanceScale:1]]
[2020.03.29-02.15.39:007][  0]LogConfig: Setting CVar [[r.CapsuleShadows:1]]
[2020.03.29-02.15.39:007][  0]LogConfig: Applying CVar settings from Section [PostProcessQuality@3] File [C:/Users/woodv/Desktop/Repo/Destroy_Speed_Racer/Saved/Config/Windows/Scalability.ini]
[2020.03.29-02.15.39:007][  0]LogConfig: Setting CVar [[r.MotionBlurQuality:4]]
[2020.03.29-02.15.39:007][  0]LogConfig: Setting CVar [[r.AmbientOcclusionMipLevelFactor:0.4]]
[2020.03.29-02.15.39:007][  0]LogConfig: Setting CVar [[r.AmbientOcclusionMaxQuality:100]]
[2020.03.29-02.15.39:007][  0]LogConfig: Setting CVar [[r.AmbientOcclusionLevels:-1]]
[2020.03.29-02.15.39:007][  0]LogConfig: Setting CVar [[r.AmbientOcclusionRadiusScale:1.0]]
[2020.03.29-02.15.39:007][  0]LogConfig: Setting CVar [[r.DepthOfFieldQuality:2]]
[2020.03.29-02.15.39:007][  0]LogConfig: Setting CVar [[r.RenderTargetPoolMin:400]]
[2020.03.29-02.15.39:007][  0]LogConfig: Setting CVar [[r.LensFlareQuality:2]]
[2020.03.29-02.15.39:007][  0]LogConfig: Setting CVar [[r.SceneColorFringeQuality:1]]
[2020.03.29-02.15.39:007][  0]LogConfig: Setting CVar [[r.EyeAdaptationQuality:2]]
[2020.03.29-02.15.39:007][  0]LogConfig: Setting CVar [[r.BloomQuality:5]]
[2020.03.29-02.15.39:007][  0]LogConfig: Setting CVar [[r.FastBlurThreshold:100]]
[2020.03.29-02.15.39:007][  0]LogConfig: Setting CVar [[r.Upscale.Quality:3]]
[2020.03.29-02.15.39:007][  0]LogConfig: Setting CVar [[r.Tonemapper.GrainQuantization:1]]
[2020.03.29-02.15.39:007][  0]LogConfig: Setting CVar [[r.LightShaftQuality:1]]
[2020.03.29-02.15.39:007][  0]LogConfig: Setting CVar [[r.Filter.SizeScale:1]]
[2020.03.29-02.15.39:007][  0]LogConfig: Setting CVar [[r.Tonemapper.Quality:5]]
[2020.03.29-02.15.39:007][  0]LogConfig: Setting CVar [[r.DOF.Gather.AccumulatorQuality:1        ; higher gathering accumulator quality]]
[2020.03.29-02.15.39:007][  0]LogConfig: Setting CVar [[r.DOF.Gather.PostfilterMethod:1          ; Median3x3 postfilering method]]
[2020.03.29-02.15.39:008][  0]LogConfig: Setting CVar [[r.DOF.Gather.EnableBokehSettings:0       ; no bokeh simulation when gathering]]
[2020.03.29-02.15.39:008][  0]LogConfig: Setting CVar [[r.DOF.Gather.RingCount:4                 ; medium number of samples when gathering]]
[2020.03.29-02.15.39:008][  0]LogConfig: Setting CVar [[r.DOF.Scatter.ForegroundCompositing:1    ; additive foreground scattering]]
[2020.03.29-02.15.39:008][  0]LogConfig: Setting CVar [[r.DOF.Scatter.BackgroundCompositing:2    ; additive background scattering]]
[2020.03.29-02.15.39:008][  0]LogConfig: Setting CVar [[r.DOF.Scatter.EnableBokehSettings:1      ; bokeh simulation when scattering]]
[2020.03.29-02.15.39:008][  0]LogConfig: Setting CVar [[r.DOF.Scatter.MaxSpriteRatio:0.1         ; only a maximum of 10% of scattered bokeh]]
[2020.03.29-02.15.39:008][  0]LogConfig: Setting CVar [[r.DOF.Recombine.Quality:1                ; cheap slight out of focus]]
[2020.03.29-02.15.39:008][  0]LogConfig: Setting CVar [[r.DOF.Recombine.EnableBokehSettings:0    ; no bokeh simulation on slight out of focus]]
[2020.03.29-02.15.39:008][  0]LogConfig: Setting CVar [[r.DOF.TemporalAAQuality:1                ; more stable temporal accumulation]]
[2020.03.29-02.15.39:008][  0]LogConfig: Setting CVar [[r.DOF.Kernel.MaxForegroundRadius:0.025]]
[2020.03.29-02.15.39:008][  0]LogConfig: Setting CVar [[r.DOF.Kernel.MaxBackgroundRadius:0.025]]
[2020.03.29-02.15.39:008][  0]LogConfig: Applying CVar settings from Section [TextureQuality@3] File [C:/Users/woodv/Desktop/Repo/Destroy_Speed_Racer/Saved/Config/Windows/Scalability.ini]
[2020.03.29-02.15.39:008][  0]LogConfig: Setting CVar [[r.Streaming.MipBias:0]]
[2020.03.29-02.15.39:008][  0]LogConfig: Setting CVar [[r.Streaming.AmortizeCPUToGPUCopy:0]]
[2020.03.29-02.15.39:008][  0]LogConfig: Setting CVar [[r.Streaming.MaxNumTexturesToStreamPerFrame:0]]
[2020.03.29-02.15.39:008][  0]LogConfig: Setting CVar [[r.Streaming.Boost:1]]
[2020.03.29-02.15.39:008][  0]LogConfig: Setting CVar [[r.MaxAnisotropy:8]]
[2020.03.29-02.15.39:008][  0]LogConfig: Setting CVar [[r.VT.MaxAnisotropy:8]]
[2020.03.29-02.15.39:008][  0]LogConfig: Setting CVar [[r.Streaming.LimitPoolSizeToVRAM:0]]
[2020.03.29-02.15.39:008][  0]LogConfig: Setting CVar [[r.Streaming.PoolSize:1000]]
[2020.03.29-02.15.39:008][  0]LogConfig: Setting CVar [[r.Streaming.MaxEffectiveScreenSize:0]]
[2020.03.29-02.15.39:008][  0]LogConfig: Applying CVar settings from Section [EffectsQuality@3] File [C:/Users/woodv/Desktop/Repo/Destroy_Speed_Racer/Saved/Config/Windows/Scalability.ini]
[2020.03.29-02.15.39:008][  0]LogConfig: Setting CVar [[r.TranslucencyLightingVolumeDim:64]]
[2020.03.29-02.15.39:008][  0]LogConfig: Setting CVar [[r.RefractionQuality:2]]
[2020.03.29-02.15.39:008][  0]LogConfig: Setting CVar [[r.SSR.Quality:3]]
[2020.03.29-02.15.39:008][  0]LogConfig: Setting CVar [[r.SSR.HalfResSceneColor:0]]
[2020.03.29-02.15.39:008][  0]LogConfig: Setting CVar [[r.SceneColorFormat:4]]
[2020.03.29-02.15.39:008][  0]LogConfig: Setting CVar [[r.DetailMode:2]]
[2020.03.29-02.15.39:008][  0]LogConfig: Setting CVar [[r.TranslucencyVolumeBlur:1]]
[2020.03.29-02.15.39:008][  0]LogConfig: Setting CVar [[r.MaterialQualityLevel:1 ; High quality]]
[2020.03.29-02.15.39:008][  0]LogConfig: Setting CVar [[r.SSS.Scale:1]]
[2020.03.29-02.15.39:008][  0]LogConfig: Setting CVar [[r.SSS.SampleSet:2]]
[2020.03.29-02.15.39:008][  0]LogConfig: Setting CVar [[r.SSS.Quality:1]]
[2020.03.29-02.15.39:008][  0]LogConfig: Setting CVar [[r.SSS.HalfRes:1]]
[2020.03.29-02.15.39:008][  0]LogConfig: Setting CVar [[r.SSGI.Quality:3]]
[2020.03.29-02.15.39:008][  0]LogConfig: Setting CVar [[r.EmitterSpawnRateScale:1.0]]
[2020.03.29-02.15.39:009][  0]LogConfig: Setting CVar [[r.ParticleLightQuality:2]]
[2020.03.29-02.15.39:009][  0]LogConfig: Setting CVar [[r.SkyAtmosphere.AerialPerspectiveLUT.FastApplyOnOpaque:1 ; Always have FastSkyLUT 1 in this case to avoid wrong sky]]
[2020.03.29-02.15.39:009][  0]LogConfig: Setting CVar [[r.SkyAtmosphere.AerialPerspectiveLUT.SampleCountPerSlice:1]]
[2020.03.29-02.15.39:009][  0]LogConfig: Setting CVar [[r.SkyAtmosphere.AerialPerspectiveLUT.DepthResolution:16.0]]
[2020.03.29-02.15.39:009][  0]LogConfig: Setting CVar [[r.SkyAtmosphere.FastSkyLUT:1]]
[2020.03.29-02.15.39:009][  0]LogConfig: Setting CVar [[r.SkyAtmosphere.FastSkyLUT.SampleCountMin:4.0]]
[2020.03.29-02.15.39:009][  0]LogConfig: Setting CVar [[r.SkyAtmosphere.FastSkyLUT.SampleCountMax:32.0]]
[2020.03.29-02.15.39:009][  0]LogConfig: Setting CVar [[r.SkyAtmosphere.SampleCountMin:4.0]]
[2020.03.29-02.15.39:009][  0]LogConfig: Setting CVar [[r.SkyAtmosphere.SampleCountMax:32.0]]
[2020.03.29-02.15.39:009][  0]LogConfig: Setting CVar [[r.SkyAtmosphere.TransmittanceLUT.UseSmallFormat:0]]
[2020.03.29-02.15.39:009][  0]LogConfig: Setting CVar [[r.SkyAtmosphere.TransmittanceLUT.SampleCount:10.0]]
[2020.03.29-02.15.39:009][  0]LogConfig: Setting CVar [[r.SkyAtmosphere.MultiScatteringLUT.SampleCount:15.0]]
[2020.03.29-02.15.39:009][  0]LogConfig: Applying CVar settings from Section [FoliageQuality@3] File [C:/Users/woodv/Desktop/Repo/Destroy_Speed_Racer/Saved/Config/Windows/Scalability.ini]
[2020.03.29-02.15.39:009][  0]LogConfig: Setting CVar [[foliage.DensityScale:1.0]]
[2020.03.29-02.15.39:009][  0]LogConfig: Setting CVar [[grass.DensityScale:1.0]]
[2020.03.29-02.15.39:009][  0]LogConfig: Applying CVar settings from Section [ShadingQuality@3] File [C:/Users/woodv/Desktop/Repo/Destroy_Speed_Racer/Saved/Config/Windows/Scalability.ini]
[2020.03.29-02.15.39:009][  0]LogConfig: Setting CVar [[r.HairStrands.SkyLighting.SampleCount:16]]
[2020.03.29-02.15.39:009][  0]LogConfig: Setting CVar [[r.HairStrands.SkyLighting.JitterIntegration:0]]
[2020.03.29-02.15.39:009][  0]LogConfig: Setting CVar [[r.HairStrands.SkyAO.SampleCount:16]]
[2020.03.29-02.15.39:009][  0]LogConfig: Applying CVar settings from Section [Startup] File [../../../Engine/Config/ConsoleVariables.ini]
[2020.03.29-02.15.39:011][  0]LogConfig: Setting CVar [[net.UseAdaptiveNetUpdateFrequency:0]]
[2020.03.29-02.15.39:011][  0]LogConfig: Setting CVar [[p.chaos.AllowCreatePhysxBodies:1]]
[2020.03.29-02.15.39:011][  0]LogConfig: Applying CVar settings from Section [ConsoleVariables] File [C:/Users/woodv/Desktop/Repo/Destroy_Speed_Racer/Saved/Config/Windows/Engine.ini]
[2020.03.29-02.15.39:011][  0]LogInit: Computer: DESKTOP-SL5Q7B4
[2020.03.29-02.15.39:011][  0]LogInit: User: woodv
[2020.03.29-02.15.39:011][  0]LogInit: CPU Page size=4096, Cores=3
[2020.03.29-02.15.39:011][  0]LogInit: High frequency timer resolution =10.000000 MHz
[2020.03.29-02.15.39:011][  0]LogMemory: Memory total: Physical=15.9GB (16GB approx)
[2020.03.29-02.15.39:011][  0]LogMemory: Platform Memory Stats for Windows
[2020.03.29-02.15.39:011][  0]LogMemory: Process Physical Memory: 105.36 MB used, 105.36 MB peak
[2020.03.29-02.15.39:011][  0]LogMemory: Process Virtual Memory: 100.01 MB used, 100.01 MB peak
[2020.03.29-02.15.39:011][  0]LogMemory: Physical Memory: 7991.95 MB used,  8337.97 MB free, 16329.92 MB total
[2020.03.29-02.15.39:012][  0]LogMemory: Virtual Memory: 5127.48 MB used,  134212600.00 MB free, 134217728.00 MB total
[2020.03.29-02.15.39:017][  0]LogWindows: WindowsPlatformFeatures enabled
[2020.03.29-02.15.39:059][  0]LogInit: Using OS detected language (en-US).
[2020.03.29-02.15.39:059][  0]LogInit: Using OS detected locale (en-US).
[2020.03.29-02.15.39:060][  0]LogTextLocalizationManager: No specific localization for 'en-US' exists, so the 'en' localization will be used.
[2020.03.29-02.15.39:483][  0]LogSlate: New Slate User Created.  User Index 0, Is Virtual User: 0
[2020.03.29-02.15.39:484][  0]LogSlate: Slate User Registered.  User Index 0, Is Virtual User: 0
[2020.03.29-02.15.39:519][  0]LogHMD: Failed to initialize OpenVR with code 110
[2020.03.29-02.15.39:519][  0]LogD3D11RHI: D3D11 min allowed feature level: 11_0
[2020.03.29-02.15.39:519][  0]LogD3D11RHI: D3D11 max allowed feature level: 11_0
[2020.03.29-02.15.39:519][  0]LogD3D11RHI: D3D11 adapters:
[2020.03.29-02.15.39:638][  0]LogD3D11RHI:    0. 'NVIDIA GeForce GTX 1060 3GB' (Feature Level 11_0)
[2020.03.29-02.15.39:638][  0]LogD3D11RHI:       2988/0/8164 MB DedicatedVideo/DedicatedSystem/SharedSystem, Outputs:3, VendorId:0x10de
[2020.03.29-02.15.39:645][  0]LogD3D11RHI:    1. 'Microsoft Basic Render Driver' (Feature Level 11_0)
[2020.03.29-02.15.39:645][  0]LogD3D11RHI:       0/0/8164 MB DedicatedVideo/DedicatedSystem/SharedSystem, Outputs:0, VendorId:0x1414
[2020.03.29-02.15.39:646][  0]LogD3D11RHI: Chosen D3D11 Adapter: 0
[2020.03.29-02.15.39:673][  0]LogD3D11RHI: Creating new Direct3DDevice
[2020.03.29-02.15.39:673][  0]LogD3D11RHI:     GPU DeviceId: 0x1c02 (for the marketing name, search the web for "GPU Device Id")
[2020.03.29-02.15.39:673][  0]LogWindows: EnumDisplayDevices:
[2020.03.29-02.15.39:673][  0]LogWindows:    0. 'NVIDIA GeForce GTX 1060 3GB' (P:1 D:1)
[2020.03.29-02.15.39:674][  0]LogWindows:    1. 'NVIDIA GeForce GTX 1060 3GB' (P:0 D:1)
[2020.03.29-02.15.39:675][  0]LogWindows:    2. 'NVIDIA GeForce GTX 1060 3GB' (P:0 D:1)
[2020.03.29-02.15.39:675][  0]LogWindows:    3. 'NVIDIA GeForce GTX 1060 3GB' (P:0 D:0)
[2020.03.29-02.15.39:675][  0]LogWindows: DebugString: FoundDriverCount:4 
[2020.03.29-02.15.39:675][  0]LogD3D11RHI:     Adapter Name: NVIDIA GeForce GTX 1060 3GB
[2020.03.29-02.15.39:675][  0]LogD3D11RHI:   Driver Version: 432.00 (internal:26.21.14.3200, unified:432.00)
[2020.03.29-02.15.39:676][  0]LogD3D11RHI:      Driver Date: 7-24-2019
[2020.03.29-02.15.39:676][  0]LogRHI: Texture pool is 2091 MB (70% of 2988 MB)
[2020.03.29-02.15.39:762][  0]LogD3D11RHI: RHI has support for 64 bit atomics
[2020.03.29-02.15.39:762][  0]LogD3D11RHI: Async texture creation enabled
[2020.03.29-02.15.39:777][  0]LogD3D11RHI: GPU Timing Frequency: 1000.000000 (Debug: 2 1)
[2020.03.29-02.15.40:357][  0]LogTargetPlatformManager: Display: Loaded TargetPlatform 'WindowsNoEditor'
[2020.03.29-02.15.40:361][  0]LogTargetPlatformManager: Display: Loaded TargetPlatform 'Windows'
[2020.03.29-02.15.40:373][  0]LogTargetPlatformManager: Display: Loaded TargetPlatform 'WindowsClient'
[2020.03.29-02.15.40:386][  0]LogTargetPlatformManager: Display: Loaded TargetPlatform 'WindowsServer'
[2020.03.29-02.15.40:386][  0]LogTargetPlatformManager: Display: Building Assets For Windows
[2020.03.29-02.15.40:389][  0]LogAudioDebug: Display: Lib vorbis DLL was dynamically loaded.
[2020.03.29-02.15.40:426][  0]LogShaderCompilers: Guid format shader working directory is -17 characters bigger than the processId version (../../../../../../Users/woodv/Desktop/Repo/Destroy_Speed_Racer/Intermediate/Shaders/WorkingDirectory/13332/).
[2020.03.29-02.15.40:426][  0]LogShaderCompilers: Cleaned the shader compiler working directory 'C:/Users/woodv/AppData/Local/Temp/UnrealShaderWorkingDir/9FFBDA1144F62534CCC75CB3BC70378A/'.
[2020.03.29-02.15.40:427][  0]LogXGEController: Cannot use XGE Controller as Incredibuild is not installed on this machine.
[2020.03.29-02.15.40:428][  0]LogShaderCompilers: Cannot use XGE Shader Compiler as Incredibuild is not installed on this machine.
[2020.03.29-02.15.40:428][  0]LogShaderCompilers: Display: Using Local Shader Compiler.
[2020.03.29-02.15.41:878][  0]LogDerivedDataCache: Display: Max Cache Size: 512 MB
[2020.03.29-02.15.41:974][  0]LogDerivedDataCache: Loaded boot cache 0.10s 78MB C:/Users/woodv/AppData/Local/UnrealEngine/4.24/DerivedDataCache/Boot.ddc.
[2020.03.29-02.15.41:974][  0]LogDerivedDataCache: Display: Loaded Boot cache: C:/Users/woodv/AppData/Local/UnrealEngine/4.24/DerivedDataCache/Boot.ddc
[2020.03.29-02.15.41:974][  0]LogDerivedDataCache: FDerivedDataBackendGraph:  Pak pak cache file ../../../../../../Users/woodv/Desktop/Repo/Destroy_Speed_Racer/DerivedDataCache/DDC.ddp not found, will not use a pak cache.
[2020.03.29-02.15.41:974][  0]LogDerivedDataCache: Unable to find inner node Pak for hierarchical cache Hierarchy.
[2020.03.29-02.15.41:974][  0]LogDerivedDataCache: FDerivedDataBackendGraph:  CompressedPak pak cache file ../../../../../../Users/woodv/Desktop/Repo/Destroy_Speed_Racer/DerivedDataCache/Compressed.ddp not found, will not use a pak cache.
[2020.03.29-02.15.41:974][  0]LogDerivedDataCache: Unable to find inner node CompressedPak for hierarchical cache Hierarchy.
[2020.03.29-02.15.41:989][  0]LogDerivedDataCache: Display: Pak cache opened for reading ../../../Engine/DerivedDataCache/Compressed.ddp.
[2020.03.29-02.15.41:989][  0]LogDerivedDataCache: FDerivedDataBackendGraph:  EnterprisePak pak cache file ../../../Enterprise/DerivedDataCache/Compressed.ddp not found, will not use a pak cache.
[2020.03.29-02.15.41:989][  0]LogDerivedDataCache: Unable to find inner node EnterprisePak for hierarchical cache Hierarchy.
[2020.03.29-02.15.41:991][  0]LogDerivedDataCache: Using Local data cache path C:/Users/woodv/AppData/Local/UnrealEngine/Common/DerivedDataCache: Writable
[2020.03.29-02.15.41:991][  0]LogDerivedDataCache: Shared data cache path not found in *engine.ini, will not use an Shared cache.
[2020.03.29-02.15.41:991][  0]LogDerivedDataCache: Unable to find inner node Shared for hierarchical cache Hierarchy.
[2020.03.29-02.15.42:041][  0]LogMaterial: Verifying Global Shaders for PCD3D_SM5
[2020.03.29-02.15.42:046][  0]LogSlate: Using FreeType 2.10.0
[2020.03.29-02.15.42:047][  0]LogSlate: SlateFontServices - WITH_FREETYPE: 1, WITH_HARFBUZZ: 1
[2020.03.29-02.15.42:229][  0]LogInit: Using OS detected language (en-US).
[2020.03.29-02.15.42:229][  0]LogInit: Using OS detected locale (en-US).
[2020.03.29-02.15.42:229][  0]LogTextLocalizationManager: No localization for 'en-US' exists, so 'en' will be used for the language.
[2020.03.29-02.15.42:230][  0]LogTextLocalizationManager: No localization for 'en-US' exists, so 'en' will be used for the locale.
[2020.03.29-02.15.42:230][  0]LogSlate: FontCache flush requested. Reason: Culture for localization was changed
[2020.03.29-02.15.42:230][  0]LogSlate: FontCache flush requested. Reason: Culture for localization was changed
[2020.03.29-02.15.42:231][  0]LogTextLocalizationManager: Compacting localization data took   0.00ms
[2020.03.29-02.15.42:237][  0]LogAssetRegistry: FAssetRegistry took 0.0041 seconds to start up
[2020.03.29-02.15.42:671][  0]LogPackageLocalizationCache: Processed 10 localized package path(s) for 1 prioritized culture(s) in 0.001126 seconds
[2020.03.29-02.15.42:763][  0]LogInit: Selected Device Profile: [Windows]
[2020.03.29-02.15.42:967][  0]LogMeshReduction: Using QuadricMeshReduction for automatic static mesh reduction
[2020.03.29-02.15.42:967][  0]LogMeshReduction: Using SimplygonMeshReduction for automatic skeletal mesh reduction
[2020.03.29-02.15.42:967][  0]LogMeshReduction: Using ProxyLODMeshReduction for automatic mesh merging
[2020.03.29-02.15.42:967][  0]LogMeshReduction: No distributed automatic mesh merging module available
[2020.03.29-02.15.42:967][  0]LogMeshMerging: No distributed automatic mesh merging module available
[2020.03.29-02.15.42:998][  0]LogNetVersion: MyProject3 1.0.0, NetCL: 10570792, EngineNetVer: 13, GameNetVer: 0 (Checksum: 3220380703)
[2020.03.29-02.15.43:072][  0]LogInput: Warning: Action ResetVR uses deprecated key MotionController_Left_Grip1.
[2020.03.29-02.15.43:073][  0]LogInput: Warning: Action Handbrake uses deprecated key MotionController_Right_Grip1.
[2020.03.29-02.15.43:073][  0]LogInput: Warning: Axis MoveForward uses deprecated key MotionController_Right_Trigger.
[2020.03.29-02.15.43:073][  0]LogInput: Warning: Axis MoveForward uses deprecated key MotionController_Left_Trigger.
[2020.03.29-02.15.43:073][  0]LogInput: Warning: Axis MoveRight uses deprecated key MotionController_Left_Thumbstick_X.
[2020.03.29-02.15.43:073][  0]LogInput: Warning: Axis MoveRight uses deprecated key MotionController_Right_Thumbstick_X.
[2020.03.29-02.15.43:883][  0]LogMoviePlayer: Initializing movie player
[2020.03.29-02.15.44:045][  0]LogTcpMessaging: Initializing TcpMessaging bridge
[2020.03.29-02.15.44:053][  0]LogUdpMessaging: Initializing bridge on interface 0.0.0.0:0 to multicast group 230.0.0.1:6666.
[2020.03.29-02.15.44:112][  0]SourceControl: Source control is disabled
[2020.03.29-02.15.44:113][  0]SourceControl: Source control is disabled
[2020.03.29-02.15.44:114][  0]SourceControl: Source control is disabled
[2020.03.29-02.15.44:172][  0]LogAndroidPermission: UAndroidPermissionCallbackProxy::GetInstance
[2020.03.29-02.15.44:184][  0]LogAudioCaptureCore: Display: No Audio Capture implementations found. Audio input will be silent.
[2020.03.29-02.15.44:184][  0]LogAudioCaptureCore: Display: No Audio Capture implementations found. Audio input will be silent.
[2020.03.29-02.15.44:307][  0]LogOcInput: OculusInput pre-init called
[2020.03.29-02.15.44:326][  0]LogUObjectArray: 52674 objects as part of root set at end of initial load.
[2020.03.29-02.15.44:326][  0]LogUObjectAllocator: 9322808 out of 0 bytes used by permanent object pool.
[2020.03.29-02.15.44:326][  0]LogUObjectArray: CloseDisregardForGC: 0/0 objects in disregard for GC pool
[2020.03.29-02.15.44:419][  0]LogEngine: Initializing Engine...
[2020.03.29-02.15.44:420][  0]LogHMD: Failed to initialize OpenVR with code 110
[2020.03.29-02.15.44:422][  0]LogStats: UGameplayTagsManager::InitializeManager -  0.000 s
[2020.03.29-02.15.44:722][  0]LogInit: Initializing FReadOnlyCVARCache
[2020.03.29-02.15.44:724][  0]LogAudioMixer: Display: Audio Mixer Platform Settings:
[2020.03.29-02.15.44:724][  0]LogAudioMixer: Display: 	Sample Rate:						  48000
[2020.03.29-02.15.44:724][  0]LogAudioMixer: Display: 	Callback Buffer Frame Size Requested: 1024
[2020.03.29-02.15.44:724][  0]LogAudioMixer: Display: 	Callback Buffer Frame Size To Use:	  1024
[2020.03.29-02.15.44:724][  0]LogAudioMixer: Display: 	Number of buffers to queue:			  2
[2020.03.29-02.15.44:724][  0]LogAudioMixer: Display: 	Max Channels (voices):				  32
[2020.03.29-02.15.44:724][  0]LogAudioMixer: Display: 	Number of Async Source Workers:		  0
[2020.03.29-02.15.44:724][  0]LogAudio: Display: AudioDevice MaxSources: 32
[2020.03.29-02.15.44:724][  0]LogAudio: Display: Using built-in audio occlusion.
[2020.03.29-02.15.44:724][  0]LogAudioMixer: Display: Initializing audio mixer.
[2020.03.29-02.15.44:856][  0]LogAudioMixer: Display: Audio Device Output Speaker Info:
[2020.03.29-02.15.44:856][  0]LogAudioMixer: Display: Name: Headphones (High Definition Audio Device)
[2020.03.29-02.15.44:856][  0]LogAudioMixer: Display: Is Default: Yes
[2020.03.29-02.15.44:856][  0]LogAudioMixer: Display: Sample Rate: 48000
[2020.03.29-02.15.44:856][  0]LogAudioMixer: Display: Channel Count Used: 2
[2020.03.29-02.15.44:856][  0]LogAudioMixer: Display: Device Channel Count: 2
[2020.03.29-02.15.44:856][  0]LogAudioMixer: Display: Channel Order:
[2020.03.29-02.15.44:856][  0]LogAudioMixer: Display: 0: FrontLeft
[2020.03.29-02.15.44:856][  0]LogAudioMixer: Display: 1: FrontRight
[2020.03.29-02.15.44:918][  0]LogAudioMixer: Display: Using Audio Device Headphones (High Definition Audio Device)
[2020.03.29-02.15.44:936][  0]LogInit: FAudioDevice initialized.
[2020.03.29-02.15.44:937][  0]LogNetVersion: Set ProjectVersion to 1.0.0.0. Version Checksum will be recalculated on next use.
[2020.03.29-02.15.44:939][  0]LogInit: Texture streaming: Enabled
[2020.03.29-02.15.45:171][  0]LogSlate: Updating window title bar state: overlay mode, drag disabled, window buttons hidden, title bar hidden
[2020.03.29-02.15.45:173][  0]LogInit: Display: Game Engine Initialized.
[2020.03.29-02.15.45:194][  0]LogInit: Display: Starting Game.
[2020.03.29-02.15.45:195][  0]LogNet: Browse: /Game/Maps/MainMenu?Name=Player
[2020.03.29-02.15.45:195][  0]LogLoad: LoadMap: /Game/Maps/MainMenu?Name=Player
[2020.03.29-02.15.45:195][  0]LogWorld: BeginTearingDown for /Temp/Untitled_0
[2020.03.29-02.15.45:199][  0]LogWorld: UWorld::CleanupWorld for Untitled, bSessionEnded=true, bCleanupResources=true
[2020.03.29-02.15.45:199][  0]LogSlate: InvalidateAllWidgets triggered.  All widgets were invalidated
[2020.03.29-02.15.45:288][  0]LogAudioMixer: Display: No commands were queued while flushing the source manager.
[2020.03.29-02.15.45:291][  0]LogUObjectHash: Compacting FUObjectHashTables data took   3.03ms
[2020.03.29-02.15.45:350][  0]LogAIModule: Creating AISystem for world MainMenu
[2020.03.29-02.15.45:469][  0]LogMaterial: Display: Missing cached shader map for material Tires, compiling. 
[2020.03.29-02.15.45:568][  0]LogMaterial: Display: Missing cached shader map for material null, compiling. 
[2020.03.29-02.15.45:606][  0]LogShaderCompilers: Display: Worker (1/3): shaders left to compile 39
[2020.03.29-02.15.45:606][  0]LogShaderCompilers: Display: Worker (2/3): shaders left to compile 29
[2020.03.29-02.15.45:606][  0]LogShaderCompilers: Display: Worker (3/3): shaders left to compile 19
[2020.03.29-02.15.45:606][  0]LogMaterial: Display: Missing cached shader map for material CarBase, compiling. 
[2020.03.29-02.15.45:645][  0]LogMaterial: Display: Missing cached shader map for material null2, compiling. 
[2020.03.29-02.15.45:699][  0]LogLoad: Game class is 'VehicleAdvGameMode_C'
[2020.03.29-02.15.45:706][  0]LogWorld: Bringing World /Game/Maps/MainMenu.MainMenu up for play (max tick rate 0) at 2020.03.28-22.15.45
[2020.03.29-02.15.45:707][  0]LogWorld: Bringing up level for play took: 0.001447
[2020.03.29-02.15.45:708][  0]LogGameMode: FindPlayerStart: PATHS NOT DEFINED or NO PLAYERSTART with positive rating
[2020.03.29-02.15.45:709][  0]LogSpawn: Warning: SpawnActor failed because no class was specified
[2020.03.29-02.15.45:722][  0]LogLoad: Took 0.527665 seconds to LoadMap(/Game/Maps/MainMenu)
[2020.03.29-02.15.45:814][  0]LogSlate: Took 0.000241 seconds to synchronously load lazily loaded font '../../../Engine/Content/Slate/Fonts/Roboto-Regular.ttf' (155K)
[2020.03.29-02.15.45:878][  0]LogRenderer: Reallocating scene render targets to support 1280x720 Format 10 NumSamples 1 (Frame:1).
[2020.03.29-02.15.45:878][  0]LogLoad: (Engine Initialization) Total time: 10.59 seconds
[2020.03.29-02.15.45:878][  0]LogLoad: (Engine Initialization) Total Blueprint compile time: 0.00 seconds
[2020.03.29-02.15.45:888][  0]LogRawInputWindows: Warning: Found device 21 devices
[2020.03.29-02.15.45:889][  0]LogRawInputWindows: Warning: Found device 21 devices
[2020.03.29-02.15.45:889][  0]LogRawInputWindows: Warning: Device was registered succesfully but not connected (Usage:4 UsagePage:1)
[2020.03.29-02.15.45:889][  0]LogRawInputWindows: Warning: Found device 21 devices
[2020.03.29-02.15.45:889][  0]LogRawInputWindows: Warning: Device was registered succesfully but not connected (Usage:5 UsagePage:1)
[2020.03.29-02.15.45:894][  0]LogContentStreaming: Texture pool size now 1000 MB
[2020.03.29-02.15.45:902][  0]LogSlate: InvalidateAllWidgets triggered.  All widgets were invalidated
[2020.03.29-02.15.46:472][  1]LogSlate: Took 0.000280 seconds to synchronously load lazily loaded font '../../../Engine/Content/Slate/Fonts/Roboto-Regular.ttf' (155K)
[2020.03.29-02.15.50:087][758]LogPackageName: SearchForPackageOnDisk took   0.314s to resolve NewMap.umap.
[2020.03.29-02.15.50:403][758]LogPackageName: SearchForPackageOnDisk took   0.314s to resolve NewMap.umap.
[2020.03.29-02.15.50:403][758]LogNet: Browse: /Game/Maps/NewMap
[2020.03.29-02.15.50:403][758]LogLoad: LoadMap: /Game/Maps/NewMap
[2020.03.29-02.15.50:403][758]LogWorld: BeginTearingDown for /Game/Maps/MainMenu
[2020.03.29-02.15.50:404][758]LogWorld: UWorld::CleanupWorld for MainMenu, bSessionEnded=true, bCleanupResources=true
[2020.03.29-02.15.50:404][758]LogSlate: InvalidateAllWidgets triggered.  All widgets were invalidated
[2020.03.29-02.15.50:483][758]LogAudioMixer: Display: No commands were queued while flushing the source manager.
[2020.03.29-02.15.50:493][758]LogUObjectHash: Compacting FUObjectHashTables data took   5.23ms
[2020.03.29-02.15.50:874][758]LogAIModule: Creating AISystem for world NewMap
[2020.03.29-02.15.50:967][758]LogMaterial: Display: Missing cached shader map for material Tires, compiling. 
[2020.03.29-02.15.51:012][758]LogMaterial: Display: Missing cached shader map for material null2, compiling. 
[2020.03.29-02.15.51:056][758]LogMaterial: Display: Missing cached shader map for material null, compiling. 
[2020.03.29-02.15.51:102][758]LogMaterial: Display: Missing cached shader map for material CarBase, compiling. 
[2020.03.29-02.15.51:182][758]LogLoad: Game class is 'VehicleAdvGameMode_C'
[2020.03.29-02.15.51:186][758]LogMaterial: Warning: Material /Game/VehicleAdv/Materials/MasterGrid.MasterGrid missing bUsedWithSplineMeshes=True! Default Material will be used in game.
[2020.03.29-02.15.51:186][758]LogMaterial: Warning:      The material will recompile every editor launch until resaved.
[2020.03.29-02.15.51:407][758]LogWorld: Bringing World /Game/Maps/NewMap.NewMap up for play (max tick rate 0) at 2020.03.28-22.15.51
[2020.03.29-02.15.51:407][758]LogWorld: Bringing up level for play took: 0.221620
[2020.03.29-02.15.51:408][758]LogSpawn: Warning: SpawnActor failed because no class was specified
[2020.03.29-02.15.51:413][758]LogLoad: Took 1.009974 seconds to LoadMap(/Game/Maps/NewMap)
[2020.03.29-02.15.59:173][232]LogShaderCompilers: Display: Worker (2/3): shaders left to compile 282
[2020.03.29-02.15.59:590][314]LogShaderCompilers: Display: Worker (1/3): shaders left to compile 272
[2020.03.29-02.16.10:250][741]LogShaderCompilers: Display: Worker (2/3): shaders left to compile 262
[2020.03.29-02.16.14:767][729]LogShaderCompilers: Display: Worker (1/3): shaders left to compile 252
[2020.03.29-02.16.20:617][ 88]LogAudio: Display: Waited 40.506500 ms for audio thread.
[2020.03.29-02.16.20:656][ 88]LogAudio: Display: Waited 79.526299 ms for audio thread.
[2020.03.29-02.16.20:661][ 88]LogAudio: Display: Waited 84.672600 ms for audio thread.
[2020.03.29-02.16.20:868][ 99]LogAudio: Display: Waited 37.728001 ms for audio thread.
[2020.03.29-02.16.20:891][ 99]LogAudio: Display: Waited 61.149998 ms for audio thread.
[2020.03.29-02.16.21:550][201]LogSlate: Window 'MyProject3 (64-bit Development PCD3D_SM5) ' being destroyed
[2020.03.29-02.16.21:551][201]LogWindowsTextInputMethodSystem: Display: IME system now deactivated.
[2020.03.29-02.16.21:564][201]LogSlate: Updating window title bar state: overlay mode, drag disabled, window buttons hidden, title bar hidden
[2020.03.29-02.16.21:564][201]LogEngine: All Windows Closed
[2020.03.29-02.16.21:564][201]LogWindows: FPlatformMisc::RequestExit(0)
[2020.03.29-02.16.21:564][201]LogCore: Engine exit requested (reason: Win RequestExit)
[2020.03.29-02.16.21:565][202]LogCore: Engine exit requested (reason: EngineExit() was called; note: exit was already requested)
[2020.03.29-02.16.21:593][202]LogAudioMixer: Display: No commands were queued while flushing the source manager.
[2020.03.29-02.16.21:602][202]LogInit: Display: PreExit Game.
[2020.03.29-02.16.21:603][202]LogWorld: BeginTearingDown for /Game/Maps/NewMap
[2020.03.29-02.16.21:603][202]LogWorld: UWorld::CleanupWorld for NewMap, bSessionEnded=true, bCleanupResources=true
[2020.03.29-02.16.21:603][202]LogSlate: InvalidateAllWidgets triggered.  All widgets were invalidated
[2020.03.29-02.16.22:455][202]LogExit: Preparing to exit.
[2020.03.29-02.16.23:077][202]LogMoviePlayer: Shutting down movie player
[2020.03.29-02.16.23:206][202]LogShaderCompilers: Display: Worker (2/3): shaders left to compile 242
[2020.03.29-02.16.23:236][202]LogSlate: Updating window title bar state: overlay mode, drag disabled, window buttons hidden, title bar hidden
[2020.03.29-02.16.23:246][202]LogDemo: Cleaned up 0 splitscreen connections with owner deletion
[2020.03.29-02.16.23:267][202]LogExit: Game engine shut down
[2020.03.29-02.16.23:499][202]LogExit: Object subsystem successfully closed.
[2020.03.29-02.16.23:550][202]LogShaderCompilers: Display: Shaders left to compile 0
[2020.03.29-02.16.23:600][202]LogModuleManager: Shutting down and abandoning module SequenceRecorderSections (436)
[2020.03.29-02.16.23:600][202]LogModuleManager: Shutting down and abandoning module SequenceRecorder (434)
[2020.03.29-02.16.23:600][202]LogModuleManager: Shutting down and abandoning module AutomationController (432)
[2020.03.29-02.16.23:601][202]LogModuleManager: Shutting down and abandoning module AutomationWorker (430)
[2020.03.29-02.16.23:601][202]LogModuleManager: Shutting down and abandoning module Voice (428)
[2020.03.29-02.16.23:601][202]LogModuleManager: Shutting down and abandoning module AIModule (426)
[2020.03.29-02.16.23:601][202]LogModuleManager: Shutting down and abandoning module GameplayDebugger (425)
[2020.03.29-02.16.23:601][202]LogModuleManager: Shutting down and abandoning module AITestSuite (423)
[2020.03.29-02.16.23:601][202]LogModuleManager: Shutting down and abandoning module NavigationSystem (421)
[2020.03.29-02.16.23:601][202]LogModuleManager: Shutting down and abandoning module OculusMR (418)
[2020.03.29-02.16.23:601][202]LogModuleManager: Shutting down and abandoning module WmfMediaFactory (416)
[2020.03.29-02.16.23:601][202]LogModuleManager: Shutting down and abandoning module WebMMediaFactory (414)
[2020.03.29-02.16.23:601][202]LogModuleManager: Shutting down and abandoning module WebMMedia (412)
[2020.03.29-02.16.23:601][202]LogModuleManager: Shutting down and abandoning module OpenExrWrapper (410)
[2020.03.29-02.16.23:601][202]LogModuleManager: Shutting down and abandoning module ImgMediaFactory (408)
[2020.03.29-02.16.23:601][202]LogModuleManager: Shutting down and abandoning module AvfMediaFactory (406)
[2020.03.29-02.16.23:601][202]LogModuleManager: Shutting down and abandoning module MagicLeapMediaCodecFactory (404)
[2020.03.29-02.16.23:601][202]LogModuleManager: Shutting down and abandoning module MagicLeapMediaFactory (402)
[2020.03.29-02.16.23:601][202]LogModuleManager: Shutting down and abandoning module CharacterAI (400)
[2020.03.29-02.16.23:601][202]LogModuleManager: Shutting down and abandoning module SessionServices (398)
[2020.03.29-02.16.23:601][202]LogModuleManager: Shutting down and abandoning module MovieSceneCapture (396)
[2020.03.29-02.16.23:601][202]LogModuleManager: Shutting down and abandoning module LiveCoding (394)
[2020.03.29-02.16.23:602][202]LogModuleManager: Shutting down and abandoning module LevelSequence (392)
[2020.03.29-02.16.23:602][202]LogModuleManager: Shutting down and abandoning module MovieSceneTracks (390)
[2020.03.29-02.16.23:602][202]LogModuleManager: Shutting down and abandoning module MovieScene (388)
[2020.03.29-02.16.23:602][202]LogModuleManager: Shutting down and abandoning module StreamingPauseRendering (386)
[2020.03.29-02.16.23:602][202]LogModuleManager: Shutting down and abandoning module PortalServices (384)
[2020.03.29-02.16.23:602][202]LogModuleManager: Shutting down and abandoning module PortalRpc (382)
[2020.03.29-02.16.23:602][202]LogModuleManager: Shutting down and abandoning module MessagingRpc (380)
[2020.03.29-02.16.23:602][202]LogModuleManager: Shutting down and abandoning module AudioMixerXAudio2 (378)
[2020.03.29-02.16.23:602][202]LogModuleManager: Shutting down and abandoning module ImageWriteQueue (376)
[2020.03.29-02.16.23:612][202]LogModuleManager: Shutting down and abandoning module ProfilerService (374)
