Log file open, 03/06/20 18:21:55
LogWindows: Failed to load 'aqProf.dll' (GetLastError=126)
LogWindows: File 'aqProf.dll' does not exist
LogWindows: Failed to load 'VtuneApi.dll' (GetLastError=126)
LogWindows: File 'VtuneApi.dll' does not exist
LogWindows: Failed to load 'VtuneApi32e.dll' (GetLastError=126)
LogWindows: File 'VtuneApi32e.dll' does not exist
LogConsoleResponse: Display: Failed to find resolution value strings in scalability ini. Falling back to default.
LogInit: Display: Running engine for game: MyProject3
LogPlatformFile: Not using cached read wrapper
LogTaskGraph: Started task graph with 5 named threads and 23 total threads with 3 sets of task threads.
LogStats: Stats thread started at 0.257714
LogD3D11RHI: Loaded GFSDK_Aftermath_Lib.x64.dll
LogICUInternationalization: ICU TimeZone Detection - Raw Offset: -5:00, Platform Override: ''
LogPluginManager: Mounting plugin Paper2D
LogPluginManager: Mounting plugin AISupport
LogPluginManager: Mounting plugin LightPropagationVolume
LogPluginManager: Mounting plugin ActorLayerUtilities
LogPluginManager: Mounting plugin AnimationSharing
LogPluginManager: Mounting plugin CLionSourceCodeAccess
LogPluginManager: Mounting plugin CodeLiteSourceCodeAccess
LogPluginManager: Mounting plugin GitSourceControl
LogPluginManager: Mounting plugin KDevelopSourceCodeAccess
LogPluginManager: Mounting plugin NullSourceCodeAccess
LogPluginManager: Mounting plugin PerforceSourceControl
LogPluginManager: Mounting plugin SubversionSourceControl
LogPluginManager: Mounting plugin UObjectPlugin
LogPluginManager: Mounting plugin VisualStudioCodeSourceCodeAccess
LogPluginManager: Mounting plugin VisualStudioSourceCodeAccess
LogPluginManager: Mounting plugin XCodeSourceCodeAccess
LogPluginManager: Mounting plugin AssetManagerEditor
LogPluginManager: Mounting plugin CryptoKeys
LogPluginManager: Mounting plugin CurveEditorTools
LogPluginManager: Mounting plugin DataValidation
LogPluginManager: Mounting plugin FacialAnimation
LogPluginManager: Mounting plugin GameplayTagsEditor
LogPluginManager: Mounting plugin MacGraphicsSwitching
LogPluginManager: Mounting plugin MaterialAnalyzer
LogPluginManager: Mounting plugin MobileLauncherProfileWizard
LogPluginManager: Mounting plugin PluginBrowser
LogPluginManager: Mounting plugin SpeedTreeImporter
LogPluginManager: Mounting plugin DatasmithContent
LogPluginManager: Mounting plugin VariantManagerContent
LogPluginManager: Mounting plugin AlembicImporter
LogPluginManager: Mounting plugin AutomationUtils
LogPluginManager: Mounting plugin BackChannel
LogPluginManager: Mounting plugin CharacterAI
LogPluginManager: Mounting plugin GeometryCache
LogPluginManager: Mounting plugin HTML5Networking
LogPluginManager: Mounting plugin PlatformCrypto
LogPluginManager: Mounting plugin ProxyLODPlugin
LogPluginManager: Mounting plugin RawInput
LogPluginManager: Mounting plugin SkeletalReduction
LogPluginManager: Mounting plugin MagicLeap
LogPluginManager: Mounting plugin MagicLeapMedia
LogPluginManager: Mounting plugin AndroidMedia
LogPluginManager: Mounting plugin AvfMedia
LogPluginManager: Mounting plugin ImgMedia
LogPluginManager: Mounting plugin MediaCompositing
LogPluginManager: Mounting plugin MediaPlayerEditor
LogPluginManager: Mounting plugin WebMMedia
LogPluginManager: Mounting plugin WmfMedia
LogPluginManager: Mounting plugin TcpMessaging
LogPluginManager: Mounting plugin UdpMessaging
LogPluginManager: Mounting plugin ActorSequence
LogPluginManager: Mounting plugin LevelSequenceEditor
LogPluginManager: Mounting plugin MatineeToLevelSequence
LogPluginManager: Mounting plugin NetcodeUnitTest
LogPluginManager: Mounting plugin NUTUnrealEngine4
LogPluginManager: Mounting plugin OnlineSubsystemGooglePlay
LogPluginManager: Mounting plugin OnlineSubsystemIOS
LogPluginManager: Mounting plugin OnlineSubsystem
LogPluginManager: Mounting plugin OnlineSubsystemNull
LogPluginManager: Mounting plugin OnlineSubsystemUtils
LogPluginManager: Mounting plugin LauncherChunkInstaller
LogPluginManager: Mounting plugin AndroidDeviceProfileSelector
LogPluginManager: Mounting plugin AndroidMoviePlayer
LogPluginManager: Mounting plugin AndroidPermission
LogPluginManager: Mounting plugin AppleImageUtils
LogPluginManager: Mounting plugin AppleMoviePlayer
LogPluginManager: Mounting plugin ArchVisCharacter
LogPluginManager: Mounting plugin AudioCapture
LogPluginManager: Mounting plugin CableComponent
LogPluginManager: Mounting plugin CustomMeshComponent
LogPluginManager: Mounting plugin EditableMesh
LogPluginManager: Mounting plugin ExampleDeviceProfileSelector
LogPluginManager: Mounting plugin GoogleCloudMessaging
LogPluginManager: Mounting plugin IOSDeviceProfileSelector
LogPluginManager: Mounting plugin LinuxDeviceProfileSelector
LogPluginManager: Mounting plugin LocationServicesBPLibrary
LogPluginManager: Mounting plugin MobilePatchingUtils
LogPluginManager: Mounting plugin OculusVR
LogPluginManager: Mounting plugin PhysXVehicles
LogPluginManager: Mounting plugin ProceduralMeshComponent
LogPluginManager: Mounting plugin RuntimePhysXCooking
LogPluginManager: Mounting plugin SignificanceManager
LogPluginManager: Mounting plugin SteamVR
LogPluginManager: Mounting plugin WebMMoviePlayer
LogPluginManager: Mounting plugin WindowsMoviePlayer
LogPluginManager: Mounting plugin ScreenshotTools
LogInit: Using libcurl 7.55.1-DEV
LogInit:  - built for x86_64-pc-win32
LogInit:  - supports SSL with OpenSSL/1.1.1
LogInit:  - supports HTTP deflate (compression) using libz 1.2.8
LogInit:  - other features:
LogInit:      CURL_VERSION_SSL
LogInit:      CURL_VERSION_LIBZ
LogInit:      CURL_VERSION_IPV6
LogInit:      CURL_VERSION_ASYNCHDNS
LogInit:      CURL_VERSION_LARGEFILE
LogInit:      CURL_VERSION_IDN
LogInit:  CurlRequestOptions (configurable via config and command line):
LogInit:  - bVerifyPeer = true  - Libcurl will verify peer certificate
LogInit:  - bUseHttpProxy = false  - Libcurl will NOT use HTTP proxy
LogInit:  - bDontReuseConnections = false  - Libcurl will reuse connections
LogInit:  - MaxHostConnections = 16  - Libcurl will limit the number of connections to a host
LogInit:  - LocalHostAddr = Default
LogInit:  - BufferSize = 65536
LogOnline: OSS: Creating online subsystem instance for: NULL
LogInit: WinSock: version 1.1 (2.2), MaxSocks=32767, MaxUdp=65467
LogInit: Build: ++UE4+Release-4.23-CL-8386587
LogInit: Engine Version: 4.23.0-8386587+++UE4+Release-4.23
LogInit: Compatible Engine Version: 4.23.0-8386587+++UE4+Release-4.23
LogInit: Net CL: 8386587
LogInit: OS: Windows 10 (Release 1903) (), CPU: Intel(R) Core(TM) i7-6700HQ CPU @ 2.60GHz, GPU: Intel(R) HD Graphics 530
LogInit: Compiled (64-bit): Aug 31 2019 02:04:44
LogInit: Compiled with Visual C++: 19.16.27030.01
LogInit: Build Configuration: Development
LogInit: Branch Name: ++UE4+Release-4.23
LogInit: Command Line:  /Game/Maps/MainMenu -game -PIEVIACONSOLE -ResX=1280 -ResY=720 -Multiprocess -messaging -SessionName="Play in Standalone Game" -windowed
LogInit: Base Directory: C:/Program Files/Epic Games/UE_4.23/Engine/Binaries/Win64/
LogInit: Installed Engine Build: 1
LogDevObjectVersion: Number of dev versions registered: 23
LogDevObjectVersion:   Dev-Blueprints (B0D832E4-1F89-4F0D-ACCF-7EB736FD4AA2): 10
LogDevObjectVersion:   Dev-Build (E1C64328-A22C-4D53-A36C-8E866417BD8C): 0
LogDevObjectVersion:   Dev-Core (375EC13C-06E4-48FB-B500-84F0262A717E): 3
LogDevObjectVersion:   Dev-Editor (E4B068ED-F494-42E9-A231-DA0B2E46BB41): 34
LogDevObjectVersion:   Dev-Framework (CFFC743F-43B0-4480-9391-14DF171D2073): 35
LogDevObjectVersion:   Dev-Mobile (B02B49B5-BB20-44E9-A304-32B752E40360): 2
LogDevObjectVersion:   Dev-Networking (A4E4105C-59A1-49B5-A7C5-40C4547EDFEE): 0
LogDevObjectVersion:   Dev-Online (39C831C9-5AE6-47DC-9A44-9C173E1C8E7C): 0
LogDevObjectVersion:   Dev-Physics (78F01B33-EBEA-4F98-B9B4-84EACCB95AA2): 0
LogDevObjectVersion:   Dev-Platform (6631380F-2D4D-43E0-8009-CF276956A95A): 0
LogDevObjectVersion:   Dev-Rendering (12F88B9F-8875-4AFC-A67C-D90C383ABD29): 31
LogDevObjectVersion:   Dev-Sequencer (7B5AE74C-D270-4C10-A958-57980B212A5A): 11
LogDevObjectVersion:   Dev-VR (D7296918-1DD6-4BDD-9DE2-64A83CC13884): 2
LogDevObjectVersion:   Dev-LoadTimes (C2A15278-BFE7-4AFE-6C17-90FF531DF755): 1
LogDevObjectVersion:   Private-Geometry (6EACA3D4-40EC-4CC1-B786-8BED09428FC5): 3
LogDevObjectVersion:   Dev-AnimPhys (29E575DD-E0A3-4627-9D10-D276232CDCEA): 17
LogDevObjectVersion:   Dev-Anim (AF43A65D-7FD3-4947-9873-3E8ED9C1BB05): 2
LogDevObjectVersion:   Dev-ReflectionCapture (6B266CEC-1EC7-4B8F-A30B-E4D90942FC07): 1
LogDevObjectVersion:   Dev-Automation (0DF73D61-A23F-47EA-B727-89E90C41499A): 1
LogDevObjectVersion:   FortniteMain (601D1886-AC64-4F84-AA16-D3DE0DEAC7D6): 27
LogDevObjectVersion:   Dev-Enterprise (9DFFBCD6-494F-0158-E221-12823C92A888): 6
LogDevObjectVersion:   Dev-Niagara (F2AED0AC-9AFE-416F-8664-AA7FFA26D6FC): 1
LogDevObjectVersion:   Dev-Destruction (174F1F0B-B4C6-45A5-B13F-2EE8D0FB917D): 9
LogInit: Presizing for max 16777216 objects, including 0 objects not considered by GC, pre-allocating 0 bytes for permanent pool.
LogInit: Object subsystem initialized
LogConfig: Setting CVar [[con.DebugEarlyDefault:1]]
LogConfig: Setting CVar [[r.setres:1280x720]]
[2020.03.06-23.21.56:120][  0]LogConfig: Setting CVar [[con.DebugEarlyDefault:1]]
[2020.03.06-23.21.56:120][  0]LogConfig: Setting CVar [[r.setres:1280x720]]
[2020.03.06-23.21.56:120][  0]LogConfig: Applying CVar settings from Section [/Script/Engine.RendererSettings] File [C:/Users/Seato/AppData/Local/gitkraken/app-6.5.3/MaMiSeShFay11820/Saved/Config/Windows/Engine.ini]
[2020.03.06-23.21.56:121][  0]LogConfig: Setting CVar [[r.GPUCrashDebugging:0]]
[2020.03.06-23.21.56:121][  0]LogConfig: Applying CVar settings from Section [/Script/Engine.RendererOverrideSettings] File [C:/Users/Seato/AppData/Local/gitkraken/app-6.5.3/MaMiSeShFay11820/Saved/Config/Windows/Engine.ini]
[2020.03.06-23.21.56:121][  0]LogConfig: Applying CVar settings from Section [/Script/Engine.StreamingSettings] File [C:/Users/Seato/AppData/Local/gitkraken/app-6.5.3/MaMiSeShFay11820/Saved/Config/Windows/Engine.ini]
[2020.03.06-23.21.56:121][  0]LogConfig: Setting CVar [[s.MinBulkDataSizeForAsyncLoading:131072]]
[2020.03.06-23.21.56:121][  0]LogConfig: Setting CVar [[s.AsyncLoadingThreadEnabled:0]]
[2020.03.06-23.21.56:121][  0]LogConfig: Setting CVar [[s.EventDrivenLoaderEnabled:1]]
[2020.03.06-23.21.56:121][  0]LogConfig: Setting CVar [[s.WarnIfTimeLimitExceeded:0]]
[2020.03.06-23.21.56:121][  0]LogConfig: Setting CVar [[s.TimeLimitExceededMultiplier:1.5]]
[2020.03.06-23.21.56:121][  0]LogConfig: Setting CVar [[s.TimeLimitExceededMinTime:0.005]]
[2020.03.06-23.21.56:121][  0]LogConfig: Setting CVar [[s.UseBackgroundLevelStreaming:1]]
[2020.03.06-23.21.56:121][  0]LogConfig: Setting CVar [[s.PriorityAsyncLoadingExtraTime:15.0]]
[2020.03.06-23.21.56:121][  0]LogConfig: Setting CVar [[s.LevelStreamingActorsUpdateTimeLimit:5.0]]
[2020.03.06-23.21.56:121][  0]LogConfig: Setting CVar [[s.PriorityLevelStreamingActorsUpdateExtraTime:5.0]]
[2020.03.06-23.21.56:121][  0]LogConfig: Setting CVar [[s.LevelStreamingComponentsRegistrationGranularity:10]]
[2020.03.06-23.21.56:121][  0]LogConfig: Setting CVar [[s.UnregisterComponentsTimeLimit:1.0]]
[2020.03.06-23.21.56:121][  0]LogConfig: Setting CVar [[s.LevelStreamingComponentsUnregistrationGranularity:5]]
[2020.03.06-23.21.56:121][  0]LogConfig: Applying CVar settings from Section [/Script/Engine.GarbageCollectionSettings] File [C:/Users/Seato/AppData/Local/gitkraken/app-6.5.3/MaMiSeShFay11820/Saved/Config/Windows/Engine.ini]
[2020.03.06-23.21.56:121][  0]LogConfig: Setting CVar [[gc.MaxObjectsNotConsideredByGC:1]]
[2020.03.06-23.21.56:121][  0]LogConfig: Setting CVar [[gc.SizeOfPermanentObjectPool:0]]
[2020.03.06-23.21.56:121][  0]LogConfig: Setting CVar [[gc.FlushStreamingOnGC:0]]
[2020.03.06-23.21.56:121][  0]LogConfig: Setting CVar [[gc.NumRetriesBeforeForcingGC:10]]
[2020.03.06-23.21.56:121][  0]LogConfig: Setting CVar [[gc.AllowParallelGC:1]]
[2020.03.06-23.21.56:122][  0]LogConfig: Setting CVar [[gc.TimeBetweenPurgingPendingKillObjects:61.1]]
[2020.03.06-23.21.56:122][  0]LogConfig: Setting CVar [[gc.MaxObjectsInEditor:16777216]]
[2020.03.06-23.21.56:122][  0]LogConfig: Setting CVar [[gc.IncrementalBeginDestroyEnabled:1]]
[2020.03.06-23.21.56:122][  0]LogConfig: Setting CVar [[gc.CreateGCClusters:1]]
[2020.03.06-23.21.56:122][  0]LogConfig: Setting CVar [[gc.MinGCClusterSize:5]]
[2020.03.06-23.21.56:122][  0]LogConfig: Setting CVar [[gc.ActorClusteringEnabled:0]]
[2020.03.06-23.21.56:122][  0]LogConfig: Setting CVar [[gc.BlueprintClusteringEnabled:0]]
[2020.03.06-23.21.56:122][  0]LogConfig: Setting CVar [[gc.UseDisregardForGCOnDedicatedServers:0]]
[2020.03.06-23.21.56:122][  0]LogConfig: Applying CVar settings from Section [/Script/Engine.NetworkSettings] File [C:/Users/Seato/AppData/Local/gitkraken/app-6.5.3/MaMiSeShFay11820/Saved/Config/Windows/Engine.ini]
[2020.03.06-23.21.56:122][  0]LogConfig: Applying CVar settings from Section [/Script/UnrealEd.CookerSettings] File [C:/Users/Seato/AppData/Local/gitkraken/app-6.5.3/MaMiSeShFay11820/Saved/Config/Windows/Engine.ini]
[2020.03.06-23.21.56:130][  0]LogConfig: Applying CVar settings from Section [ViewDistanceQuality@3] File [C:/Users/Seato/AppData/Local/gitkraken/app-6.5.3/MaMiSeShFay11820/Saved/Config/Windows/Scalability.ini]
[2020.03.06-23.21.56:130][  0]LogConfig: Setting CVar [[r.SkeletalMeshLODBias:0]]
[2020.03.06-23.21.56:130][  0]LogConfig: Setting CVar [[r.ViewDistanceScale:1.0]]
[2020.03.06-23.21.56:130][  0]LogConfig: Applying CVar settings from Section [AntiAliasingQuality@3] File [C:/Users/Seato/AppData/Local/gitkraken/app-6.5.3/MaMiSeShFay11820/Saved/Config/Windows/Scalability.ini]
[2020.03.06-23.21.56:130][  0]LogConfig: Setting CVar [[r.PostProcessAAQuality:4]]
[2020.03.06-23.21.56:130][  0]LogConfig: Applying CVar settings from Section [ShadowQuality@3] File [C:/Users/Seato/AppData/Local/gitkraken/app-6.5.3/MaMiSeShFay11820/Saved/Config/Windows/Scalability.ini]
[2020.03.06-23.21.56:130][  0]LogConfig: Setting CVar [[r.LightFunctionQuality:1]]
[2020.03.06-23.21.56:130][  0]LogConfig: Setting CVar [[r.ShadowQuality:5]]
[2020.03.06-23.21.56:130][  0]LogConfig: Setting CVar [[r.Shadow.CSM.MaxCascades:10]]
[2020.03.06-23.21.56:130][  0]LogConfig: Setting CVar [[r.Shadow.MaxResolution:2048]]
[2020.03.06-23.21.56:130][  0]LogConfig: Setting CVar [[r.Shadow.MaxCSMResolution:2048]]
[2020.03.06-23.21.56:130][  0]LogConfig: Setting CVar [[r.Shadow.RadiusThreshold:0.01]]
[2020.03.06-23.21.56:130][  0]LogConfig: Setting CVar [[r.Shadow.DistanceScale:1.0]]
[2020.03.06-23.21.56:130][  0]LogConfig: Setting CVar [[r.Shadow.CSM.TransitionScale:1.0]]
[2020.03.06-23.21.56:130][  0]LogConfig: Setting CVar [[r.Shadow.PreShadowResolutionFactor:1.0]]
[2020.03.06-23.21.56:130][  0]LogConfig: Setting CVar [[r.DistanceFieldShadowing:1]]
[2020.03.06-23.21.56:131][  0]LogConfig: Setting CVar [[r.DistanceFieldAO:1]]
[2020.03.06-23.21.56:131][  0]LogConfig: Setting CVar [[r.AOQuality:2]]
[2020.03.06-23.21.56:131][  0]LogConfig: Setting CVar [[r.VolumetricFog:1]]
[2020.03.06-23.21.56:131][  0]LogConfig: Setting CVar [[r.VolumetricFog.GridPixelSize:8]]
[2020.03.06-23.21.56:131][  0]LogConfig: Setting CVar [[r.VolumetricFog.GridSizeZ:128]]
[2020.03.06-23.21.56:131][  0]LogConfig: Setting CVar [[r.VolumetricFog.HistoryMissSupersampleCount:4]]
[2020.03.06-23.21.56:131][  0]LogConfig: Setting CVar [[r.LightMaxDrawDistanceScale:1]]
[2020.03.06-23.21.56:131][  0]LogConfig: Setting CVar [[r.CapsuleShadows:1]]
[2020.03.06-23.21.56:131][  0]LogConfig: Applying CVar settings from Section [PostProcessQuality@3] File [C:/Users/Seato/AppData/Local/gitkraken/app-6.5.3/MaMiSeShFay11820/Saved/Config/Windows/Scalability.ini]
[2020.03.06-23.21.56:131][  0]LogConfig: Setting CVar [[r.MotionBlurQuality:4]]
[2020.03.06-23.21.56:131][  0]LogConfig: Setting CVar [[r.AmbientOcclusionMipLevelFactor:0.4]]
[2020.03.06-23.21.56:131][  0]LogConfig: Setting CVar [[r.AmbientOcclusionMaxQuality:100]]
[2020.03.06-23.21.56:131][  0]LogConfig: Setting CVar [[r.AmbientOcclusionLevels:-1]]
[2020.03.06-23.21.56:131][  0]LogConfig: Setting CVar [[r.AmbientOcclusionRadiusScale:1.0]]
[2020.03.06-23.21.56:131][  0]LogConfig: Setting CVar [[r.DepthOfFieldQuality:2]]
[2020.03.06-23.21.56:131][  0]LogConfig: Setting CVar [[r.RenderTargetPoolMin:400]]
[2020.03.06-23.21.56:131][  0]LogConfig: Setting CVar [[r.LensFlareQuality:2]]
[2020.03.06-23.21.56:131][  0]LogConfig: Setting CVar [[r.SceneColorFringeQuality:1]]
[2020.03.06-23.21.56:131][  0]LogConfig: Setting CVar [[r.EyeAdaptationQuality:2]]
[2020.03.06-23.21.56:131][  0]LogConfig: Setting CVar [[r.BloomQuality:5]]
[2020.03.06-23.21.56:131][  0]LogConfig: Setting CVar [[r.FastBlurThreshold:100]]
[2020.03.06-23.21.56:131][  0]LogConfig: Setting CVar [[r.Upscale.Quality:3]]
[2020.03.06-23.21.56:131][  0]LogConfig: Setting CVar [[r.Tonemapper.GrainQuantization:1]]
[2020.03.06-23.21.56:132][  0]LogConfig: Setting CVar [[r.LightShaftQuality:1]]
[2020.03.06-23.21.56:132][  0]LogConfig: Setting CVar [[r.Filter.SizeScale:1]]
[2020.03.06-23.21.56:132][  0]LogConfig: Setting CVar [[r.Tonemapper.Quality:5]]
[2020.03.06-23.21.56:132][  0]LogConfig: Setting CVar [[r.DOF.Gather.AccumulatorQuality:1        ; higher gathering accumulator quality]]
[2020.03.06-23.21.56:132][  0]LogConfig: Setting CVar [[r.DOF.Gather.PostfilterMethod:1          ; Median3x3 postfilering method]]
[2020.03.06-23.21.56:132][  0]LogConfig: Setting CVar [[r.DOF.Gather.EnableBokehSettings:0       ; no bokeh simulation when gathering]]
[2020.03.06-23.21.56:132][  0]LogConfig: Setting CVar [[r.DOF.Gather.RingCount:4                 ; medium number of samples when gathering]]
[2020.03.06-23.21.56:132][  0]LogConfig: Setting CVar [[r.DOF.Scatter.ForegroundCompositing:1    ; additive foreground scattering]]
[2020.03.06-23.21.56:132][  0]LogConfig: Setting CVar [[r.DOF.Scatter.BackgroundCompositing:2    ; additive background scattering]]
[2020.03.06-23.21.56:132][  0]LogConfig: Setting CVar [[r.DOF.Scatter.EnableBokehSettings:1      ; bokeh simulation when scattering]]
[2020.03.06-23.21.56:132][  0]LogConfig: Setting CVar [[r.DOF.Scatter.MaxSpriteRatio:0.1         ; only a maximum of 10% of scattered bokeh]]
[2020.03.06-23.21.56:132][  0]LogConfig: Setting CVar [[r.DOF.Recombine.Quality:1                ; cheap slight out of focus]]
[2020.03.06-23.21.56:132][  0]LogConfig: Setting CVar [[r.DOF.Recombine.EnableBokehSettings:0    ; no bokeh simulation on slight out of focus]]
[2020.03.06-23.21.56:132][  0]LogConfig: Setting CVar [[r.DOF.TemporalAAQuality:1                ; more stable temporal accumulation]]
[2020.03.06-23.21.56:132][  0]LogConfig: Setting CVar [[r.DOF.Kernel.MaxForegroundRadius:0.025]]
[2020.03.06-23.21.56:132][  0]LogConfig: Setting CVar [[r.DOF.Kernel.MaxBackgroundRadius:0.025]]
[2020.03.06-23.21.56:132][  0]LogConfig: Applying CVar settings from Section [TextureQuality@3] File [C:/Users/Seato/AppData/Local/gitkraken/app-6.5.3/MaMiSeShFay11820/Saved/Config/Windows/Scalability.ini]
[2020.03.06-23.21.56:132][  0]LogConfig: Setting CVar [[r.Streaming.MipBias:0]]
[2020.03.06-23.21.56:132][  0]LogConfig: Setting CVar [[r.Streaming.AmortizeCPUToGPUCopy:0]]
[2020.03.06-23.21.56:132][  0]LogConfig: Setting CVar [[r.Streaming.MaxNumTexturesToStreamPerFrame:0]]
[2020.03.06-23.21.56:132][  0]LogConfig: Setting CVar [[r.Streaming.Boost:1]]
[2020.03.06-23.21.56:132][  0]LogConfig: Setting CVar [[r.MaxAnisotropy:8]]
[2020.03.06-23.21.56:133][  0]LogConfig: Setting CVar [[r.Streaming.LimitPoolSizeToVRAM:0]]
[2020.03.06-23.21.56:133][  0]LogConfig: Setting CVar [[r.Streaming.PoolSize:1000]]
[2020.03.06-23.21.56:133][  0]LogConfig: Setting CVar [[r.Streaming.MaxEffectiveScreenSize:0]]
[2020.03.06-23.21.56:133][  0]LogConfig: Applying CVar settings from Section [EffectsQuality@3] File [C:/Users/Seato/AppData/Local/gitkraken/app-6.5.3/MaMiSeShFay11820/Saved/Config/Windows/Scalability.ini]
[2020.03.06-23.21.56:133][  0]LogConfig: Setting CVar [[r.TranslucencyLightingVolumeDim:64]]
[2020.03.06-23.21.56:133][  0]LogConfig: Setting CVar [[r.RefractionQuality:2]]
[2020.03.06-23.21.56:133][  0]LogConfig: Setting CVar [[r.SSR.Quality:3]]
[2020.03.06-23.21.56:133][  0]LogConfig: Setting CVar [[r.SceneColorFormat:4]]
[2020.03.06-23.21.56:133][  0]LogConfig: Setting CVar [[r.DetailMode:2]]
[2020.03.06-23.21.56:133][  0]LogConfig: Setting CVar [[r.TranslucencyVolumeBlur:1]]
[2020.03.06-23.21.56:133][  0]LogConfig: Setting CVar [[r.MaterialQualityLevel:1 ; High quality]]
[2020.03.06-23.21.56:133][  0]LogConfig: Setting CVar [[r.SSS.Scale:1]]
[2020.03.06-23.21.56:133][  0]LogConfig: Setting CVar [[r.SSS.SampleSet:2]]
[2020.03.06-23.21.56:133][  0]LogConfig: Setting CVar [[r.SSS.Quality:1]]
[2020.03.06-23.21.56:133][  0]LogConfig: Setting CVar [[r.SSS.HalfRes:1]]
[2020.03.06-23.21.56:133][  0]LogConfig: Setting CVar [[r.EmitterSpawnRateScale:1.0]]
[2020.03.06-23.21.56:133][  0]LogConfig: Setting CVar [[r.ParticleLightQuality:2]]
[2020.03.06-23.21.56:133][  0]LogConfig: Applying CVar settings from Section [FoliageQuality@3] File [C:/Users/Seato/AppData/Local/gitkraken/app-6.5.3/MaMiSeShFay11820/Saved/Config/Windows/Scalability.ini]
[2020.03.06-23.21.56:133][  0]LogConfig: Setting CVar [[foliage.DensityScale:1.0]]
[2020.03.06-23.21.56:133][  0]LogConfig: Setting CVar [[grass.DensityScale:1.0]]
[2020.03.06-23.21.56:134][  0]LogInit: Selected Device Profile: [Windows]
[2020.03.06-23.21.56:134][  0]LogInit: Applying CVar settings loaded from the selected device profile: [Windows]
[2020.03.06-23.21.56:145][  0]LogHAL: Display: Platform has ~ 16 GB [17050578944 / 17179869184 / 16], which maps to Larger [LargestMinGB=32, LargerMinGB=12, DefaultMinGB=8, SmallerMinGB=6, SmallestMinGB=0)
[2020.03.06-23.21.56:145][  0]LogInit: Going up to parent DeviceProfile []
[2020.03.06-23.21.56:146][  0]LogConfig: Applying CVar settings from Section [ViewDistanceQuality@3] File [C:/Users/Seato/AppData/Local/gitkraken/app-6.5.3/MaMiSeShFay11820/Saved/Config/Windows/Scalability.ini]
[2020.03.06-23.21.56:146][  0]LogConfig: Setting CVar [[r.SkeletalMeshLODBias:0]]
[2020.03.06-23.21.56:146][  0]LogConfig: Setting CVar [[r.ViewDistanceScale:1.0]]
[2020.03.06-23.21.56:146][  0]LogConfig: Applying CVar settings from Section [AntiAliasingQuality@3] File [C:/Users/Seato/AppData/Local/gitkraken/app-6.5.3/MaMiSeShFay11820/Saved/Config/Windows/Scalability.ini]
[2020.03.06-23.21.56:146][  0]LogConfig: Setting CVar [[r.PostProcessAAQuality:4]]
[2020.03.06-23.21.56:146][  0]LogConfig: Applying CVar settings from Section [ShadowQuality@3] File [C:/Users/Seato/AppData/Local/gitkraken/app-6.5.3/MaMiSeShFay11820/Saved/Config/Windows/Scalability.ini]
[2020.03.06-23.21.56:146][  0]LogConfig: Setting CVar [[r.LightFunctionQuality:1]]
[2020.03.06-23.21.56:146][  0]LogConfig: Setting CVar [[r.ShadowQuality:5]]
[2020.03.06-23.21.56:146][  0]LogConfig: Setting CVar [[r.Shadow.CSM.MaxCascades:10]]
[2020.03.06-23.21.56:146][  0]LogConfig: Setting CVar [[r.Shadow.MaxResolution:2048]]
[2020.03.06-23.21.56:146][  0]LogConfig: Setting CVar [[r.Shadow.MaxCSMResolution:2048]]
[2020.03.06-23.21.56:146][  0]LogConfig: Setting CVar [[r.Shadow.RadiusThreshold:0.01]]
[2020.03.06-23.21.56:146][  0]LogConfig: Setting CVar [[r.Shadow.DistanceScale:1.0]]
[2020.03.06-23.21.56:146][  0]LogConfig: Setting CVar [[r.Shadow.CSM.TransitionScale:1.0]]
[2020.03.06-23.21.56:146][  0]LogConfig: Setting CVar [[r.Shadow.PreShadowResolutionFactor:1.0]]
[2020.03.06-23.21.56:146][  0]LogConfig: Setting CVar [[r.DistanceFieldShadowing:1]]
[2020.03.06-23.21.56:146][  0]LogConfig: Setting CVar [[r.DistanceFieldAO:1]]
[2020.03.06-23.21.56:146][  0]LogConfig: Setting CVar [[r.AOQuality:2]]
[2020.03.06-23.21.56:146][  0]LogConfig: Setting CVar [[r.VolumetricFog:1]]
[2020.03.06-23.21.56:147][  0]LogConfig: Setting CVar [[r.VolumetricFog.GridPixelSize:8]]
[2020.03.06-23.21.56:147][  0]LogConfig: Setting CVar [[r.VolumetricFog.GridSizeZ:128]]
[2020.03.06-23.21.56:147][  0]LogConfig: Setting CVar [[r.VolumetricFog.HistoryMissSupersampleCount:4]]
[2020.03.06-23.21.56:147][  0]LogConfig: Setting CVar [[r.LightMaxDrawDistanceScale:1]]
[2020.03.06-23.21.56:147][  0]LogConfig: Setting CVar [[r.CapsuleShadows:1]]
[2020.03.06-23.21.56:147][  0]LogConfig: Applying CVar settings from Section [PostProcessQuality@3] File [C:/Users/Seato/AppData/Local/gitkraken/app-6.5.3/MaMiSeShFay11820/Saved/Config/Windows/Scalability.ini]
[2020.03.06-23.21.56:147][  0]LogConfig: Setting CVar [[r.MotionBlurQuality:4]]
[2020.03.06-23.21.56:147][  0]LogConfig: Setting CVar [[r.AmbientOcclusionMipLevelFactor:0.4]]
[2020.03.06-23.21.56:147][  0]LogConfig: Setting CVar [[r.AmbientOcclusionMaxQuality:100]]
[2020.03.06-23.21.56:147][  0]LogConfig: Setting CVar [[r.AmbientOcclusionLevels:-1]]
[2020.03.06-23.21.56:147][  0]LogConfig: Setting CVar [[r.AmbientOcclusionRadiusScale:1.0]]
[2020.03.06-23.21.56:147][  0]LogConfig: Setting CVar [[r.DepthOfFieldQuality:2]]
[2020.03.06-23.21.56:147][  0]LogConfig: Setting CVar [[r.RenderTargetPoolMin:400]]
[2020.03.06-23.21.56:147][  0]LogConfig: Setting CVar [[r.LensFlareQuality:2]]
[2020.03.06-23.21.56:147][  0]LogConfig: Setting CVar [[r.SceneColorFringeQuality:1]]
[2020.03.06-23.21.56:147][  0]LogConfig: Setting CVar [[r.EyeAdaptationQuality:2]]
[2020.03.06-23.21.56:147][  0]LogConfig: Setting CVar [[r.BloomQuality:5]]
[2020.03.06-23.21.56:147][  0]LogConfig: Setting CVar [[r.FastBlurThreshold:100]]
[2020.03.06-23.21.56:147][  0]LogConfig: Setting CVar [[r.Upscale.Quality:3]]
[2020.03.06-23.21.56:147][  0]LogConfig: Setting CVar [[r.Tonemapper.GrainQuantization:1]]
[2020.03.06-23.21.56:147][  0]LogConfig: Setting CVar [[r.LightShaftQuality:1]]
[2020.03.06-23.21.56:147][  0]LogConfig: Setting CVar [[r.Filter.SizeScale:1]]
[2020.03.06-23.21.56:147][  0]LogConfig: Setting CVar [[r.Tonemapper.Quality:5]]
[2020.03.06-23.21.56:147][  0]LogConfig: Setting CVar [[r.DOF.Gather.AccumulatorQuality:1        ; higher gathering accumulator quality]]
[2020.03.06-23.21.56:148][  0]LogConfig: Setting CVar [[r.DOF.Gather.PostfilterMethod:1          ; Median3x3 postfilering method]]
[2020.03.06-23.21.56:148][  0]LogConfig: Setting CVar [[r.DOF.Gather.EnableBokehSettings:0       ; no bokeh simulation when gathering]]
[2020.03.06-23.21.56:148][  0]LogConfig: Setting CVar [[r.DOF.Gather.RingCount:4                 ; medium number of samples when gathering]]
[2020.03.06-23.21.56:148][  0]LogConfig: Setting CVar [[r.DOF.Scatter.ForegroundCompositing:1    ; additive foreground scattering]]
[2020.03.06-23.21.56:148][  0]LogConfig: Setting CVar [[r.DOF.Scatter.BackgroundCompositing:2    ; additive background scattering]]
[2020.03.06-23.21.56:148][  0]LogConfig: Setting CVar [[r.DOF.Scatter.EnableBokehSettings:1      ; bokeh simulation when scattering]]
[2020.03.06-23.21.56:148][  0]LogConfig: Setting CVar [[r.DOF.Scatter.MaxSpriteRatio:0.1         ; only a maximum of 10% of scattered bokeh]]
[2020.03.06-23.21.56:148][  0]LogConfig: Setting CVar [[r.DOF.Recombine.Quality:1                ; cheap slight out of focus]]
[2020.03.06-23.21.56:148][  0]LogConfig: Setting CVar [[r.DOF.Recombine.EnableBokehSettings:0    ; no bokeh simulation on slight out of focus]]
[2020.03.06-23.21.56:148][  0]LogConfig: Setting CVar [[r.DOF.TemporalAAQuality:1                ; more stable temporal accumulation]]
[2020.03.06-23.21.56:148][  0]LogConfig: Setting CVar [[r.DOF.Kernel.MaxForegroundRadius:0.025]]
[2020.03.06-23.21.56:148][  0]LogConfig: Setting CVar [[r.DOF.Kernel.MaxBackgroundRadius:0.025]]
[2020.03.06-23.21.56:148][  0]LogConfig: Applying CVar settings from Section [TextureQuality@3] File [C:/Users/Seato/AppData/Local/gitkraken/app-6.5.3/MaMiSeShFay11820/Saved/Config/Windows/Scalability.ini]
[2020.03.06-23.21.56:148][  0]LogConfig: Setting CVar [[r.Streaming.MipBias:0]]
[2020.03.06-23.21.56:148][  0]LogConfig: Setting CVar [[r.Streaming.AmortizeCPUToGPUCopy:0]]
[2020.03.06-23.21.56:148][  0]LogConfig: Setting CVar [[r.Streaming.MaxNumTexturesToStreamPerFrame:0]]
[2020.03.06-23.21.56:148][  0]LogConfig: Setting CVar [[r.Streaming.Boost:1]]
[2020.03.06-23.21.56:148][  0]LogConfig: Setting CVar [[r.MaxAnisotropy:8]]
[2020.03.06-23.21.56:148][  0]LogConfig: Setting CVar [[r.Streaming.LimitPoolSizeToVRAM:0]]
[2020.03.06-23.21.56:148][  0]LogConfig: Setting CVar [[r.Streaming.PoolSize:1000]]
[2020.03.06-23.21.56:148][  0]LogConfig: Setting CVar [[r.Streaming.MaxEffectiveScreenSize:0]]
[2020.03.06-23.21.56:149][  0]LogConfig: Applying CVar settings from Section [EffectsQuality@3] File [C:/Users/Seato/AppData/Local/gitkraken/app-6.5.3/MaMiSeShFay11820/Saved/Config/Windows/Scalability.ini]
[2020.03.06-23.21.56:149][  0]LogConfig: Setting CVar [[r.TranslucencyLightingVolumeDim:64]]
[2020.03.06-23.21.56:149][  0]LogConfig: Setting CVar [[r.RefractionQuality:2]]
[2020.03.06-23.21.56:149][  0]LogConfig: Setting CVar [[r.SSR.Quality:3]]
[2020.03.06-23.21.56:149][  0]LogConfig: Setting CVar [[r.SceneColorFormat:4]]
[2020.03.06-23.21.56:149][  0]LogConfig: Setting CVar [[r.DetailMode:2]]
[2020.03.06-23.21.56:149][  0]LogConfig: Setting CVar [[r.TranslucencyVolumeBlur:1]]
[2020.03.06-23.21.56:149][  0]LogConfig: Setting CVar [[r.MaterialQualityLevel:1 ; High quality]]
[2020.03.06-23.21.56:149][  0]LogConfig: Setting CVar [[r.SSS.Scale:1]]
[2020.03.06-23.21.56:149][  0]LogConfig: Setting CVar [[r.SSS.SampleSet:2]]
[2020.03.06-23.21.56:149][  0]LogConfig: Setting CVar [[r.SSS.Quality:1]]
[2020.03.06-23.21.56:149][  0]LogConfig: Setting CVar [[r.SSS.HalfRes:1]]
[2020.03.06-23.21.56:149][  0]LogConfig: Setting CVar [[r.EmitterSpawnRateScale:1.0]]
[2020.03.06-23.21.56:149][  0]LogConfig: Setting CVar [[r.ParticleLightQuality:2]]
[2020.03.06-23.21.56:149][  0]LogConfig: Applying CVar settings from Section [FoliageQuality@3] File [C:/Users/Seato/AppData/Local/gitkraken/app-6.5.3/MaMiSeShFay11820/Saved/Config/Windows/Scalability.ini]
[2020.03.06-23.21.56:149][  0]LogConfig: Setting CVar [[foliage.DensityScale:1.0]]
[2020.03.06-23.21.56:149][  0]LogConfig: Setting CVar [[grass.DensityScale:1.0]]
[2020.03.06-23.21.56:149][  0]LogConfig: Applying CVar settings from Section [Startup] File [../../../Engine/Config/ConsoleVariables.ini]
[2020.03.06-23.21.56:151][  0]LogConfig: Setting CVar [[net.UseAdaptiveNetUpdateFrequency:0]]
[2020.03.06-23.21.56:151][  0]LogConfig: Setting CVar [[p.chaos.AllowCreatePhysxBodies:1]]
[2020.03.06-23.21.56:151][  0]LogConfig: Applying CVar settings from Section [ConsoleVariables] File [C:/Users/Seato/AppData/Local/gitkraken/app-6.5.3/MaMiSeShFay11820/Saved/Config/Windows/Engine.ini]
[2020.03.06-23.21.56:151][  0]LogInit: Computer: DESKTOP-8LB6TA0
[2020.03.06-23.21.56:151][  0]LogInit: User: Seato
[2020.03.06-23.21.56:152][  0]LogInit: CPU Page size=4096, Cores=4
[2020.03.06-23.21.56:152][  0]LogInit: High frequency timer resolution =10.000000 MHz
[2020.03.06-23.21.56:152][  0]LogMemory: Memory total: Physical=15.9GB (16GB approx)
[2020.03.06-23.21.56:152][  0]LogMemory: Platform Memory Stats for Windows
[2020.03.06-23.21.56:152][  0]LogMemory: Process Physical Memory: 101.24 MB used, 101.25 MB peak
[2020.03.06-23.21.56:153][  0]LogMemory: Process Virtual Memory: 100.77 MB used, 100.77 MB peak
[2020.03.06-23.21.56:153][  0]LogMemory: Physical Memory: 9053.58 MB used,  7207.12 MB free, 16260.70 MB total
[2020.03.06-23.21.56:153][  0]LogMemory: Virtual Memory: 4668.31 MB used,  134213056.00 MB free, 134217728.00 MB total
[2020.03.06-23.21.56:164][  0]LogWindows: WindowsPlatformFeatures enabled
[2020.03.06-23.21.56:248][  0]LogInit: Using OS detected language (en-US).
[2020.03.06-23.21.56:248][  0]LogInit: Using OS detected locale (en-US).
[2020.03.06-23.21.56:250][  0]LogTextLocalizationManager: No specific localization for 'en-US' exists, so the 'en' localization will be used.
[2020.03.06-23.21.56:851][  0]LogSlate: New Slate User Created.  User Index 0, Is Virtual User: 0
[2020.03.06-23.21.56:851][  0]LogSlate: Slate User Registered.  User Index 0, Is Virtual User: 0
[2020.03.06-23.21.56:985][  0]LogHMD: Failed to initialize OpenVR with code 110
[2020.03.06-23.21.56:986][  0]LogD3D11RHI: D3D11 adapters:
[2020.03.06-23.21.57:169][  0]LogD3D11RHI:    0. 'NVIDIA GeForce GTX 1060' (Feature Level 11_0)
[2020.03.06-23.21.57:169][  0]LogD3D11RHI:       6052/0/8130 MB DedicatedVideo/DedicatedSystem/SharedSystem, Outputs:1, VendorId:0x10de
[2020.03.06-23.21.57:194][  0]LogD3D11RHI:    1. 'Intel(R) HD Graphics 530' (Feature Level 11_0)
[2020.03.06-23.21.57:194][  0]LogD3D11RHI:       128/0/8130 MB DedicatedVideo/DedicatedSystem/SharedSystem, Outputs:0, VendorId:0x8086
[2020.03.06-23.21.57:200][  0]LogD3D11RHI:    2. 'Microsoft Basic Render Driver' (Feature Level 11_0)
[2020.03.06-23.21.57:200][  0]LogD3D11RHI:       0/0/8130 MB DedicatedVideo/DedicatedSystem/SharedSystem, Outputs:0, VendorId:0x1414
[2020.03.06-23.21.57:200][  0]LogD3D11RHI: Chosen D3D11 Adapter: 0
[2020.03.06-23.21.57:326][  0]LogD3D11RHI: Creating new Direct3DDevice
[2020.03.06-23.21.57:326][  0]LogD3D11RHI:     GPU DeviceId: 0x1c20 (for the marketing name, search the web for "GPU Device Id")
[2020.03.06-23.21.57:326][  0]LogWindows: EnumDisplayDevices:
[2020.03.06-23.21.57:327][  0]LogWindows:    0. 'Intel(R) HD Graphics 530' (P:1 D:1)
[2020.03.06-23.21.57:328][  0]LogWindows:    1. 'Intel(R) HD Graphics 530' (P:0 D:0)
[2020.03.06-23.21.57:329][  0]LogWindows:    2. 'Intel(R) HD Graphics 530' (P:0 D:0)
[2020.03.06-23.21.57:329][  0]LogWindows:    3. 'NVIDIA GeForce GTX 1060' (P:0 D:0)
[2020.03.06-23.21.57:330][  0]LogWindows:    4. 'NVIDIA GeForce GTX 1060' (P:0 D:0)
[2020.03.06-23.21.57:331][  0]LogWindows:    5. 'NVIDIA GeForce GTX 1060' (P:0 D:0)
[2020.03.06-23.21.57:332][  0]LogWindows:    6. 'NVIDIA GeForce GTX 1060' (P:0 D:0)
[2020.03.06-23.21.57:333][  0]LogWindows: DebugString: PrimaryIsNotTheChoosenAdapter PrimaryIsNotTheChoosenAdapter PrimaryIsNotTheChoosenAdapter FoundDriverCount:4 
[2020.03.06-23.21.57:333][  0]LogD3D11RHI:     Adapter Name: NVIDIA GeForce GTX 1060
[2020.03.06-23.21.57:333][  0]LogD3D11RHI:   Driver Version: 399.01 (internal:24.21.13.9901, unified:399.01)
[2020.03.06-23.21.57:333][  0]LogD3D11RHI:      Driver Date: 8-13-2018
[2020.03.06-23.21.57:333][  0]LogRHI: Texture pool is 4236 MB (70% of 6052 MB)
[2020.03.06-23.21.57:454][  0]LogD3D11RHI: Async texture creation enabled
[2020.03.06-23.21.57:484][  0]LogD3D11RHI: GPU Timing Frequency: 1000.000000 (Debug: 2 2)
[2020.03.06-23.21.58:424][  0]LogTemp: Display: Module 'WindowsClientTargetPlatform' loaded TargetPlatform 'WindowsClient'
[2020.03.06-23.21.58:453][  0]LogTemp: Display: Module 'WindowsNoEditorTargetPlatform' loaded TargetPlatform 'WindowsNoEditor'
[2020.03.06-23.21.58:483][  0]LogTemp: Display: Module 'WindowsServerTargetPlatform' loaded TargetPlatform 'WindowsServer'
[2020.03.06-23.21.58:497][  0]LogTemp: Display: Module 'WindowsTargetPlatform' loaded TargetPlatform 'Windows'
[2020.03.06-23.21.58:498][  0]LogTargetPlatformManager: Display: Building Assets For Windows
[2020.03.06-23.21.58:525][  0]LogAudioDebug: Display: Lib vorbis DLL was dynamically loaded.
[2020.03.06-23.21.58:691][  0]LogShaderCompilers: Guid format shader working directory is -34 characters bigger than the processId version (../../../../../../Users/Seato/AppData/Local/gitkraken/app-6.5.3/MaMiSeShFay11820/Intermediate/Shaders/WorkingDirectory/2232/).
[2020.03.06-23.21.58:691][  0]LogShaderCompilers: Cleaned the shader compiler working directory 'C:/Users/Seato/AppData/Local/Temp/UnrealShaderWorkingDir/E467E7F1487A29840130318353A11B07/'.
[2020.03.06-23.21.58:699][  0]LogXGEController: Cannot use XGE Controller as Incredibuild is not installed on this machine.
[2020.03.06-23.21.58:699][  0]LogShaderCompilers: Cannot use XGE Shader Compiler as Incredibuild is not installed on this machine.
[2020.03.06-23.21.58:699][  0]LogShaderCompilers: Display: Using Local Shader Compiler.
[2020.03.06-23.22.00:638][  0]LogDerivedDataCache: Display: Max Cache Size: 512 MB
[2020.03.06-23.22.00:752][  0]LogDerivedDataCache: Loaded boot cache 0.11s 73MB C:/Users/Seato/AppData/Local/UnrealEngine/4.23/DerivedDataCache/Boot.ddc.
[2020.03.06-23.22.00:752][  0]LogDerivedDataCache: Display: Loaded Boot cache: C:/Users/Seato/AppData/Local/UnrealEngine/4.23/DerivedDataCache/Boot.ddc
[2020.03.06-23.22.00:752][  0]LogDerivedDataCache: FDerivedDataBackendGraph:  Pak pak cache file ../../../../../../Users/Seato/AppData/Local/gitkraken/app-6.5.3/MaMiSeShFay11820/DerivedDataCache/DDC.ddp not found, will not use a pak cache.
[2020.03.06-23.22.00:752][  0]LogDerivedDataCache: Unable to find inner node Pak for hierarchical cache Hierarchy.
[2020.03.06-23.22.00:753][  0]LogDerivedDataCache: FDerivedDataBackendGraph:  CompressedPak pak cache file ../../../../../../Users/Seato/AppData/Local/gitkraken/app-6.5.3/MaMiSeShFay11820/DerivedDataCache/Compressed.ddp not found, will not use a pak cache.
[2020.03.06-23.22.00:753][  0]LogDerivedDataCache: Unable to find inner node CompressedPak for hierarchical cache Hierarchy.
[2020.03.06-23.22.00:785][  0]LogDerivedDataCache: Display: Pak cache opened for reading ../../../Engine/DerivedDataCache/Compressed.ddp.
[2020.03.06-23.22.00:786][  0]LogDerivedDataCache: FDerivedDataBackendGraph:  EnterprisePak pak cache file ../../../Enterprise/DerivedDataCache/Compressed.ddp not found, will not use a pak cache.
[2020.03.06-23.22.00:786][  0]LogDerivedDataCache: Unable to find inner node EnterprisePak for hierarchical cache Hierarchy.
[2020.03.06-23.22.00:789][  0]LogDerivedDataCache: Using Local data cache path C:/Users/Seato/AppData/Local/UnrealEngine/Common/DerivedDataCache: Writable
[2020.03.06-23.22.00:789][  0]LogDerivedDataCache: Shared data cache path not found in *engine.ini, will not use an Shared cache.
[2020.03.06-23.22.00:789][  0]LogDerivedDataCache: Unable to find inner node Shared for hierarchical cache Hierarchy.
[2020.03.06-23.22.00:855][  0]LogMaterial: Verifying Global Shaders for PCD3D_SM5
[2020.03.06-23.22.00:862][  0]LogSlate: Using FreeType 2.6.0
[2020.03.06-23.22.00:863][  0]LogSlate: SlateFontServices - WITH_FREETYPE: 1, WITH_HARFBUZZ: 1
[2020.03.06-23.22.01:206][  0]LogInit: Using OS detected language (en-US).
[2020.03.06-23.22.01:206][  0]LogInit: Using OS detected locale (en-US).
[2020.03.06-23.22.01:206][  0]LogTextLocalizationManager: No localization for 'en-US' exists, so 'en' will be used for the language.
[2020.03.06-23.22.01:206][  0]LogTextLocalizationManager: No localization for 'en-US' exists, so 'en' will be used for the locale.
[2020.03.06-23.22.01:207][  0]LogSlate: FontCache flush requested. Reason: Culture for localization was changed
[2020.03.06-23.22.01:207][  0]LogSlate: FontCache flush requested. Reason: Culture for localization was changed
[2020.03.06-23.22.01:209][  0]LogTextLocalizationManager: Compacting localization data took   0.01ms
[2020.03.06-23.22.01:222][  0]LogAssetRegistry: FAssetRegistry took 0.0046 seconds to start up
[2020.03.06-23.22.01:841][  0]LogPackageLocalizationCache: Processed 12 localized package path(s) for 1 prioritized culture(s) in 0.001811 seconds
[2020.03.06-23.22.02:025][  0]LogInit: Selected Device Profile: [Windows]
[2020.03.06-23.22.02:449][  0]LogMeshReduction: Using QuadricMeshReduction for automatic static mesh reduction
[2020.03.06-23.22.02:449][  0]LogMeshReduction: Using SimplygonMeshReduction for automatic skeletal mesh reduction
[2020.03.06-23.22.02:449][  0]LogMeshReduction: Using ProxyLODMeshReduction for automatic mesh merging
[2020.03.06-23.22.02:449][  0]LogMeshReduction: No distributed automatic mesh merging module available
[2020.03.06-23.22.02:449][  0]LogMeshMerging: No distributed automatic mesh merging module available
[2020.03.06-23.22.02:472][  0]LogNetVersion: MyProject3 1.0.0, NetCL: 8386587, EngineNetVer: 11, GameNetVer: 0 (Checksum: 3053665297)
[2020.03.06-23.22.04:025][  0]LogMoviePlayer: Initializing movie player
[2020.03.06-23.22.04:211][  0]LogTcpMessaging: Initializing TcpMessaging bridge
[2020.03.06-23.22.04:215][  0]LogUdpMessaging: Initializing bridge on interface 0.0.0.0:0 to multicast group 230.0.0.1:6666.
[2020.03.06-23.22.04:310][  0]SourceControl: Source control is disabled
[2020.03.06-23.22.04:310][  0]SourceControl: Source control is disabled
[2020.03.06-23.22.04:313][  0]SourceControl: Source control is disabled
[2020.03.06-23.22.04:445][  0]LogAndroidPermission: UAndroidPermissionCallbackProxy::GetInstance
[2020.03.06-23.22.04:766][  0]LogOcInput: OculusInput pre-init called
[2020.03.06-23.22.04:788][  0]LogUObjectArray: 48898 objects as part of root set at end of initial load.
[2020.03.06-23.22.04:788][  0]LogUObjectAllocator: 8615448 out of 0 bytes used by permanent object pool.
[2020.03.06-23.22.04:788][  0]LogUObjectArray: CloseDisregardForGC: 0/0 objects in disregard for GC pool
[2020.03.06-23.22.04:964][  0]LogEngine: Initializing Engine...
[2020.03.06-23.22.04:967][  0]LogHMD: Failed to initialize OpenVR with code 110
[2020.03.06-23.22.04:970][  0]LogStats: UGameplayTagsManager::InitializeManager -  0.000 s
[2020.03.06-23.22.05:412][  0]LogInit: Initializing FReadOnlyCVARCache
[2020.03.06-23.22.05:452][  0]LogInit: XAudio2 using 'Speakers (Realtek High Definition Audio)' : 2 channels at 48 kHz using 32 bits per sample (channel mask 0x3)
[2020.03.06-23.22.05:703][  0]LogInit: FAudioDevice initialized.
[2020.03.06-23.22.05:705][  0]LogNetVersion: Set ProjectVersion to 1.0.0.0. Version Checksum will be recalculated on next use.
[2020.03.06-23.22.05:712][  0]LogInit: Texture streaming: Enabled
[2020.03.06-23.22.06:173][  0]LogSlate: Updating window title bar state: overlay mode, drag disabled, window buttons hidden, title bar hidden
[2020.03.06-23.22.06:175][  0]LogInit: Display: Game Engine Initialized.
[2020.03.06-23.22.06:321][  0]LogInit: Display: Starting Game.
[2020.03.06-23.22.06:321][  0]LogNet: Browse: /Game/Maps/MainMenu?Name=Player
[2020.03.06-23.22.06:321][  0]LogLoad: LoadMap: /Game/Maps/MainMenu?Name=Player
[2020.03.06-23.22.06:321][  0]LogWorld: BeginTearingDown for /Temp/Untitled_0
[2020.03.06-23.22.06:333][  0]LogWorld: UWorld::CleanupWorld for Untitled, bSessionEnded=true, bCleanupResources=true
[2020.03.06-23.22.06:404][  0]LogUObjectHash: Compacting FUObjectHashTables data took   3.90ms
[2020.03.06-23.22.06:501][  0]LogAIModule: Creating AISystem for world MainMenu
[2020.03.06-23.22.07:216][  0]LogLoad: Game class is 'VehicleAdvGameMode_C'
[2020.03.06-23.22.07:227][  0]LogWorld: Bringing World /Game/Maps/MainMenu.MainMenu up for play (max tick rate 0) at 2020.03.06-18.22.07
[2020.03.06-23.22.07:228][  0]LogWorld: Bringing up level for play took: 0.001711
[2020.03.06-23.22.07:229][  0]LogGameMode: FindPlayerStart: PATHS NOT DEFINED or NO PLAYERSTART with positive rating
[2020.03.06-23.22.07:252][  0]LogLoad: Took 0.931392 seconds to LoadMap(/Game/Maps/MainMenu)
[2020.03.06-23.22.07:330][  0]LogRenderer: Reallocating scene render targets to support 1280x720 Format 10 NumSamples 1 (Frame:1).
[2020.03.06-23.22.07:330][  0]LogLoad: (Engine Initialization) Total time: 15.46 seconds
[2020.03.06-23.22.07:330][  0]LogLoad: (Engine Initialization) Total Blueprint compile time: 0.00 seconds
[2020.03.06-23.22.07:371][  0]LogRawInputWindows: Warning: Found device 0 devices
[2020.03.06-23.22.07:372][  0]LogRawInputWindows: Warning: Found device 0 devices
[2020.03.06-23.22.07:372][  0]LogRawInputWindows: Warning: Device was registered succesfully but not connected (Usage:4 UsagePage:1)
[2020.03.06-23.22.07:372][  0]LogRawInputWindows: Warning: Found device 1 devices
[2020.03.06-23.22.07:372][  0]LogRawInputWindows: Warning: Device was registered succesfully but not connected (Usage:5 UsagePage:1)
[2020.03.06-23.22.07:377][  0]LogContentStreaming: Texture pool size now 1000 MB
[2020.03.06-23.22.44:256][285]LogSlate: FSceneViewport::OnFocusLost() reason 0
[2020.03.06-23.22.47:842][507]r.SetRes = "800x600"
[2020.03.06-23.22.47:854][507]LogRenderer: Reallocating scene render targets to support 800x600 Format 10 NumSamples 1 (Frame:2509).
[2020.03.06-23.22.49:026][577]r.SetRes = "1920x1080"
[2020.03.06-23.22.49:042][577]LogRenderer: Reallocating scene render targets to support 1536x864 Format 10 NumSamples 1 (Frame:2581).
[2020.03.06-23.22.50:173][644]r.SetRes = "1280x720"
[2020.03.06-23.22.50:213][646]LogRenderer: Reallocating scene render targets to support 1280x720 Format 10 NumSamples 1 (Frame:2652).
[2020.03.06-23.22.53:565][831]LogPackageName: SearchForPackageOnDisk took   0.321s to resolve NewMap.umap.
[2020.03.06-23.22.53:884][831]LogPackageName: SearchForPackageOnDisk took   0.316s to resolve NewMap.umap.
[2020.03.06-23.22.53:884][831]LogNet: Browse: /Game/Maps/NewMap
[2020.03.06-23.22.53:884][831]LogLoad: LoadMap: /Game/Maps/NewMap
[2020.03.06-23.22.53:884][831]LogWorld: BeginTearingDown for /Game/Maps/MainMenu
[2020.03.06-23.22.53:885][831]LogWorld: UWorld::CleanupWorld for MainMenu, bSessionEnded=true, bCleanupResources=true
[2020.03.06-23.22.53:981][831]LogUObjectHash: Compacting FUObjectHashTables data took   5.67ms
[2020.03.06-23.22.54:351][831]LogAIModule: Creating AISystem for world NewMap
[2020.03.06-23.22.55:118][831]LogLoad: Game class is 'VehicleAdvGameMode_C'
[2020.03.06-23.22.55:129][831]LogMaterial: Warning: Material /Game/VehicleAdv/Materials/MasterGrid.MasterGrid missing bUsedWithSplineMeshes=True! Default Material will be used in game.
[2020.03.06-23.22.55:129][831]LogMaterial: Warning:      The material will recompile every editor launch until resaved.
[2020.03.06-23.22.55:324][831]LogWorld: Bringing World /Game/Maps/NewMap.NewMap up for play (max tick rate 0) at 2020.03.06-18.22.55
[2020.03.06-23.22.55:324][831]LogWorld: Bringing up level for play took: 0.196706
[2020.03.06-23.22.55:332][831]LogLoad: Took 1.447729 seconds to LoadMap(/Game/Maps/NewMap)
[2020.03.06-23.22.57:843][981]LogPlayerController: Error: InputMode:UIOnly - Attempting to focus Non-Focusable widget SObjectWidget [Widget.cpp(723)]!
[2020.03.06-23.22.59:125][ 61]LogSlate: FSceneViewport::OnFocusLost() reason 0
[2020.03.06-23.23.03:323][321]r.SetRes = "1920x1080"
[2020.03.06-23.23.03:333][321]LogRenderer: Reallocating scene render targets to support 1536x864 Format 10 NumSamples 1 (Frame:492).
[2020.03.06-23.23.04:839][410]r.SetRes = "800x600"
[2020.03.06-23.23.04:851][410]LogRenderer: Reallocating scene render targets to support 800x600 Format 10 NumSamples 1 (Frame:583).
[2020.03.06-23.23.05:737][462]r.SetRes = "1280x720"
[2020.03.06-23.23.05:754][462]LogRenderer: Reallocating scene render targets to support 1280x720 Format 10 NumSamples 1 (Frame:637).
[2020.03.06-23.23.29:735][941]LogSlate: Updating window title bar state: overlay mode, drag disabled, window buttons hidden, title bar hidden
[2020.03.06-23.23.42:406][726]LogPlayerController: Error: InputMode:UIOnly - Attempting to focus Non-Focusable widget SObjectWidget [Widget.cpp(723)]!
[2020.03.06-23.23.43:503][794]LogSlate: FSceneViewport::OnFocusLost() reason 0
[2020.03.06-23.23.43:913][800]LogPackageName: SearchForPackageOnDisk took   0.313s to resolve MainMenu.umap.
[2020.03.06-23.23.44:242][800]LogPackageName: SearchForPackageOnDisk took   0.327s to resolve MainMenu.umap.
[2020.03.06-23.23.44:242][800]LogNet: Browse: /Game/Maps/MainMenu
[2020.03.06-23.23.44:242][800]LogLoad: LoadMap: /Game/Maps/MainMenu
[2020.03.06-23.23.44:243][800]LogWorld: BeginTearingDown for /Game/Maps/NewMap
[2020.03.06-23.23.44:244][800]LogWorld: UWorld::CleanupWorld for NewMap, bSessionEnded=true, bCleanupResources=true
[2020.03.06-23.23.44:343][800]LogUObjectHash: Compacting FUObjectHashTables data took   4.25ms
[2020.03.06-23.23.44:413][800]LogAIModule: Creating AISystem for world MainMenu
[2020.03.06-23.23.45:219][800]LogLoad: Game class is 'VehicleAdvGameMode_C'
[2020.03.06-23.23.45:232][800]LogWorld: Bringing World /Game/Maps/MainMenu.MainMenu up for play (max tick rate 0) at 2020.03.06-18.23.45
[2020.03.06-23.23.45:233][800]LogWorld: Bringing up level for play took: 0.001852
[2020.03.06-23.23.45:235][800]LogGameMode: FindPlayerStart: PATHS NOT DEFINED or NO PLAYERSTART with positive rating
[2020.03.06-23.23.45:248][800]LogLoad: Took 1.005814 seconds to LoadMap(/Game/Maps/MainMenu)
[2020.03.06-23.23.46:167][852]LogSlate: Window 'MyProject3 (64-bit Development PCD3D_SM5) ' being destroyed
[2020.03.06-23.23.46:169][852]LogWindowsTextInputMethodSystem: Display: IME system now deactivated.
[2020.03.06-23.23.46:184][852]LogSlate: Updating window title bar state: overlay mode, drag disabled, window buttons hidden, title bar hidden
[2020.03.06-23.23.46:184][852]LogEngine: All Windows Closed
[2020.03.06-23.23.46:184][852]LogWindows: FPlatformMisc::RequestExit(0)
[2020.03.06-23.23.46:223][853]LogWorld: BeginTearingDown for /Game/Maps/MainMenu
[2020.03.06-23.23.46:223][853]LogWorld: UWorld::CleanupWorld for MainMenu, bSessionEnded=true, bCleanupResources=true
[2020.03.06-23.23.47:024][853]LogExit: Preparing to exit.
[2020.03.06-23.23.47:024][853]LogMoviePlayer: Shutting down movie player
[2020.03.06-23.23.47:356][853]LogSlate: Updating window title bar state: overlay mode, drag disabled, window buttons hidden, title bar hidden
[2020.03.06-23.23.47:371][853]LogDemo: Cleaned up 0 splitscreen connections with owner deletion
[2020.03.06-23.23.47:385][853]LogExit: Game engine shut down
[2020.03.06-23.23.47:552][853]LogExit: Object subsystem successfully closed.
[2020.03.06-23.23.47:590][853]LogShaderCompilers: Display: Shaders left to compile 0
[2020.03.06-23.23.47:656][853]LogModuleManager: Shutting down and abandoning module SequenceRecorderSections (410)
[2020.03.06-23.23.47:656][853]LogModuleManager: Shutting down and abandoning module SequenceRecorder (408)
[2020.03.06-23.23.47:656][853]LogModuleManager: Shutting down and abandoning module AutomationController (406)
[2020.03.06-23.23.47:656][853]LogModuleManager: Shutting down and abandoning module AutomationWorker (404)
[2020.03.06-23.23.47:656][853]LogModuleManager: Shutting down and abandoning module Voice (402)
[2020.03.06-23.23.47:656][853]LogModuleManager: Shutting down and abandoning module AIModule (400)
[2020.03.06-23.23.47:656][853]LogModuleManager: Shutting down and abandoning module GameplayDebugger (399)
[2020.03.06-23.23.47:657][853]LogModuleManager: Shutting down and abandoning module AITestSuite (397)
[2020.03.06-23.23.47:657][853]LogModuleManager: Shutting down and abandoning module NavigationSystem (395)
[2020.03.06-23.23.47:657][853]LogModuleManager: Shutting down and abandoning module OculusMR (392)
[2020.03.06-23.23.47:657][853]LogModuleManager: Shutting down and abandoning module WmfMediaFactory (390)
[2020.03.06-23.23.47:657][853]LogModuleManager: Shutting down and abandoning module WebMMediaFactory (388)
[2020.03.06-23.23.47:657][853]LogModuleManager: Shutting down and abandoning module WebMMedia (386)
[2020.03.06-23.23.47:657][853]LogModuleManager: Shutting down and abandoning module OpenExrWrapper (384)
[2020.03.06-23.23.47:657][853]LogModuleManager: Shutting down and abandoning module ImgMediaFactory (382)
[2020.03.06-23.23.47:657][853]LogModuleManager: Shutting down and abandoning module AvfMediaFactory (380)
[2020.03.06-23.23.47:657][853]LogModuleManager: Shutting down and abandoning module MagicLeapCameraPreviewFactory (378)
[2020.03.06-23.23.47:657][853]LogModuleManager: Shutting down and abandoning module MagicLeapMediaCodecFactory (376)
[2020.03.06-23.23.47:657][853]LogModuleManager: Shutting down and abandoning module MagicLeapMediaFactory (374)
[2020.03.06-23.23.47:657][853]LogModuleManager: Shutting down and abandoning module CharacterAI (372)
[2020.03.06-23.23.47:657][853]LogModuleManager: Shutting down and abandoning module SessionServices (370)
[2020.03.06-23.23.47:657][853]LogModuleManager: Shutting down and abandoning module MovieSceneCapture (368)
[2020.03.06-23.23.47:657][853]LogModuleManager: Shutting down and abandoning module LiveCoding (366)
[2020.03.06-23.23.47:658][853]LogModuleManager: Shutting down and abandoning module LevelSequence (364)
[2020.03.06-23.23.47:658][853]LogModuleManager: Shutting down and abandoning module MovieSceneTracks (362)
[2020.03.06-23.23.47:658][853]LogModuleManager: Shutting down and abandoning module MovieScene (360)
[2020.03.06-23.23.47:658][853]LogModuleManager: Shutting down and abandoning module StreamingPauseRendering (358)
[2020.03.06-23.23.47:658][853]LogModuleManager: Shutting down and abandoning module PortalServices (356)
[2020.03.06-23.23.47:658][853]LogModuleManager: Shutting down and abandoning module PortalRpc (354)
[2020.03.06-23.23.47:658][853]LogModuleManager: Shutting down and abandoning module MessagingRpc (352)
[2020.03.06-23.23.47:658][853]LogModuleManager: Shutting down and abandoning module ImageWriteQueue (350)
[2020.03.06-23.23.47:664][853]LogModuleManager: Shutting down and abandoning module ProfilerService (348)
[2020.03.06-23.23.47:731][853]LogModuleManager: Shutting down and abandoning module TaskGraph (346)
[2020.03.06-23.23.47:731][853]LogModuleManager: Shutting down and abandoning module SteamVRController (344)
[2020.03.06-23.23.47:731][853]LogModuleManager: Shutting down and abandoning module ProceduralMeshComponent (342)
[2020.03.06-23.23.47:731][853]LogModuleManager: Shutting down and abandoning module OculusInput (340)
[2020.03.06-23.23.47:731][853]LogModuleManager: Shutting down and abandoning module MobilePatchingUtils (338)
[2020.03.06-23.23.47:731][853]LogModuleManager: Shutting down and abandoning module EditableMesh (336)
[2020.03.06-23.23.47:731][853]LogModuleManager: Shutting down and abandoning module CustomMeshComponent (334)
[2020.03.06-23.23.47:731][853]LogModuleManager: Shutting down and abandoning module CableComponent (332)
[2020.03.06-23.23.47:731][853]LogModuleManager: Shutting down and abandoning module AudioCapture (330)
[2020.03.06-23.23.47:731][853]LogModuleManager: Shutting down and abandoning module ArchVisCharacter (328)
[2020.03.06-23.23.47:731][853]LogModuleManager: Shutting down and abandoning module AppleImageUtilsBlueprintSupport (326)
[2020.03.06-23.23.47:732][853]LogModuleManager: Shutting down and abandoning module AppleImageUtils (324)
[2020.03.06-23.23.47:732][853]LogModuleManager: Shutting down and abandoning module AndroidPermission (322)
[2020.03.06-23.23.47:732][853]LogModuleManager: Shutting down and abandoning module NUTUnrealEngine4 (320)
[2020.03.06-23.23.47:732][853]LogModuleManager: Shutting down and abandoning module NetcodeUnitTest (318)
[2020.03.06-23.23.47:732][853]LogModuleManager: Shutting down and abandoning module MediaCompositing (316)
[2020.03.06-23.23.47:732][853]LogModuleManager: Shutting down and abandoning module ImgMedia (314)
[2020.03.06-23.23.47:732][853]LogModuleManager: Shutting down and abandoning module MagicLeapHelperVulkan (312)
[2020.03.06-23.23.47:732][853]LogModuleManager: Shutting down and abandoning module MagicLeapHelperOpenGL (310)
[2020.03.06-23.23.47:732][853]LogModuleManager: Shutting down and abandoning module MagicLeapAudio (308)
[2020.03.06-23.23.47:732][853]LogModuleManager: Shutting down and abandoning module RawInput (306)
[2020.03.06-23.23.47:732][853]LogModuleManager: Shutting down and abandoning module HTML5Networking (304)
[2020.03.06-23.23.47:732][853]LogModuleManager: Shutting down and abandoning module GeometryCacheTracks (302)
[2020.03.06-23.23.47:732][853]LogModuleManager: Shutting down and abandoning module GeometryCacheSequencer (301)
[2020.03.06-23.23.47:732][853]LogModuleManager: Shutting down and abandoning module GeometryCache (298)
[2020.03.06-23.23.47:732][853]LogModuleManager: Shutting down and abandoning module GeometryCacheEd (297)
[2020.03.06-23.23.47:733][853]LogModuleManager: Shutting down and abandoning module BackChannel (294)
[2020.03.06-23.23.47:733][853]LogModuleManager: Shutting down and abandoning module AutomationUtils (292)
[2020.03.06-23.23.47:733][853]LogModuleManager: Shutting down and abandoning module VariantManagerContent (290)
[2020.03.06-23.23.47:733][853]LogModuleManager: Shutting down and abandoning module CryptoKeysOpenSSL (288)
[2020.03.06-23.23.47:733][853]LogModuleManager: Shutting down and abandoning module CryptoKeys (286)
[2020.03.06-23.23.47:733][853]LogModuleManager: Shutting down and abandoning module VisualStudioSourceCodeAccess (284)
[2020.03.06-23.23.47:733][853]LogModuleManager: Shutting down and abandoning module HotReload (283)
[2020.03.06-23.23.47:733][853]LogModuleManager: Shutting down and abandoning module DirectoryWatcher (282)
[2020.03.06-23.23.47:733][853]LogModuleManager: Shutting down and abandoning module VisualStudioCodeSourceCodeAccess (278)
[2020.03.06-23.23.47:733][853]LogModuleManager: Shutting down and abandoning module UObjectPlugin (276)
[2020.03.06-23.23.47:733][853]LogModuleManager: Shutting down and abandoning module SubversionSourceControl (274)
[2020.03.06-23.23.47:733][853]LogModuleManager: Shutting down and abandoning module PerforceSourceControl (272)
[2020.03.06-23.23.47:733][853]LogModuleManager: Shutting down and abandoning module SourceControl (271)
[2020.03.06-23.23.47:734][853]LogModuleManager: Shutting down and abandoning module CLionSourceCodeAccess (268)
[2020.03.06-23.23.47:734][853]LogModuleManager: Shutting down and abandoning module ActorLayerUtilities (266)
[2020.03.06-23.23.47:734][853]LogModuleManager: Shutting down and abandoning module SignificanceManager (264)
[2020.03.06-23.23.47:734][853]LogModuleManager: Shutting down and abandoning module RuntimePhysXCooking (262)
[2020.03.06-23.23.47:734][853]LogModuleManager: Shutting down and abandoning module PhysXVehiclesEditor (260)
[2020.03.06-23.23.47:734][853]LogModuleManager: Shutting down and abandoning module LocationServicesBPLibrary (256)
[2020.03.06-23.23.47:734][853]LogModuleManager: Shutting down and abandoning module ActorSequence (254)
[2020.03.06-23.23.47:734][853]LogModuleManager: Shutting down and abandoning module UdpMessaging (252)
[2020.03.06-23.23.47:835][853]LogModuleManager: Shutting down and abandoning module TcpMessaging (250)
[2020.03.06-23.23.48:272][853]LogModuleManager: Shutting down and abandoning module MagicLeapIdentity (248)
[2020.03.06-23.23.48:272][853]LogModuleManager: Shutting down and abandoning module MagicLeapSecureStorage (246)
[2020.03.06-23.23.48:272][853]LogModuleManager: Shutting down and abandoning module MagicLeapHandTracking (244)
[2020.03.06-23.23.48:272][853]LogModuleManager: Shutting down and abandoning module MagicLeapEyeTracker (242)
[2020.03.06-23.23.48:272][853]LogModuleManager: Shutting down and abandoning module MagicLeapController (240)
[2020.03.06-23.23.48:272][853]LogSlate: Slate User Destroyed.  User Index 0, Is Virtual User: 0
[2020.03.06-23.23.48:272][853]LogModuleManager: Shutting down and abandoning module MagicLeapAR (238)
[2020.03.06-23.23.48:273][853]LogModuleManager: Shutting down and abandoning module AugmentedReality (237)
[2020.03.06-23.23.48:273][853]LogModuleManager: Shutting down and abandoning module GameplayTagsEditor (234)
[2020.03.06-23.23.48:273][853]LogModuleManager: Shutting down and abandoning module FacialAnimation (232)
[2020.03.06-23.23.48:273][853]LogModuleManager: Shutting down and abandoning module AssetManagerEditor (230)
[2020.03.06-23.23.48:273][853]LogModuleManager: Shutting down and abandoning module TreeMap (229)
[2020.03.06-23.23.48:273][853]LogModuleManager: Shutting down and abandoning module AnimationSharing (226)
[2020.03.06-23.23.48:273][853]LogModuleManager: Shutting down and abandoning module LightPropagationVolumeRuntime (224)
[2020.03.06-23.23.48:273][853]LogModuleManager: Shutting down and abandoning module Paper2D (222)
[2020.03.06-23.23.48:273][853]LogModuleManager: Shutting down and abandoning module WindowsMoviePlayer (220)
[2020.03.06-23.23.48:278][853]LogModuleManager: Shutting down and abandoning module WebMMoviePlayer (218)
[2020.03.06-23.23.48:278][853]LogModuleManager: Shutting down and abandoning module NetworkReplayStreaming (216)
[2020.03.06-23.23.48:278][853]LogModuleManager: Shutting down and abandoning module PacketHandler (214)
[2020.03.06-23.23.48:278][853]LogModuleManager: Shutting down and abandoning module ClothingSystemEditor (212)
[2020.03.06-23.23.48:279][853]LogModuleManager: Shutting down and abandoning module ClothingSystemRuntime (210)
[2020.03.06-23.23.48:279][853]LogModuleManager: Shutting down and abandoning module MediaAssets (208)
[2020.03.06-23.23.48:279][853]LogModuleManager: Shutting down and abandoning module Overlay (206)
[2020.03.06-23.23.48:279][853]LogModuleManager: Shutting down and abandoning module OverlayEditor (205)
[2020.03.06-23.23.48:279][853]LogModuleManager: Shutting down and abandoning module VREditor (202)
[2020.03.06-23.23.48:279][853]LogModuleManager: Shutting down and abandoning module StringTableEditor (200)
[2020.03.06-23.23.48:279][853]LogModuleManager: Shutting down and abandoning module GameplayTasksEditor (198)
[2020.03.06-23.23.48:279][853]LogModuleManager: Shutting down and abandoning module BehaviorTreeEditor (196)
[2020.03.06-23.23.48:279][853]LogModuleManager: Shutting down and abandoning module FunctionalTesting (194)
[2020.03.06-23.23.48:279][853]LogModuleManager: Shutting down and abandoning module CollisionAnalyzer (192)
[2020.03.06-23.23.48:279][853]LogModuleManager: Shutting down and abandoning module WorkspaceMenuStructure (191)
[2020.03.06-23.23.48:279][853]LogModuleManager: Shutting down and abandoning module UMG (188)
[2020.03.06-23.23.48:280][853]LogModuleManager: Shutting down and abandoning module UMGEditor (187)
[2020.03.06-23.23.48:280][853]LogModuleManager: Shutting down and abandoning module Sequencer (186)
[2020.03.06-23.23.48:280][853]LogModuleManager: Shutting down and abandoning module MessageLog (183)
[2020.03.06-23.23.48:280][853]LogModuleManager: Shutting down and abandoning module SlateReflector (178)
[2020.03.06-23.23.48:280][853]LogModuleManager: Shutting down and abandoning module Slate (176)
[2020.03.06-23.23.48:280][853]LogModuleManager: Shutting down and abandoning module LandscapeEditorUtilities (174)
[2020.03.06-23.23.48:280][853]LogModuleManager: Shutting down and abandoning module EditorStyle (172)
[2020.03.06-23.23.48:283][853]LogModuleManager: Shutting down and abandoning module UnrealEd (170)
[2020.03.06-23.23.48:283][853]LogModuleManager: Shutting down and abandoning module MRMesh (168)
[2020.03.06-23.23.48:283][853]LogModuleManager: Shutting down and abandoning module Messaging (166)
[2020.03.06-23.23.48:283][853]LogModuleManager: Shutting down and abandoning module SourceCodeAccess (164)
[2020.03.06-23.23.48:283][853]LogModuleManager: Shutting down and abandoning module HeadMountedDisplay (162)
[2020.03.06-23.23.48:283][853]LogModuleManager: Shutting down and abandoning module XAudio2 (160)
[2020.03.06-23.23.48:283][853]LogModuleManager: Shutting down and abandoning module Networking (158)
[2020.03.06-23.23.48:283][853]LogModuleManager: Shutting down and abandoning module Core (156)
[2020.03.06-23.23.48:283][853]LogModuleManager: Shutting down and abandoning module KismetCompiler (154)
[2020.03.06-23.23.48:283][853]LogModuleManager: Shutting down and abandoning module MeshUtilities (152)
[2020.03.06-23.23.48:283][853]LogModuleManager: Shutting down and abandoning module MeshMergeUtilities (151)
[2020.03.06-23.23.48:283][853]LogModuleManager: Shutting down and abandoning module MeshReductionInterface (150)
[2020.03.06-23.23.48:283][853]LogModuleManager: Shutting down and abandoning module SkeletalMeshReduction (149)
[2020.03.06-23.23.48:283][853]LogModuleManager: Shutting down and abandoning module ProxyLODMeshReduction (147)
[2020.03.06-23.23.48:283][853]LogModuleManager: Shutting down and abandoning module QuadricMeshReduction (145)
[2020.03.06-23.23.48:283][853]LogModuleManager: Shutting down and abandoning module MaterialBaking (141)
[2020.03.06-23.23.48:283][853]LogModuleManager: Shutting down and abandoning module NullInstallBundleManager (136)
[2020.03.06-23.23.48:284][853]LogModuleManager: Shutting down and abandoning module PIEPreviewDeviceProfileSelector (134)
[2020.03.06-23.23.48:284][853]LogModuleManager: Shutting down and abandoning module DerivedDataCache (132)
[2020.03.06-23.23.48:421][853]LogDerivedDataCache: Shutdown
[2020.03.06-23.23.48:421][853]LogModuleManager: Shutting down and abandoning module XGEController (130)
[2020.03.06-23.23.48:421][853]LogModuleManager: Shutting down and abandoning module TargetPlatform (128)
[2020.03.06-23.23.48:421][853]LogModuleManager: Shutting down and abandoning module VulkanShaderFormat (127)
[2020.03.06-23.23.48:421][853]LogModuleManager: Shutting down and abandoning module ShaderFormatVectorVM (125)
[2020.03.06-23.23.48:422][853]LogModuleManager: Shutting down and abandoning module ShaderFormatOpenGL (123)
[2020.03.06-23.23.48:422][853]LogModuleManager: Shutting down and abandoning module ShaderFormatD3D (121)
[2020.03.06-23.23.48:422][853]LogModuleManager: Shutting down and abandoning module MetalShaderFormat (119)
[2020.03.06-23.23.48:422][853]LogModuleManager: Shutting down and abandoning module TextureFormatUncompressed (117)
[2020.03.06-23.23.48:422][853]LogModuleManager: Shutting down and abandoning module TextureFormatPVR (115)
[2020.03.06-23.23.48:422][853]LogModuleManager: Shutting down and abandoning module TextureFormatDXT (113)
[2020.03.06-23.23.48:422][853]LogModuleManager: Shutting down and abandoning module TextureFormatIntelISPCTexComp (111)
[2020.03.06-23.23.48:422][853]LogModuleManager: Shutting down and abandoning module TextureFormatASTC (109)
[2020.03.06-23.23.48:422][853]LogModuleManager: Shutting down and abandoning module ImageWrapper (108)
[2020.03.06-23.23.48:422][853]LogModuleManager: Shutting down and abandoning module TextureFormatAndroid (105)
[2020.03.06-23.23.48:423][853]LogModuleManager: Shutting down and abandoning module AudioFormatOpus (103)
[2020.03.06-23.23.48:423][853]LogModuleManager: Shutting down and abandoning module AudioFormatOgg (101)
[2020.03.06-23.23.48:423][853]LogModuleManager: Shutting down and abandoning module AudioFormatADPCM (99)
[2020.03.06-23.23.48:423][853]LogModuleManager: Shutting down and abandoning module WindowsTargetPlatform (97)
[2020.03.06-23.23.48:423][853]LogModuleManager: Shutting down and abandoning module WindowsServerTargetPlatform (95)
[2020.03.06-23.23.48:423][853]LogModuleManager: Shutting down and abandoning module WindowsNoEditorTargetPlatform (93)
[2020.03.06-23.23.48:423][853]LogModuleManager: Shutting down and abandoning module WindowsClientTargetPlatform (91)
[2020.03.06-23.23.48:423][853]LogModuleManager: Shutting down and abandoning module InputCore (88)
[2020.03.06-23.23.48:423][853]LogModuleManager: Shutting down and abandoning module Settings (86)
[2020.03.06-23.23.48:423][853]LogModuleManager: Shutting down and abandoning module PhysXCooking (84)
[2020.03.06-23.23.48:423][853]LogModuleManager: Shutting down and abandoning module WindowsPlatformFeatures (82)
[2020.03.06-23.23.48:423][853]LogModuleManager: Shutting down and abandoning module GameplayMediaEncoder (81)
[2020.03.06-23.23.48:423][853]LogModuleManager: Shutting down and abandoning module SteamVR (78)
[2020.03.06-23.23.48:423][853]LogHMD: Freeing OpenVRDLLHandle.
[2020.03.06-23.23.48:424][853]LogModuleManager: Shutting down and abandoning module OculusHMD (76)
[2020.03.06-23.23.48:424][853]LogModuleManager: Shutting down and abandoning module ExampleDeviceProfileSelector (74)
[2020.03.06-23.23.48:424][853]LogModuleManager: Shutting down and abandoning module LauncherChunkInstaller (72)
[2020.03.06-23.23.48:424][853]LogModuleManager: Shutting down and abandoning module OnlineBlueprintSupport (70)
[2020.03.06-23.23.48:424][853]LogModuleManager: Shutting down and abandoning module OnlineSubsystem (66)
[2020.03.06-23.23.48:426][853]LogModuleManager: Shutting down and abandoning module XMPP (61)
[2020.03.06-23.23.48:426][853]LogModuleManager: Shutting down and abandoning module WebSockets (60)
[2020.03.06-23.23.48:449][853]LogModuleManager: Shutting down and abandoning module HTTP (57)
[2020.03.06-23.23.48:453][853]LogModuleManager: Shutting down and abandoning module SSL (56)
[2020.03.06-23.23.48:457][853]LogModuleManager: Shutting down and abandoning module WmfMedia (52)
[2020.03.06-23.23.48:460][853]LogModuleManager: Shutting down and abandoning module Media (51)
[2020.03.06-23.23.48:462][853]LogModuleManager: Shutting down and abandoning module MagicLeap (48)
[2020.03.06-23.23.48:462][853]LogModuleManager: Shutting down and abandoning module DatasmithContent (46)
[2020.03.06-23.23.48:463][853]LogModuleManager: Shutting down and abandoning module AISupportModule (44)
[2020.03.06-23.23.48:463][853]LogModuleManager: Shutting down and abandoning module PlatformCryptoOpenSSL (42)
[2020.03.06-23.23.48:463][853]LogModuleManager: Shutting down and abandoning module PlatformCrypto (40)
[2020.03.06-23.23.48:463][853]LogModuleManager: Shutting down and abandoning module AnimationModifiers (38)
[2020.03.06-23.23.48:463][853]LogModuleManager: Shutting down and abandoning module PropertyEditor (37)
[2020.03.06-23.23.48:464][853]LogModuleManager: Shutting down and abandoning module AudioEditor (34)
[2020.03.06-23.23.48:464][853]LogModuleManager: Shutting down and abandoning module TextureCompressor (32)
[2020.03.06-23.23.48:464][853]LogModuleManager: Shutting down and abandoning module RenderCore (30)
[2020.03.06-23.23.48:464][853]LogModuleManager: Shutting down and abandoning module Landscape (28)
[2020.03.06-23.23.48:464][853]LogModuleManager: Shutting down and abandoning module SlateRHIRenderer (26)
[2020.03.06-23.23.48:466][853]LogModuleManager: Shutting down and abandoning module OpenGLDrv (24)
[2020.03.06-23.23.48:466][853]LogModuleManager: Shutting down and abandoning module D3D11RHI (22)
[2020.03.06-23.23.48:466][853]LogModuleManager: Shutting down and abandoning module AnimGraphRuntime (20)
[2020.03.06-23.23.48:467][853]LogModuleManager: Shutting down and abandoning module Renderer (18)
[2020.03.06-23.23.48:467][853]LogModuleManager: Shutting down and abandoning module Engine (16)
[2020.03.06-23.23.48:467][853]LogModuleManager: Shutting down and abandoning module CoreUObject (14)
[2020.03.06-23.23.48:467][853]LogModuleManager: Shutting down and abandoning module NetworkFile (12)
[2020.03.06-23.23.48:467][853]LogModuleManager: Shutting down and abandoning module CookedIterativeFile (10)
[2020.03.06-23.23.48:467][853]LogModuleManager: Shutting down and abandoning module StreamingFile (8)
[2020.03.06-23.23.48:467][853]LogModuleManager: Shutting down and abandoning module SandboxFile (6)
[2020.03.06-23.23.48:467][853]LogModuleManager: Shutting down and abandoning module PakFile (4)
[2020.03.06-23.23.48:467][853]LogModuleManager: Shutting down and abandoning module RSA (3)
[2020.03.06-23.23.48:469][853]LogD3D11RHI: Shutdown
[2020.03.06-23.23.48:469][853]LogD3D11RHI: CleanupD3DDevice
[2020.03.06-23.23.48:470][853]LogRendererCore: FGlobalDynamicReadBuffer::Cleanup()
[2020.03.06-23.23.48:470][853]LogRendererCore: FGlobalDynamicReadBuffer::Cleanup()
[2020.03.06-23.23.48:470][853]LogRendererCore: FGlobalDynamicReadBuffer::Cleanup()
[2020.03.06-23.23.48:614][853]LogD3D11RHI: ~FD3D11DynamicRHI
[2020.03.06-23.23.48:638][853]LogExit: Exiting.
[2020.03.06-23.23.48:654][853]Log file closed, 03/06/20 18:23:48
