Log file open, 04/01/20 00:22:54
LogWindows: Failed to load 'aqProf.dll' (GetLastError=126)
LogWindows: File 'aqProf.dll' does not exist
LogWindows: Failed to load 'VtuneApi.dll' (GetLastError=126)
LogWindows: File 'VtuneApi.dll' does not exist
LogWindows: Failed to load 'VtuneApi32e.dll' (GetLastError=126)
LogWindows: File 'VtuneApi32e.dll' does not exist
LogConsoleResponse: Display: Failed to find resolution value strings in scalability ini. Falling back to default.
LogInit: Display: Running engine for game: MyProject3
LogPlatformFile: Not using cached read wrapper
LogTaskGraph: Started task graph with 5 named threads and 23 total threads with 3 sets of task threads.
LogStats: Stats thread started at 0.086908
LogD3D11RHI: Loaded GFSDK_Aftermath_Lib.x64.dll
LogICUInternationalization: ICU TimeZone Detection - Raw Offset: -5:00, Platform Override: ''
LogPluginManager: Mounting plugin Paper2D
LogPluginManager: Mounting plugin AISupport
LogPluginManager: Mounting plugin LightPropagationVolume
LogPluginManager: Mounting plugin ActorLayerUtilities
LogPluginManager: Mounting plugin AnimationSharing
LogPluginManager: Mounting plugin CLionSourceCodeAccess
LogPluginManager: Mounting plugin CodeLiteSourceCodeAccess
LogPluginManager: Mounting plugin GitSourceControl
LogPluginManager: Mounting plugin KDevelopSourceCodeAccess
LogPluginManager: Mounting plugin NullSourceCodeAccess
LogPluginManager: Mounting plugin PerforceSourceControl
LogPluginManager: Mounting plugin PlasticSourceControl
LogPluginManager: Mounting plugin SubversionSourceControl
LogPluginManager: Mounting plugin UObjectPlugin
LogPluginManager: Mounting plugin VisualStudioCodeSourceCodeAccess
LogPluginManager: Mounting plugin VisualStudioSourceCodeAccess
LogPluginManager: Mounting plugin XCodeSourceCodeAccess
LogPluginManager: Mounting plugin AssetManagerEditor
LogPluginManager: Mounting plugin CryptoKeys
LogPluginManager: Mounting plugin CurveEditorTools
LogPluginManager: Mounting plugin DataValidation
LogPluginManager: Mounting plugin FacialAnimation
LogPluginManager: Mounting plugin GameplayTagsEditor
LogPluginManager: Mounting plugin MacGraphicsSwitching
LogPluginManager: Mounting plugin MaterialAnalyzer
LogPluginManager: Mounting plugin MobileLauncherProfileWizard
LogPluginManager: Mounting plugin PluginBrowser
LogPluginManager: Mounting plugin SpeedTreeImporter
LogPluginManager: Mounting plugin DatasmithContent
LogPluginManager: Mounting plugin VariantManagerContent
LogPluginManager: Mounting plugin AlembicImporter
LogPluginManager: Mounting plugin AutomationUtils
LogPluginManager: Mounting plugin BackChannel
LogPluginManager: Mounting plugin CharacterAI
LogPluginManager: Mounting plugin GeometryCache
LogPluginManager: Mounting plugin PlatformCrypto
LogPluginManager: Mounting plugin ProxyLODPlugin
LogPluginManager: Mounting plugin RawInput
LogPluginManager: Mounting plugin SkeletalReduction
LogPluginManager: Mounting plugin MagicLeap
LogPluginManager: Mounting plugin MagicLeapMedia
LogPluginManager: Mounting plugin MLSDK
LogPluginManager: Mounting plugin AndroidMedia
LogPluginManager: Mounting plugin AvfMedia
LogPluginManager: Mounting plugin ImgMedia
LogPluginManager: Mounting plugin MediaCompositing
LogPluginManager: Mounting plugin MediaPlayerEditor
LogPluginManager: Mounting plugin WebMMedia
LogPluginManager: Mounting plugin WmfMedia
LogPluginManager: Mounting plugin TcpMessaging
LogPluginManager: Mounting plugin UdpMessaging
LogPluginManager: Mounting plugin ActorSequence
LogPluginManager: Mounting plugin LevelSequenceEditor
LogPluginManager: Mounting plugin MatineeToLevelSequence
LogPluginManager: Mounting plugin NetcodeUnitTest
LogPluginManager: Mounting plugin NUTUnrealEngine4
LogPluginManager: Mounting plugin OnlineSubsystemGooglePlay
LogPluginManager: Mounting plugin OnlineSubsystemIOS
LogPluginManager: Mounting plugin OnlineSubsystem
LogPluginManager: Mounting plugin OnlineSubsystemNull
LogPluginManager: Mounting plugin OnlineSubsystemUtils
LogPluginManager: Mounting plugin LauncherChunkInstaller
LogPluginManager: Mounting plugin AndroidDeviceProfileSelector
LogPluginManager: Mounting plugin AndroidMoviePlayer
LogPluginManager: Mounting plugin AndroidPermission
LogPluginManager: Mounting plugin AppleImageUtils
LogPluginManager: Mounting plugin AppleMoviePlayer
LogPluginManager: Mounting plugin ArchVisCharacter
LogPluginManager: Mounting plugin AssetTags
LogPluginManager: Mounting plugin AudioCapture
LogPluginManager: Mounting plugin CableComponent
LogPluginManager: Mounting plugin CustomMeshComponent
LogPluginManager: Mounting plugin EditableMesh
LogPluginManager: Mounting plugin ExampleDeviceProfileSelector
LogPluginManager: Mounting plugin GoogleCloudMessaging
LogPluginManager: Mounting plugin IOSDeviceProfileSelector
LogPluginManager: Mounting plugin LinuxDeviceProfileSelector
LogPluginManager: Mounting plugin LocationServicesBPLibrary
LogPluginManager: Mounting plugin MobilePatchingUtils
LogPluginManager: Mounting plugin OculusVR
LogPluginManager: Mounting plugin PhysXVehicles
LogPluginManager: Mounting plugin PostSplashScreen
LogPluginManager: Mounting plugin ProceduralMeshComponent
LogPluginManager: Mounting plugin RuntimePhysXCooking
LogPluginManager: Mounting plugin SignificanceManager
LogPluginManager: Mounting plugin SteamVR
LogPluginManager: Mounting plugin WebMMoviePlayer
LogPluginManager: Mounting plugin WindowsMoviePlayer
LogPluginManager: Mounting plugin ScreenshotTools
LogInit: Using libcurl 7.55.1-DEV
LogInit:  - built for x86_64-pc-win32
LogInit:  - supports SSL with OpenSSL/1.1.1
LogInit:  - supports HTTP deflate (compression) using libz 1.2.8
LogInit:  - other features:
LogInit:      CURL_VERSION_SSL
LogInit:      CURL_VERSION_LIBZ
LogInit:      CURL_VERSION_IPV6
LogInit:      CURL_VERSION_ASYNCHDNS
LogInit:      CURL_VERSION_LARGEFILE
LogInit:      CURL_VERSION_IDN
LogInit:  CurlRequestOptions (configurable via config and command line):
LogInit:  - bVerifyPeer = true  - Libcurl will verify peer certificate
LogInit:  - bUseHttpProxy = false  - Libcurl will NOT use HTTP proxy
LogInit:  - bDontReuseConnections = false  - Libcurl will reuse connections
LogInit:  - MaxHostConnections = 16  - Libcurl will limit the number of connections to a host
LogInit:  - LocalHostAddr = Default
LogInit:  - BufferSize = 65536
LogOnline: OSS: Creating online subsystem instance for: NULL
LogInit: WinSock: version 1.1 (2.2), MaxSocks=32767, MaxUdp=65467
LogOnline: OSS: TryLoadSubsystemAndSetDefault: Loaded subsystem for module [NULL]
LogInit: Build: ++UE4+Release-4.24-CL-11590370
LogInit: Engine Version: 4.24.3-11590370+++UE4+Release-4.24
LogInit: Compatible Engine Version: 4.24.0-10570792+++UE4+Release-4.24
LogInit: Net CL: 10570792
LogInit: OS: Windows 10 (Release 1903) (), CPU: Intel(R) Core(TM) i7-6700 CPU @ 3.40GHz, GPU: NVIDIA GeForce GTX 960
LogInit: Compiled (64-bit): Feb 24 2020 15:39:18
LogInit: Compiled with Visual C++: 19.16.27032.01
LogInit: Build Configuration: Development
LogInit: Branch Name: ++UE4+Release-4.24
LogInit: Command Line: 
LogInit: Base Directory: D:/Unreal engine 4/UE_4.24/Engine/Binaries/Win64/
LogInit: Installed Engine Build: 1
LogDevObjectVersion: Number of dev versions registered: 25
LogDevObjectVersion:   Dev-Blueprints (B0D832E4-1F89-4F0D-ACCF-7EB736FD4AA2): 10
LogDevObjectVersion:   Dev-Build (E1C64328-A22C-4D53-A36C-8E866417BD8C): 0
LogDevObjectVersion:   Dev-Core (375EC13C-06E4-48FB-B500-84F0262A717E): 3
LogDevObjectVersion:   Dev-Editor (E4B068ED-F494-42E9-A231-DA0B2E46BB41): 37
LogDevObjectVersion:   Dev-Framework (CFFC743F-43B0-4480-9391-14DF171D2073): 36
LogDevObjectVersion:   Dev-Mobile (B02B49B5-BB20-44E9-A304-32B752E40360): 2
LogDevObjectVersion:   Dev-Networking (A4E4105C-59A1-49B5-A7C5-40C4547EDFEE): 0
LogDevObjectVersion:   Dev-Online (39C831C9-5AE6-47DC-9A44-9C173E1C8E7C): 0
LogDevObjectVersion:   Dev-Physics (78F01B33-EBEA-4F98-B9B4-84EACCB95AA2): 2
LogDevObjectVersion:   Dev-Platform (6631380F-2D4D-43E0-8009-CF276956A95A): 0
LogDevObjectVersion:   Dev-Rendering (12F88B9F-8875-4AFC-A67C-D90C383ABD29): 36
LogDevObjectVersion:   Dev-Sequencer (7B5AE74C-D270-4C10-A958-57980B212A5A): 11
LogDevObjectVersion:   Dev-VR (D7296918-1DD6-4BDD-9DE2-64A83CC13884): 2
LogDevObjectVersion:   Dev-LoadTimes (C2A15278-BFE7-4AFE-6C17-90FF531DF755): 1
LogDevObjectVersion:   Private-Geometry (6EACA3D4-40EC-4CC1-B786-8BED09428FC5): 3
LogDevObjectVersion:   Dev-AnimPhys (29E575DD-E0A3-4627-9D10-D276232CDCEA): 17
LogDevObjectVersion:   Dev-Anim (AF43A65D-7FD3-4947-9873-3E8ED9C1BB05): 2
LogDevObjectVersion:   Dev-ReflectionCapture (6B266CEC-1EC7-4B8F-A30B-E4D90942FC07): 1
LogDevObjectVersion:   Dev-Automation (0DF73D61-A23F-47EA-B727-89E90C41499A): 1
LogDevObjectVersion:   FortniteMain (601D1886-AC64-4F84-AA16-D3DE0DEAC7D6): 31
LogDevObjectVersion:   Dev-Enterprise (9DFFBCD6-494F-0158-E221-12823C92A888): 8
LogDevObjectVersion:   Dev-Niagara (F2AED0AC-9AFE-416F-8664-AA7FFA26D6FC): 1
LogDevObjectVersion:   Dev-Destruction (174F1F0B-B4C6-45A5-B13F-2EE8D0FB917D): 9
LogDevObjectVersion:   Dev-Physics-Ext (35F94A83-E258-406C-A318-09F59610247C): 8
LogDevObjectVersion:   Dev-CineCamera (B2E18506-4273-CFC2-A54E-F4BB758BBA07): 1
LogInit: Presizing for max 25165824 objects, including 0 objects not considered by GC, pre-allocating 0 bytes for permanent pool.
LogInit: Object subsystem initialized
LogConfig: Setting CVar [[con.DebugEarlyDefault:1]]
LogConfig: Setting CVar [[r.setres:1280x720]]
[2020.04.01-04.22.54:202][  0]LogConfig: Setting CVar [[r.VSync:0]]
[2020.04.01-04.22.54:202][  0]LogConfig: Setting CVar [[r.RHICmdBypass:0]]
[2020.04.01-04.22.54:202][  0]LogConfig: Applying CVar settings from Section [/Script/Engine.RendererSettings] File [D:/Faycrest/Racer/MaMiSeShFay11820/Saved/Config/Windows/Engine.ini]
[2020.04.01-04.22.54:202][  0]LogConfig: Setting CVar [[r.GPUCrashDebugging:0]]
[2020.04.01-04.22.54:202][  0]LogConfig: Applying CVar settings from Section [/Script/Engine.RendererOverrideSettings] File [D:/Faycrest/Racer/MaMiSeShFay11820/Saved/Config/Windows/Engine.ini]
[2020.04.01-04.22.54:202][  0]LogConfig: Applying CVar settings from Section [/Script/Engine.StreamingSettings] File [D:/Faycrest/Racer/MaMiSeShFay11820/Saved/Config/Windows/Engine.ini]
[2020.04.01-04.22.54:202][  0]LogConfig: Setting CVar [[s.MinBulkDataSizeForAsyncLoading:131072]]
[2020.04.01-04.22.54:202][  0]LogConfig: Setting CVar [[s.AsyncLoadingThreadEnabled:0]]
[2020.04.01-04.22.54:202][  0]LogConfig: Setting CVar [[s.EventDrivenLoaderEnabled:1]]
[2020.04.01-04.22.54:202][  0]LogConfig: Setting CVar [[s.WarnIfTimeLimitExceeded:0]]
[2020.04.01-04.22.54:202][  0]LogConfig: Setting CVar [[s.TimeLimitExceededMultiplier:1.5]]
[2020.04.01-04.22.54:202][  0]LogConfig: Setting CVar [[s.TimeLimitExceededMinTime:0.005]]
[2020.04.01-04.22.54:202][  0]LogConfig: Setting CVar [[s.UseBackgroundLevelStreaming:1]]
[2020.04.01-04.22.54:202][  0]LogConfig: Setting CVar [[s.PriorityAsyncLoadingExtraTime:15.0]]
[2020.04.01-04.22.54:202][  0]LogConfig: Setting CVar [[s.LevelStreamingActorsUpdateTimeLimit:5.0]]
[2020.04.01-04.22.54:202][  0]LogConfig: Setting CVar [[s.PriorityLevelStreamingActorsUpdateExtraTime:5.0]]
[2020.04.01-04.22.54:202][  0]LogConfig: Setting CVar [[s.LevelStreamingComponentsRegistrationGranularity:10]]
[2020.04.01-04.22.54:202][  0]LogConfig: Setting CVar [[s.UnregisterComponentsTimeLimit:1.0]]
[2020.04.01-04.22.54:202][  0]LogConfig: Setting CVar [[s.LevelStreamingComponentsUnregistrationGranularity:5]]
[2020.04.01-04.22.54:202][  0]LogConfig: Setting CVar [[s.FlushStreamingOnExit:1]]
[2020.04.01-04.22.54:202][  0]LogConfig: Applying CVar settings from Section [/Script/Engine.GarbageCollectionSettings] File [D:/Faycrest/Racer/MaMiSeShFay11820/Saved/Config/Windows/Engine.ini]
[2020.04.01-04.22.54:202][  0]LogConfig: Setting CVar [[gc.MaxObjectsNotConsideredByGC:1]]
[2020.04.01-04.22.54:202][  0]LogConfig: Setting CVar [[gc.SizeOfPermanentObjectPool:0]]
[2020.04.01-04.22.54:202][  0]LogConfig: Setting CVar [[gc.FlushStreamingOnGC:0]]
[2020.04.01-04.22.54:202][  0]LogConfig: Setting CVar [[gc.NumRetriesBeforeForcingGC:10]]
[2020.04.01-04.22.54:202][  0]LogConfig: Setting CVar [[gc.AllowParallelGC:1]]
[2020.04.01-04.22.54:202][  0]LogConfig: Setting CVar [[gc.TimeBetweenPurgingPendingKillObjects:61.1]]
[2020.04.01-04.22.54:202][  0]LogConfig: Setting CVar [[gc.MaxObjectsInEditor:25165824]]
[2020.04.01-04.22.54:202][  0]LogConfig: Setting CVar [[gc.IncrementalBeginDestroyEnabled:1]]
[2020.04.01-04.22.54:202][  0]LogConfig: Setting CVar [[gc.CreateGCClusters:1]]
[2020.04.01-04.22.54:202][  0]LogConfig: Setting CVar [[gc.MinGCClusterSize:5]]
[2020.04.01-04.22.54:202][  0]LogConfig: Setting CVar [[gc.ActorClusteringEnabled:0]]
[2020.04.01-04.22.54:202][  0]LogConfig: Setting CVar [[gc.BlueprintClusteringEnabled:0]]
[2020.04.01-04.22.54:202][  0]LogConfig: Setting CVar [[gc.UseDisregardForGCOnDedicatedServers:0]]
[2020.04.01-04.22.54:203][  0]LogConfig: Applying CVar settings from Section [/Script/Engine.NetworkSettings] File [D:/Faycrest/Racer/MaMiSeShFay11820/Saved/Config/Windows/Engine.ini]
[2020.04.01-04.22.54:203][  0]LogConfig: Applying CVar settings from Section [/Script/UnrealEd.CookerSettings] File [D:/Faycrest/Racer/MaMiSeShFay11820/Saved/Config/Windows/Engine.ini]
[2020.04.01-04.22.54:205][  0]LogConfig: Applying CVar settings from Section [ViewDistanceQuality@3] File [D:/Faycrest/Racer/MaMiSeShFay11820/Saved/Config/Windows/Scalability.ini]
[2020.04.01-04.22.54:205][  0]LogConfig: Setting CVar [[r.SkeletalMeshLODBias:0]]
[2020.04.01-04.22.54:205][  0]LogConfig: Setting CVar [[r.ViewDistanceScale:1.0]]
[2020.04.01-04.22.54:205][  0]LogConfig: Applying CVar settings from Section [AntiAliasingQuality@3] File [D:/Faycrest/Racer/MaMiSeShFay11820/Saved/Config/Windows/Scalability.ini]
[2020.04.01-04.22.54:205][  0]LogConfig: Setting CVar [[r.PostProcessAAQuality:4]]
[2020.04.01-04.22.54:205][  0]LogConfig: Applying CVar settings from Section [ShadowQuality@3] File [D:/Faycrest/Racer/MaMiSeShFay11820/Saved/Config/Windows/Scalability.ini]
[2020.04.01-04.22.54:205][  0]LogConfig: Setting CVar [[r.LightFunctionQuality:1]]
[2020.04.01-04.22.54:205][  0]LogConfig: Setting CVar [[r.ShadowQuality:5]]
[2020.04.01-04.22.54:205][  0]LogConfig: Setting CVar [[r.Shadow.CSM.MaxCascades:10]]
[2020.04.01-04.22.54:205][  0]LogConfig: Setting CVar [[r.Shadow.MaxResolution:2048]]
[2020.04.01-04.22.54:205][  0]LogConfig: Setting CVar [[r.Shadow.MaxCSMResolution:2048]]
[2020.04.01-04.22.54:205][  0]LogConfig: Setting CVar [[r.Shadow.RadiusThreshold:0.01]]
[2020.04.01-04.22.54:205][  0]LogConfig: Setting CVar [[r.Shadow.DistanceScale:1.0]]
[2020.04.01-04.22.54:205][  0]LogConfig: Setting CVar [[r.Shadow.CSM.TransitionScale:1.0]]
[2020.04.01-04.22.54:205][  0]LogConfig: Setting CVar [[r.Shadow.PreShadowResolutionFactor:1.0]]
[2020.04.01-04.22.54:205][  0]LogConfig: Setting CVar [[r.DistanceFieldShadowing:1]]
[2020.04.01-04.22.54:205][  0]LogConfig: Setting CVar [[r.DistanceFieldAO:1]]
[2020.04.01-04.22.54:205][  0]LogConfig: Setting CVar [[r.AOQuality:2]]
[2020.04.01-04.22.54:205][  0]LogConfig: Setting CVar [[r.VolumetricFog:1]]
[2020.04.01-04.22.54:205][  0]LogConfig: Setting CVar [[r.VolumetricFog.GridPixelSize:8]]
[2020.04.01-04.22.54:205][  0]LogConfig: Setting CVar [[r.VolumetricFog.GridSizeZ:128]]
[2020.04.01-04.22.54:205][  0]LogConfig: Setting CVar [[r.VolumetricFog.HistoryMissSupersampleCount:4]]
[2020.04.01-04.22.54:205][  0]LogConfig: Setting CVar [[r.LightMaxDrawDistanceScale:1]]
[2020.04.01-04.22.54:205][  0]LogConfig: Setting CVar [[r.CapsuleShadows:1]]
[2020.04.01-04.22.54:205][  0]LogConfig: Applying CVar settings from Section [PostProcessQuality@3] File [D:/Faycrest/Racer/MaMiSeShFay11820/Saved/Config/Windows/Scalability.ini]
[2020.04.01-04.22.54:205][  0]LogConfig: Setting CVar [[r.MotionBlurQuality:4]]
[2020.04.01-04.22.54:205][  0]LogConfig: Setting CVar [[r.AmbientOcclusionMipLevelFactor:0.4]]
[2020.04.01-04.22.54:205][  0]LogConfig: Setting CVar [[r.AmbientOcclusionMaxQuality:100]]
[2020.04.01-04.22.54:205][  0]LogConfig: Setting CVar [[r.AmbientOcclusionLevels:-1]]
[2020.04.01-04.22.54:205][  0]LogConfig: Setting CVar [[r.AmbientOcclusionRadiusScale:1.0]]
[2020.04.01-04.22.54:205][  0]LogConfig: Setting CVar [[r.DepthOfFieldQuality:2]]
[2020.04.01-04.22.54:205][  0]LogConfig: Setting CVar [[r.RenderTargetPoolMin:400]]
[2020.04.01-04.22.54:205][  0]LogConfig: Setting CVar [[r.LensFlareQuality:2]]
[2020.04.01-04.22.54:205][  0]LogConfig: Setting CVar [[r.SceneColorFringeQuality:1]]
[2020.04.01-04.22.54:205][  0]LogConfig: Setting CVar [[r.EyeAdaptationQuality:2]]
[2020.04.01-04.22.54:205][  0]LogConfig: Setting CVar [[r.BloomQuality:5]]
[2020.04.01-04.22.54:205][  0]LogConfig: Setting CVar [[r.FastBlurThreshold:100]]
[2020.04.01-04.22.54:205][  0]LogConfig: Setting CVar [[r.Upscale.Quality:3]]
[2020.04.01-04.22.54:205][  0]LogConfig: Setting CVar [[r.Tonemapper.GrainQuantization:1]]
[2020.04.01-04.22.54:205][  0]LogConfig: Setting CVar [[r.LightShaftQuality:1]]
[2020.04.01-04.22.54:205][  0]LogConfig: Setting CVar [[r.Filter.SizeScale:1]]
[2020.04.01-04.22.54:205][  0]LogConfig: Setting CVar [[r.Tonemapper.Quality:5]]
[2020.04.01-04.22.54:205][  0]LogConfig: Setting CVar [[r.DOF.Gather.AccumulatorQuality:1        ; higher gathering accumulator quality]]
[2020.04.01-04.22.54:205][  0]LogConfig: Setting CVar [[r.DOF.Gather.PostfilterMethod:1          ; Median3x3 postfilering method]]
[2020.04.01-04.22.54:205][  0]LogConfig: Setting CVar [[r.DOF.Gather.EnableBokehSettings:0       ; no bokeh simulation when gathering]]
[2020.04.01-04.22.54:205][  0]LogConfig: Setting CVar [[r.DOF.Gather.RingCount:4                 ; medium number of samples when gathering]]
[2020.04.01-04.22.54:205][  0]LogConfig: Setting CVar [[r.DOF.Scatter.ForegroundCompositing:1    ; additive foreground scattering]]
[2020.04.01-04.22.54:205][  0]LogConfig: Setting CVar [[r.DOF.Scatter.BackgroundCompositing:2    ; additive background scattering]]
[2020.04.01-04.22.54:205][  0]LogConfig: Setting CVar [[r.DOF.Scatter.EnableBokehSettings:1      ; bokeh simulation when scattering]]
[2020.04.01-04.22.54:205][  0]LogConfig: Setting CVar [[r.DOF.Scatter.MaxSpriteRatio:0.1         ; only a maximum of 10% of scattered bokeh]]
[2020.04.01-04.22.54:205][  0]LogConfig: Setting CVar [[r.DOF.Recombine.Quality:1                ; cheap slight out of focus]]
[2020.04.01-04.22.54:205][  0]LogConfig: Setting CVar [[r.DOF.Recombine.EnableBokehSettings:0    ; no bokeh simulation on slight out of focus]]
[2020.04.01-04.22.54:205][  0]LogConfig: Setting CVar [[r.DOF.TemporalAAQuality:1                ; more stable temporal accumulation]]
[2020.04.01-04.22.54:205][  0]LogConfig: Setting CVar [[r.DOF.Kernel.MaxForegroundRadius:0.025]]
[2020.04.01-04.22.54:205][  0]LogConfig: Setting CVar [[r.DOF.Kernel.MaxBackgroundRadius:0.025]]
[2020.04.01-04.22.54:205][  0]LogConfig: Applying CVar settings from Section [TextureQuality@3] File [D:/Faycrest/Racer/MaMiSeShFay11820/Saved/Config/Windows/Scalability.ini]
[2020.04.01-04.22.54:205][  0]LogConfig: Setting CVar [[r.Streaming.MipBias:0]]
[2020.04.01-04.22.54:205][  0]LogConfig: Setting CVar [[r.Streaming.AmortizeCPUToGPUCopy:0]]
[2020.04.01-04.22.54:205][  0]LogConfig: Setting CVar [[r.Streaming.MaxNumTexturesToStreamPerFrame:0]]
[2020.04.01-04.22.54:206][  0]LogConfig: Setting CVar [[r.Streaming.Boost:1]]
[2020.04.01-04.22.54:206][  0]LogConfig: Setting CVar [[r.MaxAnisotropy:8]]
[2020.04.01-04.22.54:206][  0]LogConfig: Setting CVar [[r.VT.MaxAnisotropy:8]]
[2020.04.01-04.22.54:206][  0]LogConfig: Setting CVar [[r.Streaming.LimitPoolSizeToVRAM:0]]
[2020.04.01-04.22.54:206][  0]LogConfig: Setting CVar [[r.Streaming.PoolSize:1000]]
[2020.04.01-04.22.54:206][  0]LogConfig: Setting CVar [[r.Streaming.MaxEffectiveScreenSize:0]]
[2020.04.01-04.22.54:206][  0]LogConfig: Applying CVar settings from Section [EffectsQuality@3] File [D:/Faycrest/Racer/MaMiSeShFay11820/Saved/Config/Windows/Scalability.ini]
[2020.04.01-04.22.54:206][  0]LogConfig: Setting CVar [[r.TranslucencyLightingVolumeDim:64]]
[2020.04.01-04.22.54:206][  0]LogConfig: Setting CVar [[r.RefractionQuality:2]]
[2020.04.01-04.22.54:206][  0]LogConfig: Setting CVar [[r.SSR.Quality:3]]
[2020.04.01-04.22.54:206][  0]LogConfig: Setting CVar [[r.SSR.HalfResSceneColor:0]]
[2020.04.01-04.22.54:206][  0]LogConfig: Setting CVar [[r.SceneColorFormat:4]]
[2020.04.01-04.22.54:206][  0]LogConfig: Setting CVar [[r.DetailMode:2]]
[2020.04.01-04.22.54:206][  0]LogConfig: Setting CVar [[r.TranslucencyVolumeBlur:1]]
[2020.04.01-04.22.54:206][  0]LogConfig: Setting CVar [[r.MaterialQualityLevel:1 ; High quality]]
[2020.04.01-04.22.54:206][  0]LogConfig: Setting CVar [[r.SSS.Scale:1]]
[2020.04.01-04.22.54:206][  0]LogConfig: Setting CVar [[r.SSS.SampleSet:2]]
[2020.04.01-04.22.54:206][  0]LogConfig: Setting CVar [[r.SSS.Quality:1]]
[2020.04.01-04.22.54:206][  0]LogConfig: Setting CVar [[r.SSS.HalfRes:1]]
[2020.04.01-04.22.54:206][  0]LogConfig: Setting CVar [[r.SSGI.Quality:3]]
[2020.04.01-04.22.54:206][  0]LogConfig: Setting CVar [[r.EmitterSpawnRateScale:1.0]]
[2020.04.01-04.22.54:206][  0]LogConfig: Setting CVar [[r.ParticleLightQuality:2]]
[2020.04.01-04.22.54:206][  0]LogConfig: Setting CVar [[r.SkyAtmosphere.AerialPerspectiveLUT.FastApplyOnOpaque:1 ; Always have FastSkyLUT 1 in this case to avoid wrong sky]]
[2020.04.01-04.22.54:206][  0]LogConfig: Setting CVar [[r.SkyAtmosphere.AerialPerspectiveLUT.SampleCountPerSlice:1]]
[2020.04.01-04.22.54:206][  0]LogConfig: Setting CVar [[r.SkyAtmosphere.AerialPerspectiveLUT.DepthResolution:16.0]]
[2020.04.01-04.22.54:206][  0]LogConfig: Setting CVar [[r.SkyAtmosphere.FastSkyLUT:1]]
[2020.04.01-04.22.54:206][  0]LogConfig: Setting CVar [[r.SkyAtmosphere.FastSkyLUT.SampleCountMin:4.0]]
[2020.04.01-04.22.54:206][  0]LogConfig: Setting CVar [[r.SkyAtmosphere.FastSkyLUT.SampleCountMax:32.0]]
[2020.04.01-04.22.54:206][  0]LogConfig: Setting CVar [[r.SkyAtmosphere.SampleCountMin:4.0]]
[2020.04.01-04.22.54:206][  0]LogConfig: Setting CVar [[r.SkyAtmosphere.SampleCountMax:32.0]]
[2020.04.01-04.22.54:206][  0]LogConfig: Setting CVar [[r.SkyAtmosphere.TransmittanceLUT.UseSmallFormat:0]]
[2020.04.01-04.22.54:206][  0]LogConfig: Setting CVar [[r.SkyAtmosphere.TransmittanceLUT.SampleCount:10.0]]
[2020.04.01-04.22.54:206][  0]LogConfig: Setting CVar [[r.SkyAtmosphere.MultiScatteringLUT.SampleCount:15.0]]
[2020.04.01-04.22.54:206][  0]LogConfig: Applying CVar settings from Section [FoliageQuality@3] File [D:/Faycrest/Racer/MaMiSeShFay11820/Saved/Config/Windows/Scalability.ini]
[2020.04.01-04.22.54:206][  0]LogConfig: Setting CVar [[foliage.DensityScale:1.0]]
[2020.04.01-04.22.54:206][  0]LogConfig: Setting CVar [[grass.DensityScale:1.0]]
[2020.04.01-04.22.54:206][  0]LogConfig: Applying CVar settings from Section [ShadingQuality@3] File [D:/Faycrest/Racer/MaMiSeShFay11820/Saved/Config/Windows/Scalability.ini]
[2020.04.01-04.22.54:206][  0]LogConfig: Setting CVar [[r.HairStrands.SkyLighting.SampleCount:16]]
[2020.04.01-04.22.54:206][  0]LogConfig: Setting CVar [[r.HairStrands.SkyLighting.JitterIntegration:0]]
[2020.04.01-04.22.54:206][  0]LogConfig: Setting CVar [[r.HairStrands.SkyAO.SampleCount:16]]
[2020.04.01-04.22.54:206][  0]LogInit: Selected Device Profile: [Windows]
[2020.04.01-04.22.54:206][  0]LogInit: Applying CVar settings loaded from the selected device profile: [Windows]
[2020.04.01-04.22.54:208][  0]LogHAL: Display: Platform has ~ 16 GB [17112281088 / 17179869184 / 16], which maps to Larger [LargestMinGB=32, LargerMinGB=12, DefaultMinGB=8, SmallerMinGB=6, SmallestMinGB=0)
[2020.04.01-04.22.54:208][  0]LogInit: Going up to parent DeviceProfile []
[2020.04.01-04.22.54:208][  0]LogConfig: Applying CVar settings from Section [ViewDistanceQuality@3] File [D:/Faycrest/Racer/MaMiSeShFay11820/Saved/Config/Windows/Scalability.ini]
[2020.04.01-04.22.54:208][  0]LogConfig: Setting CVar [[r.SkeletalMeshLODBias:0]]
[2020.04.01-04.22.54:208][  0]LogConfig: Setting CVar [[r.ViewDistanceScale:1.0]]
[2020.04.01-04.22.54:208][  0]LogConfig: Applying CVar settings from Section [AntiAliasingQuality@3] File [D:/Faycrest/Racer/MaMiSeShFay11820/Saved/Config/Windows/Scalability.ini]
[2020.04.01-04.22.54:208][  0]LogConfig: Setting CVar [[r.PostProcessAAQuality:4]]
[2020.04.01-04.22.54:208][  0]LogConfig: Applying CVar settings from Section [ShadowQuality@3] File [D:/Faycrest/Racer/MaMiSeShFay11820/Saved/Config/Windows/Scalability.ini]
[2020.04.01-04.22.54:208][  0]LogConfig: Setting CVar [[r.LightFunctionQuality:1]]
[2020.04.01-04.22.54:209][  0]LogConfig: Setting CVar [[r.ShadowQuality:5]]
[2020.04.01-04.22.54:209][  0]LogConfig: Setting CVar [[r.Shadow.CSM.MaxCascades:10]]
[2020.04.01-04.22.54:209][  0]LogConfig: Setting CVar [[r.Shadow.MaxResolution:2048]]
[2020.04.01-04.22.54:209][  0]LogConfig: Setting CVar [[r.Shadow.MaxCSMResolution:2048]]
[2020.04.01-04.22.54:209][  0]LogConfig: Setting CVar [[r.Shadow.RadiusThreshold:0.01]]
[2020.04.01-04.22.54:209][  0]LogConfig: Setting CVar [[r.Shadow.DistanceScale:1.0]]
[2020.04.01-04.22.54:209][  0]LogConfig: Setting CVar [[r.Shadow.CSM.TransitionScale:1.0]]
[2020.04.01-04.22.54:209][  0]LogConfig: Setting CVar [[r.Shadow.PreShadowResolutionFactor:1.0]]
[2020.04.01-04.22.54:209][  0]LogConfig: Setting CVar [[r.DistanceFieldShadowing:1]]
[2020.04.01-04.22.54:209][  0]LogConfig: Setting CVar [[r.DistanceFieldAO:1]]
[2020.04.01-04.22.54:209][  0]LogConfig: Setting CVar [[r.AOQuality:2]]
[2020.04.01-04.22.54:209][  0]LogConfig: Setting CVar [[r.VolumetricFog:1]]
[2020.04.01-04.22.54:209][  0]LogConfig: Setting CVar [[r.VolumetricFog.GridPixelSize:8]]
[2020.04.01-04.22.54:209][  0]LogConfig: Setting CVar [[r.VolumetricFog.GridSizeZ:128]]
[2020.04.01-04.22.54:209][  0]LogConfig: Setting CVar [[r.VolumetricFog.HistoryMissSupersampleCount:4]]
[2020.04.01-04.22.54:209][  0]LogConfig: Setting CVar [[r.LightMaxDrawDistanceScale:1]]
[2020.04.01-04.22.54:209][  0]LogConfig: Setting CVar [[r.CapsuleShadows:1]]
[2020.04.01-04.22.54:209][  0]LogConfig: Applying CVar settings from Section [PostProcessQuality@3] File [D:/Faycrest/Racer/MaMiSeShFay11820/Saved/Config/Windows/Scalability.ini]
[2020.04.01-04.22.54:209][  0]LogConfig: Setting CVar [[r.MotionBlurQuality:4]]
[2020.04.01-04.22.54:209][  0]LogConfig: Setting CVar [[r.AmbientOcclusionMipLevelFactor:0.4]]
[2020.04.01-04.22.54:209][  0]LogConfig: Setting CVar [[r.AmbientOcclusionMaxQuality:100]]
[2020.04.01-04.22.54:209][  0]LogConfig: Setting CVar [[r.AmbientOcclusionLevels:-1]]
[2020.04.01-04.22.54:209][  0]LogConfig: Setting CVar [[r.AmbientOcclusionRadiusScale:1.0]]
[2020.04.01-04.22.54:209][  0]LogConfig: Setting CVar [[r.DepthOfFieldQuality:2]]
[2020.04.01-04.22.54:209][  0]LogConfig: Setting CVar [[r.RenderTargetPoolMin:400]]
[2020.04.01-04.22.54:209][  0]LogConfig: Setting CVar [[r.LensFlareQuality:2]]
[2020.04.01-04.22.54:209][  0]LogConfig: Setting CVar [[r.SceneColorFringeQuality:1]]
[2020.04.01-04.22.54:209][  0]LogConfig: Setting CVar [[r.EyeAdaptationQuality:2]]
[2020.04.01-04.22.54:209][  0]LogConfig: Setting CVar [[r.BloomQuality:5]]
[2020.04.01-04.22.54:209][  0]LogConfig: Setting CVar [[r.FastBlurThreshold:100]]
[2020.04.01-04.22.54:209][  0]LogConfig: Setting CVar [[r.Upscale.Quality:3]]
[2020.04.01-04.22.54:209][  0]LogConfig: Setting CVar [[r.Tonemapper.GrainQuantization:1]]
[2020.04.01-04.22.54:209][  0]LogConfig: Setting CVar [[r.LightShaftQuality:1]]
[2020.04.01-04.22.54:209][  0]LogConfig: Setting CVar [[r.Filter.SizeScale:1]]
[2020.04.01-04.22.54:209][  0]LogConfig: Setting CVar [[r.Tonemapper.Quality:5]]
[2020.04.01-04.22.54:209][  0]LogConfig: Setting CVar [[r.DOF.Gather.AccumulatorQuality:1        ; higher gathering accumulator quality]]
[2020.04.01-04.22.54:209][  0]LogConfig: Setting CVar [[r.DOF.Gather.PostfilterMethod:1          ; Median3x3 postfilering method]]
[2020.04.01-04.22.54:209][  0]LogConfig: Setting CVar [[r.DOF.Gather.EnableBokehSettings:0       ; no bokeh simulation when gathering]]
[2020.04.01-04.22.54:209][  0]LogConfig: Setting CVar [[r.DOF.Gather.RingCount:4                 ; medium number of samples when gathering]]
[2020.04.01-04.22.54:209][  0]LogConfig: Setting CVar [[r.DOF.Scatter.ForegroundCompositing:1    ; additive foreground scattering]]
[2020.04.01-04.22.54:209][  0]LogConfig: Setting CVar [[r.DOF.Scatter.BackgroundCompositing:2    ; additive background scattering]]
[2020.04.01-04.22.54:209][  0]LogConfig: Setting CVar [[r.DOF.Scatter.EnableBokehSettings:1      ; bokeh simulation when scattering]]
[2020.04.01-04.22.54:209][  0]LogConfig: Setting CVar [[r.DOF.Scatter.MaxSpriteRatio:0.1         ; only a maximum of 10% of scattered bokeh]]
[2020.04.01-04.22.54:209][  0]LogConfig: Setting CVar [[r.DOF.Recombine.Quality:1                ; cheap slight out of focus]]
[2020.04.01-04.22.54:209][  0]LogConfig: Setting CVar [[r.DOF.Recombine.EnableBokehSettings:0    ; no bokeh simulation on slight out of focus]]
[2020.04.01-04.22.54:209][  0]LogConfig: Setting CVar [[r.DOF.TemporalAAQuality:1                ; more stable temporal accumulation]]
[2020.04.01-04.22.54:209][  0]LogConfig: Setting CVar [[r.DOF.Kernel.MaxForegroundRadius:0.025]]
[2020.04.01-04.22.54:209][  0]LogConfig: Setting CVar [[r.DOF.Kernel.MaxBackgroundRadius:0.025]]
[2020.04.01-04.22.54:209][  0]LogConfig: Applying CVar settings from Section [TextureQuality@3] File [D:/Faycrest/Racer/MaMiSeShFay11820/Saved/Config/Windows/Scalability.ini]
[2020.04.01-04.22.54:209][  0]LogConfig: Setting CVar [[r.Streaming.MipBias:0]]
[2020.04.01-04.22.54:209][  0]LogConfig: Setting CVar [[r.Streaming.AmortizeCPUToGPUCopy:0]]
[2020.04.01-04.22.54:209][  0]LogConfig: Setting CVar [[r.Streaming.MaxNumTexturesToStreamPerFrame:0]]
[2020.04.01-04.22.54:209][  0]LogConfig: Setting CVar [[r.Streaming.Boost:1]]
[2020.04.01-04.22.54:209][  0]LogConfig: Setting CVar [[r.MaxAnisotropy:8]]
[2020.04.01-04.22.54:209][  0]LogConfig: Setting CVar [[r.VT.MaxAnisotropy:8]]
[2020.04.01-04.22.54:209][  0]LogConfig: Setting CVar [[r.Streaming.LimitPoolSizeToVRAM:0]]
[2020.04.01-04.22.54:209][  0]LogConfig: Setting CVar [[r.Streaming.PoolSize:1000]]
[2020.04.01-04.22.54:209][  0]LogConfig: Setting CVar [[r.Streaming.MaxEffectiveScreenSize:0]]
[2020.04.01-04.22.54:209][  0]LogConfig: Applying CVar settings from Section [EffectsQuality@3] File [D:/Faycrest/Racer/MaMiSeShFay11820/Saved/Config/Windows/Scalability.ini]
[2020.04.01-04.22.54:209][  0]LogConfig: Setting CVar [[r.TranslucencyLightingVolumeDim:64]]
[2020.04.01-04.22.54:209][  0]LogConfig: Setting CVar [[r.RefractionQuality:2]]
[2020.04.01-04.22.54:209][  0]LogConfig: Setting CVar [[r.SSR.Quality:3]]
[2020.04.01-04.22.54:209][  0]LogConfig: Setting CVar [[r.SSR.HalfResSceneColor:0]]
[2020.04.01-04.22.54:209][  0]LogConfig: Setting CVar [[r.SceneColorFormat:4]]
[2020.04.01-04.22.54:209][  0]LogConfig: Setting CVar [[r.DetailMode:2]]
[2020.04.01-04.22.54:209][  0]LogConfig: Setting CVar [[r.TranslucencyVolumeBlur:1]]
[2020.04.01-04.22.54:209][  0]LogConfig: Setting CVar [[r.MaterialQualityLevel:1 ; High quality]]
[2020.04.01-04.22.54:209][  0]LogConfig: Setting CVar [[r.SSS.Scale:1]]
[2020.04.01-04.22.54:209][  0]LogConfig: Setting CVar [[r.SSS.SampleSet:2]]
[2020.04.01-04.22.54:209][  0]LogConfig: Setting CVar [[r.SSS.Quality:1]]
[2020.04.01-04.22.54:209][  0]LogConfig: Setting CVar [[r.SSS.HalfRes:1]]
[2020.04.01-04.22.54:209][  0]LogConfig: Setting CVar [[r.SSGI.Quality:3]]
[2020.04.01-04.22.54:209][  0]LogConfig: Setting CVar [[r.EmitterSpawnRateScale:1.0]]
[2020.04.01-04.22.54:209][  0]LogConfig: Setting CVar [[r.ParticleLightQuality:2]]
[2020.04.01-04.22.54:209][  0]LogConfig: Setting CVar [[r.SkyAtmosphere.AerialPerspectiveLUT.FastApplyOnOpaque:1 ; Always have FastSkyLUT 1 in this case to avoid wrong sky]]
[2020.04.01-04.22.54:209][  0]LogConfig: Setting CVar [[r.SkyAtmosphere.AerialPerspectiveLUT.SampleCountPerSlice:1]]
[2020.04.01-04.22.54:210][  0]LogConfig: Setting CVar [[r.SkyAtmosphere.AerialPerspectiveLUT.DepthResolution:16.0]]
[2020.04.01-04.22.54:210][  0]LogConfig: Setting CVar [[r.SkyAtmosphere.FastSkyLUT:1]]
[2020.04.01-04.22.54:210][  0]LogConfig: Setting CVar [[r.SkyAtmosphere.FastSkyLUT.SampleCountMin:4.0]]
[2020.04.01-04.22.54:210][  0]LogConfig: Setting CVar [[r.SkyAtmosphere.FastSkyLUT.SampleCountMax:32.0]]
[2020.04.01-04.22.54:210][  0]LogConfig: Setting CVar [[r.SkyAtmosphere.SampleCountMin:4.0]]
[2020.04.01-04.22.54:210][  0]LogConfig: Setting CVar [[r.SkyAtmosphere.SampleCountMax:32.0]]
[2020.04.01-04.22.54:210][  0]LogConfig: Setting CVar [[r.SkyAtmosphere.TransmittanceLUT.UseSmallFormat:0]]
[2020.04.01-04.22.54:210][  0]LogConfig: Setting CVar [[r.SkyAtmosphere.TransmittanceLUT.SampleCount:10.0]]
[2020.04.01-04.22.54:210][  0]LogConfig: Setting CVar [[r.SkyAtmosphere.MultiScatteringLUT.SampleCount:15.0]]
[2020.04.01-04.22.54:210][  0]LogConfig: Applying CVar settings from Section [FoliageQuality@3] File [D:/Faycrest/Racer/MaMiSeShFay11820/Saved/Config/Windows/Scalability.ini]
[2020.04.01-04.22.54:210][  0]LogConfig: Setting CVar [[foliage.DensityScale:1.0]]
[2020.04.01-04.22.54:210][  0]LogConfig: Setting CVar [[grass.DensityScale:1.0]]
[2020.04.01-04.22.54:210][  0]LogConfig: Applying CVar settings from Section [ShadingQuality@3] File [D:/Faycrest/Racer/MaMiSeShFay11820/Saved/Config/Windows/Scalability.ini]
[2020.04.01-04.22.54:210][  0]LogConfig: Setting CVar [[r.HairStrands.SkyLighting.SampleCount:16]]
[2020.04.01-04.22.54:210][  0]LogConfig: Setting CVar [[r.HairStrands.SkyLighting.JitterIntegration:0]]
[2020.04.01-04.22.54:210][  0]LogConfig: Setting CVar [[r.HairStrands.SkyAO.SampleCount:16]]
[2020.04.01-04.22.54:210][  0]LogConfig: Applying CVar settings from Section [Startup] File [../../../Engine/Config/ConsoleVariables.ini]
[2020.04.01-04.22.54:210][  0]LogConfig: Setting CVar [[net.UseAdaptiveNetUpdateFrequency:0]]
[2020.04.01-04.22.54:210][  0]LogConfig: Setting CVar [[p.chaos.AllowCreatePhysxBodies:1]]
[2020.04.01-04.22.54:210][  0]LogConfig: Applying CVar settings from Section [ConsoleVariables] File [D:/Faycrest/Racer/MaMiSeShFay11820/Saved/Config/Windows/Engine.ini]
[2020.04.01-04.22.54:210][  0]LogInit: Computer: DESKTOP-AOHVFOL
[2020.04.01-04.22.54:210][  0]LogInit: User: rabidpadme
[2020.04.01-04.22.54:210][  0]LogInit: CPU Page size=4096, Cores=4
[2020.04.01-04.22.54:210][  0]LogInit: High frequency timer resolution =10.000000 MHz
[2020.04.01-04.22.54:210][  0]LogMemory: Memory total: Physical=15.9GB (16GB approx)
[2020.04.01-04.22.54:210][  0]LogMemory: Platform Memory Stats for Windows
[2020.04.01-04.22.54:210][  0]LogMemory: Process Physical Memory: 105.83 MB used, 105.83 MB peak
[2020.04.01-04.22.54:210][  0]LogMemory: Process Virtual Memory: 100.65 MB used, 100.65 MB peak
[2020.04.01-04.22.54:210][  0]LogMemory: Physical Memory: 8857.36 MB used,  7462.18 MB free, 16319.54 MB total
[2020.04.01-04.22.54:210][  0]LogMemory: Virtual Memory: 5137.55 MB used,  134212592.00 MB free, 134217728.00 MB total
[2020.04.01-04.22.54:214][  0]LogWindows: WindowsPlatformFeatures enabled
[2020.04.01-04.22.54:232][  0]LogInit: Using OS detected language (en-US).
[2020.04.01-04.22.54:232][  0]LogInit: Using OS detected locale (en-US).
[2020.04.01-04.22.54:233][  0]LogTextLocalizationManager: No specific localization for 'en-US' exists, so the 'en' localization will be used.
[2020.04.01-04.22.54:383][  0]LogInit: Setting process to per monitor DPI aware
[2020.04.01-04.22.54:420][  0]LogSlate: New Slate User Created.  User Index 0, Is Virtual User: 0
[2020.04.01-04.22.54:420][  0]LogSlate: Slate User Registered.  User Index 0, Is Virtual User: 0
[2020.04.01-04.22.54:648][  0]LogHMD: Failed to initialize OpenVR with code 110
[2020.04.01-04.22.54:649][  0]LogD3D11RHI: D3D11 min allowed feature level: 11_0
[2020.04.01-04.22.54:649][  0]LogD3D11RHI: D3D11 max allowed feature level: 11_0
[2020.04.01-04.22.54:649][  0]LogD3D11RHI: D3D11 adapters:
[2020.04.01-04.22.54:711][  0]LogD3D11RHI:    0. 'NVIDIA GeForce GTX 960' (Feature Level 11_0)
[2020.04.01-04.22.54:711][  0]LogD3D11RHI:       2007/0/8159 MB DedicatedVideo/DedicatedSystem/SharedSystem, Outputs:1, VendorId:0x10de
[2020.04.01-04.22.54:713][  0]LogD3D11RHI:    1. 'Microsoft Basic Render Driver' (Feature Level 11_0)
[2020.04.01-04.22.54:713][  0]LogD3D11RHI:       0/0/8159 MB DedicatedVideo/DedicatedSystem/SharedSystem, Outputs:0, VendorId:0x1414
[2020.04.01-04.22.54:713][  0]LogD3D11RHI: Chosen D3D11 Adapter: 0
[2020.04.01-04.22.54:719][  0]LogD3D11RHI: Creating new Direct3DDevice
[2020.04.01-04.22.54:719][  0]LogD3D11RHI:     GPU DeviceId: 0x1401 (for the marketing name, search the web for "GPU Device Id")
[2020.04.01-04.22.54:719][  0]LogWindows: EnumDisplayDevices:
[2020.04.01-04.22.54:719][  0]LogWindows:    0. 'NVIDIA GeForce GTX 960' (P:1 D:1)
[2020.04.01-04.22.54:720][  0]LogWindows:    1. 'NVIDIA GeForce GTX 960' (P:0 D:0)
[2020.04.01-04.22.54:720][  0]LogWindows:    2. 'NVIDIA GeForce GTX 960' (P:0 D:0)
[2020.04.01-04.22.54:720][  0]LogWindows:    3. 'NVIDIA GeForce GTX 960' (P:0 D:0)
[2020.04.01-04.22.54:720][  0]LogWindows: DebugString: FoundDriverCount:4 
[2020.04.01-04.22.54:720][  0]LogD3D11RHI:     Adapter Name: NVIDIA GeForce GTX 960
[2020.04.01-04.22.54:720][  0]LogD3D11RHI:   Driver Version: 431.98 (internal:26.21.14.3198, unified:431.98)
[2020.04.01-04.22.54:720][  0]LogD3D11RHI:      Driver Date: 9-30-2019
[2020.04.01-04.22.54:720][  0]LogRHI: Texture pool is 1405 MB (70% of 2007 MB)
[2020.04.01-04.22.54:757][  0]LogD3D11RHI: RHI has support for 64 bit atomics
[2020.04.01-04.22.54:757][  0]LogD3D11RHI: Async texture creation enabled
[2020.04.01-04.22.54:818][  0]LogD3D11RHI: GPU Timing Frequency: 1000.000000 (Debug: 2 1)
[2020.04.01-04.22.55:101][  0]LogTargetPlatformManager: Display: Loaded TargetPlatform 'AllDesktop'
[2020.04.01-04.22.55:130][  0]LogTargetPlatformManager: Display: Loaded TargetPlatform 'Android'
[2020.04.01-04.22.55:130][  0]LogTargetPlatformManager: Display: Loaded TargetPlatform 'Android_ASTC'
[2020.04.01-04.22.55:130][  0]LogTargetPlatformManager: Display: Loaded TargetPlatform 'Android_ATC'
[2020.04.01-04.22.55:130][  0]LogTargetPlatformManager: Display: Loaded TargetPlatform 'Android_DXT'
[2020.04.01-04.22.55:130][  0]LogTargetPlatformManager: Display: Loaded TargetPlatform 'Android_ETC1'
[2020.04.01-04.22.55:130][  0]LogTargetPlatformManager: Display: Loaded TargetPlatform 'Android_ETC1a'
[2020.04.01-04.22.55:130][  0]LogTargetPlatformManager: Display: Loaded TargetPlatform 'Android_ETC2'
[2020.04.01-04.22.55:130][  0]LogTargetPlatformManager: Display: Loaded TargetPlatform 'Android_PVRTC'
[2020.04.01-04.22.55:130][  0]LogTargetPlatformManager: Display: Loaded TargetPlatform 'AndroidClient'
[2020.04.01-04.22.55:130][  0]LogTargetPlatformManager: Display: Loaded TargetPlatform 'Android_ASTCClient'
[2020.04.01-04.22.55:130][  0]LogTargetPlatformManager: Display: Loaded TargetPlatform 'Android_ATCClient'
[2020.04.01-04.22.55:130][  0]LogTargetPlatformManager: Display: Loaded TargetPlatform 'Android_DXTClient'
[2020.04.01-04.22.55:130][  0]LogTargetPlatformManager: Display: Loaded TargetPlatform 'Android_ETC1Client'
[2020.04.01-04.22.55:130][  0]LogTargetPlatformManager: Display: Loaded TargetPlatform 'Android_ETC1aClient'
[2020.04.01-04.22.55:130][  0]LogTargetPlatformManager: Display: Loaded TargetPlatform 'Android_ETC2Client'
[2020.04.01-04.22.55:130][  0]LogTargetPlatformManager: Display: Loaded TargetPlatform 'Android_PVRTCClient'
[2020.04.01-04.22.55:130][  0]LogTargetPlatformManager: Display: Loaded TargetPlatform 'Android_Multi'
[2020.04.01-04.22.55:130][  0]LogTargetPlatformManager: Display: Loaded TargetPlatform 'Android_MultiClient'
[2020.04.01-04.22.55:148][  0]LogTargetPlatformManager: Display: Loaded TargetPlatform 'IOSClient'
[2020.04.01-04.22.55:148][  0]LogTargetPlatformManager: Display: Loaded TargetPlatform 'IOS'
[2020.04.01-04.22.55:156][  0]LogTargetPlatformManager: Display: Loaded TargetPlatform 'LinuxNoEditor'
[2020.04.01-04.22.55:162][  0]LogTargetPlatformManager: Display: Loaded TargetPlatform 'LinuxClient'
[2020.04.01-04.22.55:168][  0]LogTargetPlatformManager: Display: Loaded TargetPlatform 'LinuxServer'
[2020.04.01-04.22.55:175][  0]LogTargetPlatformManager: Display: Loaded TargetPlatform 'LinuxAArch64NoEditor'
[2020.04.01-04.22.55:181][  0]LogTargetPlatformManager: Display: Loaded TargetPlatform 'LinuxAArch64Client'
[2020.04.01-04.22.55:189][  0]LogTargetPlatformManager: Display: Loaded TargetPlatform 'LinuxAArch64Server'
[2020.04.01-04.22.55:210][  0]LogTargetPlatformManager: Display: Loaded TargetPlatform 'Lumin'
[2020.04.01-04.22.55:210][  0]LogTargetPlatformManager: Display: Loaded TargetPlatform 'LuminClient'
[2020.04.01-04.22.55:223][  0]LogTargetPlatformManager: Display: Loaded TargetPlatform 'TVOSClient'
[2020.04.01-04.22.55:223][  0]LogTargetPlatformManager: Display: Loaded TargetPlatform 'TVOS'
[2020.04.01-04.22.55:230][  0]LogTargetPlatformManager: Display: Loaded TargetPlatform 'WindowsNoEditor'
[2020.04.01-04.22.55:237][  0]LogTargetPlatformManager: Display: Loaded TargetPlatform 'Windows'
[2020.04.01-04.22.55:244][  0]LogTargetPlatformManager: Display: Loaded TargetPlatform 'WindowsClient'
[2020.04.01-04.22.55:251][  0]LogTargetPlatformManager: Display: Loaded TargetPlatform 'WindowsServer'
[2020.04.01-04.22.55:251][  0]LogTargetPlatformManager: Display: Building Assets For Windows
[2020.04.01-04.22.55:254][  0]LogAudioDebug: Display: Lib vorbis DLL was dynamically loaded.
[2020.04.01-04.22.55:276][  0]LogShaderCompilers: Guid format shader working directory is 4 characters bigger than the processId version (../../../../../Faycrest/Racer/MaMiSeShFay11820/Intermediate/Shaders/WorkingDirectory/17316/).
[2020.04.01-04.22.55:276][  0]LogShaderCompilers: Cleaned the shader compiler working directory 'C:/Users/rabidpadme/AppData/Local/Temp/UnrealShaderWorkingDir/E7060EBD4B73BB5AC7C7D2A1EBA10C6D/'.
[2020.04.01-04.22.55:276][  0]LogXGEController: Cannot use XGE Controller as Incredibuild is not installed on this machine.
[2020.04.01-04.22.55:276][  0]LogShaderCompilers: Cannot use XGE Shader Compiler as Incredibuild is not installed on this machine.
[2020.04.01-04.22.55:276][  0]LogShaderCompilers: Display: Using Local Shader Compiler.
[2020.04.01-04.22.55:968][  0]LogDerivedDataCache: Display: Max Cache Size: 512 MB
[2020.04.01-04.22.56:017][  0]LogDerivedDataCache: Loaded boot cache 0.05s 78MB C:/Users/rabidpadme/AppData/Local/UnrealEngine/4.24/DerivedDataCache/Boot.ddc.
[2020.04.01-04.22.56:017][  0]LogDerivedDataCache: Display: Loaded Boot cache: C:/Users/rabidpadme/AppData/Local/UnrealEngine/4.24/DerivedDataCache/Boot.ddc
[2020.04.01-04.22.56:017][  0]LogDerivedDataCache: FDerivedDataBackendGraph:  Pak pak cache file ../../../../../Faycrest/Racer/MaMiSeShFay11820/DerivedDataCache/DDC.ddp not found, will not use a pak cache.
[2020.04.01-04.22.56:017][  0]LogDerivedDataCache: Unable to find inner node Pak for hierarchical cache Hierarchy.
[2020.04.01-04.22.56:017][  0]LogDerivedDataCache: FDerivedDataBackendGraph:  CompressedPak pak cache file ../../../../../Faycrest/Racer/MaMiSeShFay11820/DerivedDataCache/Compressed.ddp not found, will not use a pak cache.
[2020.04.01-04.22.56:017][  0]LogDerivedDataCache: Unable to find inner node CompressedPak for hierarchical cache Hierarchy.
[2020.04.01-04.22.56:027][  0]LogDerivedDataCache: Display: Pak cache opened for reading ../../../Engine/DerivedDataCache/Compressed.ddp.
[2020.04.01-04.22.56:027][  0]LogDerivedDataCache: FDerivedDataBackendGraph:  EnterprisePak pak cache file ../../../Enterprise/DerivedDataCache/Compressed.ddp not found, will not use a pak cache.
[2020.04.01-04.22.56:027][  0]LogDerivedDataCache: Unable to find inner node EnterprisePak for hierarchical cache Hierarchy.
[2020.04.01-04.22.56:028][  0]LogDerivedDataCache: Using Local data cache path C:/Users/rabidpadme/AppData/Local/UnrealEngine/Common/DerivedDataCache: Writable
[2020.04.01-04.22.56:028][  0]LogDerivedDataCache: Shared data cache path not found in *engine.ini, will not use an Shared cache.
[2020.04.01-04.22.56:028][  0]LogDerivedDataCache: Unable to find inner node Shared for hierarchical cache Hierarchy.
[2020.04.01-04.22.56:057][  0]LogMaterial: Verifying Global Shaders for PCD3D_SM5
[2020.04.01-04.22.56:059][  0]LogSlate: Using FreeType 2.10.0
[2020.04.01-04.22.56:060][  0]LogSlate: SlateFontServices - WITH_FREETYPE: 1, WITH_HARFBUZZ: 1
[2020.04.01-04.22.56:118][  0]LogAssetRegistry: FAssetRegistry took 0.0023 seconds to start up
[2020.04.01-04.22.56:389][  0]LogInit: Selected Device Profile: [Windows]
[2020.04.01-04.22.56:536][  0]LogMeshReduction: Using QuadricMeshReduction for automatic static mesh reduction
[2020.04.01-04.22.56:536][  0]LogMeshReduction: Using SimplygonMeshReduction for automatic skeletal mesh reduction
[2020.04.01-04.22.56:536][  0]LogMeshReduction: Using ProxyLODMeshReduction for automatic mesh merging
[2020.04.01-04.22.56:536][  0]LogMeshReduction: No distributed automatic mesh merging module available
[2020.04.01-04.22.56:536][  0]LogMeshMerging: No distributed automatic mesh merging module available
[2020.04.01-04.22.56:547][  0]LogNetVersion: MyProject3 1.0.0, NetCL: 10570792, EngineNetVer: 13, GameNetVer: 0 (Checksum: 3220380703)
[2020.04.01-04.22.56:593][  0]LogInput: Warning: Action ResetVR uses deprecated key MotionController_Left_Grip1.
[2020.04.01-04.22.56:593][  0]LogInput: Warning: Action Handbrake uses deprecated key MotionController_Right_Grip1.
[2020.04.01-04.22.56:593][  0]LogInput: Warning: Axis MoveForward uses deprecated key MotionController_Right_Trigger.
[2020.04.01-04.22.56:593][  0]LogInput: Warning: Axis MoveForward uses deprecated key MotionController_Left_Trigger.
[2020.04.01-04.22.56:593][  0]LogInput: Warning: Axis MoveRight uses deprecated key MotionController_Left_Thumbstick_X.
[2020.04.01-04.22.56:593][  0]LogInput: Warning: Axis MoveRight uses deprecated key MotionController_Right_Thumbstick_X.
[2020.04.01-04.22.57:599][  0]LogPackageLocalizationCache: Processed 10 localized package path(s) for 1 prioritized culture(s) in 0.040095 seconds
[2020.04.01-04.22.57:606][  0]LogUObjectArray: 46746 objects as part of root set at end of initial load.
[2020.04.01-04.22.57:606][  0]LogUObjectAllocator: 8135816 out of 0 bytes used by permanent object pool.
[2020.04.01-04.22.57:606][  0]LogUObjectArray: CloseDisregardForGC: 0/0 objects in disregard for GC pool
[2020.04.01-04.22.57:966][  0]LogTcpMessaging: Initializing TcpMessaging bridge
[2020.04.01-04.22.57:969][  0]LogUdpMessaging: Initializing bridge on interface 0.0.0.0:0 to multicast group 230.0.0.1:6666.
[2020.04.01-04.22.58:014][  0]SourceControl: Source control is disabled
[2020.04.01-04.22.58:014][  0]SourceControl: Source control is disabled
[2020.04.01-04.22.58:015][  0]SourceControl: Source control is disabled
[2020.04.01-04.22.58:015][  0]SourceControl: Source control is disabled
[2020.04.01-04.22.58:016][  0]SourceControl: Source control is disabled
[2020.04.01-04.22.58:089][  0]LogAndroidPermission: UAndroidPermissionCallbackProxy::GetInstance
[2020.04.01-04.22.58:098][  0]LogAudioCaptureCore: Display: No Audio Capture implementations found. Audio input will be silent.
[2020.04.01-04.22.58:098][  0]LogAudioCaptureCore: Display: No Audio Capture implementations found. Audio input will be silent.
[2020.04.01-04.22.58:176][  0]LogOcInput: OculusInput pre-init called
[2020.04.01-04.22.58:183][  0]LogWindows: Failed to load 'OVRPlugin.dll' (GetLastError=126)
[2020.04.01-04.22.58:183][  0]LogWindows: File 'OVRPlugin.dll' does not exist
[2020.04.01-04.22.58:243][  0]LogEngine: Initializing Engine...
[2020.04.01-04.22.58:244][  0]LogHMD: Failed to initialize OpenVR with code 110
[2020.04.01-04.22.58:245][  0]LogStats: UGameplayTagsManager::InitializeManager -  0.000 s
[2020.04.01-04.22.58:550][  0]LogInit: Initializing FReadOnlyCVARCache
[2020.04.01-04.22.58:556][  0]LogAIModule: Creating AISystem for world Untitled
[2020.04.01-04.22.58:576][  0]LogAudioMixer: Display: Audio Mixer Platform Settings:
[2020.04.01-04.22.58:576][  0]LogAudioMixer: Display: 	Sample Rate:						  48000
[2020.04.01-04.22.58:576][  0]LogAudioMixer: Display: 	Callback Buffer Frame Size Requested: 1024
[2020.04.01-04.22.58:576][  0]LogAudioMixer: Display: 	Callback Buffer Frame Size To Use:	  1024
[2020.04.01-04.22.58:576][  0]LogAudioMixer: Display: 	Number of buffers to queue:			  2
[2020.04.01-04.22.58:576][  0]LogAudioMixer: Display: 	Max Channels (voices):				  32
[2020.04.01-04.22.58:576][  0]LogAudioMixer: Display: 	Number of Async Source Workers:		  0
[2020.04.01-04.22.58:576][  0]LogAudio: Display: AudioDevice MaxSources: 32
[2020.04.01-04.22.58:577][  0]LogAudio: Display: Using built-in audio occlusion.
[2020.04.01-04.22.58:577][  0]LogAudioMixer: Display: Initializing audio mixer.
[2020.04.01-04.22.58:596][  0]LogAudioMixer: Display: Audio Device Output Speaker Info:
[2020.04.01-04.22.58:597][  0]LogAudioMixer: Display: Name: Speakers (Realtek High Definition Audio)
[2020.04.01-04.22.58:597][  0]LogAudioMixer: Display: Is Default: Yes
[2020.04.01-04.22.58:597][  0]LogAudioMixer: Display: Sample Rate: 48000
[2020.04.01-04.22.58:597][  0]LogAudioMixer: Display: Channel Count Used: 2
[2020.04.01-04.22.58:597][  0]LogAudioMixer: Display: Device Channel Count: 2
[2020.04.01-04.22.58:597][  0]LogAudioMixer: Display: Channel Order:
[2020.04.01-04.22.58:597][  0]LogAudioMixer: Display: 0: FrontLeft
[2020.04.01-04.22.58:597][  0]LogAudioMixer: Display: 1: FrontRight
[2020.04.01-04.22.58:616][  0]LogAudioMixer: Display: Using Audio Device Speakers (Realtek High Definition Audio)
[2020.04.01-04.22.58:620][  0]LogInit: FAudioDevice initialized.
[2020.04.01-04.22.58:620][  0]LogNetVersion: Set ProjectVersion to 1.0.0.0. Version Checksum will be recalculated on next use.
[2020.04.01-04.22.58:694][  0]LogDerivedDataCache: Saved boot cache 0.07s 78MB C:/Users/rabidpadme/AppData/Local/UnrealEngine/4.24/DerivedDataCache/Boot.ddc.
[2020.04.01-04.22.58:698][  0]LogInit: Texture streaming: Enabled
[2020.04.01-04.22.58:706][  0]LogEngineSessionManager: EngineSessionManager initialized
[2020.04.01-04.22.58:706][  0]LogEditorSessionSummary: Verbose: Initializing EditorSessionSummaryWriter for editor session tracking
[2020.04.01-04.22.58:707][  0]LogEditorSessionSummary: EditorSessionSummaryWriter initialized
[2020.04.01-04.22.58:756][  0]LogInit: Transaction tracking system initialized
[2020.04.01-04.22.58:765][  0]BlueprintLog: New page: Editor Load
[2020.04.01-04.22.58:790][  0]LocalizationService: Localization service is disabled
[2020.04.01-04.22.59:049][  0]LogFileCache: Scanning file cache for directory 'D:/Faycrest/Racer/MaMiSeShFay11820/Content/' took 0.01s
[2020.04.01-04.22.59:049][  0]LogCook: Display: Max memory allowance for cook 16384mb min free memory 0mb
[2020.04.01-04.22.59:049][  0]LogCook: Display: Mobile HDR setting 1
[2020.04.01-04.22.59:779][  0]SourceControl: Source control is disabled
[2020.04.01-04.22.59:779][  0]Cmd: MAP LOAD FILE="../../../../../Faycrest/Racer/MaMiSeShFay11820/Content/Maps/MainMenu.umap" TEMPLATE=0 SHOWPROGRESS=1 FEATURELEVEL=3
[2020.04.01-04.22.59:779][  0]LightingResults: New page: Lighting Build
[2020.04.01-04.22.59:780][  0]LogWorld: UWorld::CleanupWorld for Untitled, bSessionEnded=true, bCleanupResources=true
[2020.04.01-04.22.59:780][  0]LogSlate: InvalidateAllWidgets triggered.  All widgets were invalidated
[2020.04.01-04.22.59:780][  0]MapCheck: New page: Map Check
[2020.04.01-04.22.59:780][  0]LightingResults: New page: Lighting Build
[2020.04.01-04.22.59:803][  0]LogUObjectHash: Compacting FUObjectHashTables data took   1.63ms
[2020.04.01-04.22.59:826][  0]LogAIModule: Creating AISystem for world MainMenu
[2020.04.01-04.22.59:827][  0]LogEditorServer: Finished looking for orphan Actors (0.000 secs)
[2020.04.01-04.22.59:850][  0]LogUObjectHash: Compacting FUObjectHashTables data took   1.66ms
[2020.04.01-04.22.59:851][  0]Cmd: MAP CHECKDEP NOCLEARLOG
[2020.04.01-04.22.59:851][  0]MapCheck: Map check complete: 0 Error(s), 0 Warning(s), took 0.09ms to complete.
[2020.04.01-04.22.59:851][  0]LogFileHelpers: Loading map 'MainMenu' took 0.071
[2020.04.01-04.23.00:008][  0]LogSlate: Updating window title bar state: overlay mode, drag disabled, window buttons hidden, title bar hidden
[2020.04.01-04.23.00:015][  0]LogSlate: Updating window title bar state: overlay mode, drag disabled, window buttons hidden, title bar hidden
[2020.04.01-04.23.00:022][  0]LogSlate: Updating window title bar state: overlay mode, drag disabled, window buttons hidden, title bar hidden
[2020.04.01-04.23.00:028][  0]LogSlate: Updating window title bar state: overlay mode, drag disabled, window buttons hidden, title bar hidden
[2020.04.01-04.23.00:032][  0]LogCollectionManager: Loaded 0 collections in 0.001120 seconds
[2020.04.01-04.23.00:044][  0]LogFileCache: Scanning file cache for directory 'D:/Faycrest/Racer/MaMiSeShFay11820/Saved/Collections/' took 0.00s
[2020.04.01-04.23.00:044][  0]LogFileCache: Scanning file cache for directory 'D:/Faycrest/Racer/MaMiSeShFay11820/Content/Developers/rabidpadme/Collections/' took 0.00s
[2020.04.01-04.23.00:044][  0]LogFileCache: Scanning file cache for directory 'D:/Faycrest/Racer/MaMiSeShFay11820/Content/Collections/' took 0.00s
[2020.04.01-04.23.00:044][  0]LogContentBrowser: Native class hierarchy populated in 0.0073 seconds. Added 3017 classes and 720 folders.
[2020.04.01-04.23.00:046][  0]LogContentBrowser: Native class hierarchy updated for 'WidgetCarousel' in 0.0002 seconds. Added 0 classes and 0 folders.
[2020.04.01-04.23.00:116][  0]LogContentBrowser: Native class hierarchy updated for 'AddContentDialog' in 0.0002 seconds. Added 0 classes and 0 folders.
[2020.04.01-04.23.00:119][  0]LogContentBrowser: Native class hierarchy updated for 'SceneOutliner' in 0.0002 seconds. Added 2 classes and 3 folders.
[2020.04.01-04.23.00:202][  0]LogSlate: Took 0.000347 seconds to synchronously load lazily loaded font '../../../Engine/Content/Slate/Fonts/Roboto-Regular.ttf' (155K)
[2020.04.01-04.23.00:204][  0]LogSlate: Took 0.000170 seconds to synchronously load lazily loaded font '../../../Engine/Content/Slate/Fonts/Roboto-Bold.ttf' (160K)
[2020.04.01-04.23.00:208][  0]LogSlate: Took 0.000168 seconds to synchronously load lazily loaded font '../../../Engine/Content/Editor/Slate/Fonts/FontAwesome.ttf' (139K)
[2020.04.01-04.23.00:275][  0]LogRenderer: Reallocating scene render targets to support 1048x588 Format 10 NumSamples 1 (Frame:1).
[2020.04.01-04.23.00:389][  0]LogContentBrowser: Native class hierarchy updated for 'HierarchicalLODOutliner' in 0.0002 seconds. Added 0 classes and 0 folders.
[2020.04.01-04.23.00:389][  0]LogLoad: (Engine Initialization) Total time: 7.87 seconds
[2020.04.01-04.23.00:390][  0]LogLoad: (Engine Initialization) Total Blueprint compile time: 0.00 seconds
[2020.04.01-04.23.00:402][  0]LogRawInputWindows: Warning: Found device 9 devices
[2020.04.01-04.23.00:403][  0]LogRawInputWindows: Warning: Found device 9 devices
[2020.04.01-04.23.00:403][  0]LogRawInputWindows: Warning: Device was registered succesfully but not connected (Usage:4 UsagePage:1)
[2020.04.01-04.23.00:403][  0]LogRawInputWindows: Warning: Found device 9 devices
[2020.04.01-04.23.00:403][  0]LogRawInputWindows: VenderID:e6f ProductID:213
[2020.04.01-04.23.00:403][  0]LogRawInputWindows: Device was registered succesfully and is connected (Usage:5 UsagePage:1)
[2020.04.01-04.23.00:447][  0]LogAssetRegistry: Asset discovery search completed in 4.3300 seconds
[2020.04.01-04.23.00:450][  0]LogCollectionManager: Fixed up redirectors for 0 collections in 0.000019 seconds (updated 0 objects)
[2020.04.01-04.23.00:451][  0]LogContentStreaming: Texture pool size now 1000 MB
[2020.04.01-04.23.00:556][  0]LogSlate: Took 0.000235 seconds to synchronously load lazily loaded font '../../../Engine/Content/Slate/Fonts/Roboto-Light.ttf' (167K)
[2020.04.01-04.23.13:601][537]LogSlate: Took 0.000240 seconds to synchronously load lazily loaded font '../../../Engine/Content/Slate/Fonts/Roboto-Light.ttf' (167K)
[2020.04.01-04.23.13:701][537]LogLinker: Warning: While loading '../../../../../Faycrest/Racer/MaMiSeShFay11820/Content/Maps/Ice_track.umap' failed to load '/Game/Maps/ice_crystal_001': Can't find file.
[2020.04.01-04.23.13:701][537]LogLinker: Warning: While loading '../../../../../Faycrest/Racer/MaMiSeShFay11820/Content/Maps/Ice_track.umap' failed to load '/Game/Maps/ice_crystal_001': Can't find file.
[2020.04.01-04.23.13:714][537]LogLinker: Warning: While loading '../../../../../Faycrest/Racer/MaMiSeShFay11820/Content/Maps/Ice_track.umap' failed to load '/Game/Maps/ice_crystal_001': Can't find file.
[2020.04.01-04.23.13:715][537]LogLinker: Warning: While loading '../../../../../Faycrest/Racer/MaMiSeShFay11820/Content/Maps/Ice_track.umap' failed to load '/Game/Maps/ice_crystal_001': Can't find file.
[2020.04.01-04.23.13:717][537]LogLinker: Warning: Failed to load '/Game/Maps/ice_crystal_001': Can't find file.
[2020.04.01-04.23.13:717][537]LogLinker: Warning: Failed to load '/Game/Maps/ice_crystal_001': Can't find file.
[2020.04.01-04.23.13:717][537]LogLinker: Warning: Failed to load '/Game/Maps/ice_crystal_001': Can't find file.
[2020.04.01-04.23.13:717][537]LogLinker: Warning: Failed to load '/Game/Maps/ice_crystal_001': Can't find file.
[2020.04.01-04.23.13:733][537]LogLinker: Warning: While loading '../../../../../Faycrest/Racer/MaMiSeShFay11820/Content/Maps/Ice_track.umap' failed to load '/Game/Maps/ice_crystal_001': Can't find file.
[2020.04.01-04.23.13:733][537]LoadErrors: Failed to load /Game/Maps/ice_crystal_001.ice_crystal_001 Referenced by ice_crystal_001_92
[2020.04.01-04.23.13:733][537]LogLinker: Warning: While loading '../../../../../Faycrest/Racer/MaMiSeShFay11820/Content/Maps/Ice_track.umap' failed to load '/Game/Maps/ice_crystal_001': Can't find file.
[2020.04.01-04.23.13:733][537]LogLinker: Warning: While loading '../../../../../Faycrest/Racer/MaMiSeShFay11820/Content/Maps/Ice_track.umap' failed to load '/Game/Maps/ice_crystal_001': Can't find file.
[2020.04.01-04.23.13:733][537]LoadErrors: Failed to load /Game/Maps/ice_crystal_001.ice_crystal_001 Referenced by ice_crystal_101
[2020.04.01-04.23.13:734][537]LogLinker: Warning: While loading '../../../../../Faycrest/Racer/MaMiSeShFay11820/Content/Maps/Ice_track.umap' failed to load '/Game/Maps/ice_crystal_001': Can't find file.
[2020.04.01-04.23.13:734][537]LogLinker: Warning: While loading '../../../../../Faycrest/Racer/MaMiSeShFay11820/Content/Maps/Ice_track.umap' failed to load '/Game/Maps/ice_crystal_001': Can't find file.
[2020.04.01-04.23.13:734][537]LoadErrors: Failed to load /Game/Maps/ice_crystal_001.ice_crystal_001 Referenced by ice_crystal_104
[2020.04.01-04.23.13:734][537]LogLinker: Warning: While loading '../../../../../Faycrest/Racer/MaMiSeShFay11820/Content/Maps/Ice_track.umap' failed to load '/Game/Maps/ice_crystal_001': Can't find file.
[2020.04.01-04.23.13:734][537]LogLinker: Warning: While loading '../../../../../Faycrest/Racer/MaMiSeShFay11820/Content/Maps/Ice_track.umap' failed to load '/Game/Maps/ice_crystal_001': Can't find file.
[2020.04.01-04.23.13:734][537]LoadErrors: Failed to load /Game/Maps/ice_crystal_001.ice_crystal_001 Referenced by ice_crystal_107
[2020.04.01-04.23.13:734][537]LogLinker: Warning: While loading '../../../../../Faycrest/Racer/MaMiSeShFay11820/Content/Maps/Ice_track.umap' failed to load '/Game/Maps/ice_crystal_001': Can't find file.
[2020.04.01-04.23.13:734][537]LogLinker: Warning: While loading '../../../../../Faycrest/Racer/MaMiSeShFay11820/Content/Maps/Ice_track.umap' failed to load '/Game/Maps/ice_crystal_001': Can't find file.
[2020.04.01-04.23.13:734][537]LoadErrors: Failed to load /Game/Maps/ice_crystal_001.ice_crystal_001 Referenced by ice_crystal_110
[2020.04.01-04.23.13:734][537]LogLinker: Warning: While loading '../../../../../Faycrest/Racer/MaMiSeShFay11820/Content/Maps/Ice_track.umap' failed to load '/Game/Maps/ice_crystal_001': Can't find file.
[2020.04.01-04.23.13:734][537]LogLinker: Warning: While loading '../../../../../Faycrest/Racer/MaMiSeShFay11820/Content/Maps/Ice_track.umap' failed to load '/Game/Maps/ice_crystal_001': Can't find file.
[2020.04.01-04.23.13:734][537]LoadErrors: Failed to load /Game/Maps/ice_crystal_001.ice_crystal_001 Referenced by ice_crystal_113
[2020.04.01-04.23.13:735][537]LogLinker: Warning: While loading '../../../../../Faycrest/Racer/MaMiSeShFay11820/Content/Maps/Ice_track.umap' failed to load '/Game/Maps/ice_crystal_001': Can't find file.
[2020.04.01-04.23.13:735][537]LogLinker: Warning: While loading '../../../../../Faycrest/Racer/MaMiSeShFay11820/Content/Maps/Ice_track.umap' failed to load '/Game/Maps/ice_crystal_001': Can't find file.
[2020.04.01-04.23.13:735][537]LoadErrors: Failed to load /Game/Maps/ice_crystal_001.ice_crystal_001 Referenced by ice_crystal_116
[2020.04.01-04.23.13:735][537]LogLinker: Warning: While loading '../../../../../Faycrest/Racer/MaMiSeShFay11820/Content/Maps/Ice_track.umap' failed to load '/Game/Maps/ice_crystal_001': Can't find file.
[2020.04.01-04.23.13:735][537]LogLinker: Warning: While loading '../../../../../Faycrest/Racer/MaMiSeShFay11820/Content/Maps/Ice_track.umap' failed to load '/Game/Maps/ice_crystal_001': Can't find file.
[2020.04.01-04.23.13:735][537]LoadErrors: Failed to load /Game/Maps/ice_crystal_001.ice_crystal_001 Referenced by ice_crystal_119
[2020.04.01-04.23.13:735][537]LogLinker: Warning: While loading '../../../../../Faycrest/Racer/MaMiSeShFay11820/Content/Maps/Ice_track.umap' failed to load '/Game/Maps/ice_crystal_001': Can't find file.
[2020.04.01-04.23.13:735][537]LogLinker: Warning: While loading '../../../../../Faycrest/Racer/MaMiSeShFay11820/Content/Maps/Ice_track.umap' failed to load '/Game/Maps/ice_crystal_001': Can't find file.
[2020.04.01-04.23.13:735][537]LoadErrors: Failed to load /Game/Maps/ice_crystal_001.ice_crystal_001 Referenced by ice_crystal_95
[2020.04.01-04.23.13:735][537]LogLinker: Warning: While loading '../../../../../Faycrest/Racer/MaMiSeShFay11820/Content/Maps/Ice_track.umap' failed to load '/Game/Maps/ice_crystal_001': Can't find file.
[2020.04.01-04.23.13:736][537]LogLinker: Warning: While loading '../../../../../Faycrest/Racer/MaMiSeShFay11820/Content/Maps/Ice_track.umap' failed to load '/Game/Maps/ice_crystal_001': Can't find file.
[2020.04.01-04.23.13:736][537]LoadErrors: Failed to load /Game/Maps/ice_crystal_001.ice_crystal_001 Referenced by ice_crystal_98
[2020.04.01-04.23.13:736][537]LogLinker: Warning: While loading '../../../../../Faycrest/Racer/MaMiSeShFay11820/Content/Maps/Ice_track.umap' failed to load '/Game/Maps/ice_crystal_001': Can't find file.
[2020.04.01-04.23.14:051][537]LogAIModule: Creating AISystem for world Ice_track
[2020.04.01-04.23.14:062][537]LogAssetEditorSubsystem: Opening Asset editor for World /Game/Maps/Ice_track.Ice_track
[2020.04.01-04.23.14:087][537]LogUObjectHash: Compacting FUObjectHashTables data took   2.12ms
[2020.04.01-04.23.14:089][537]Cmd: MAP LOAD FILE="../../../../../Faycrest/Racer/MaMiSeShFay11820/Content/Maps/Ice_track.umap" TEMPLATE=0 SHOWPROGRESS=1 FEATURELEVEL=3
[2020.04.01-04.23.14:089][537]LightingResults: New page: Lighting Build
[2020.04.01-04.23.14:089][537]LoadErrors: New page: Loading map: Ice_track.umap
[2020.04.01-04.23.14:089][537]LogWorld: UWorld::CleanupWorld for MainMenu, bSessionEnded=true, bCleanupResources=true
[2020.04.01-04.23.14:089][537]LogSlate: InvalidateAllWidgets triggered.  All widgets were invalidated
[2020.04.01-04.23.14:089][537]MapCheck: New page: Map Check
[2020.04.01-04.23.14:090][537]LightingResults: New page: Lighting Build
[2020.04.01-04.23.14:111][537]LogUObjectHash: Compacting FUObjectHashTables data took   1.86ms
[2020.04.01-04.23.14:174][537]LogEditorServer: Finished looking for orphan Actors (0.000 secs)
[2020.04.01-04.23.14:199][537]LogUObjectHash: Compacting FUObjectHashTables data took   1.48ms
[2020.04.01-04.23.14:228][537]Cmd: MAP CHECKDEP NOCLEARLOG
[2020.04.01-04.23.14:229][537]MapCheck: Map check complete: 0 Error(s), 0 Warning(s), took 0.12ms to complete.
[2020.04.01-04.23.14:229][537]LogFileHelpers: Loading map 'Ice_track' took 0.141
[2020.04.01-04.23.32:934][721]LogAIModule: Creating AISystem for world Ice_track
[2020.04.01-04.23.32:979][721]LogAssetEditorSubsystem: Opening Asset editor for World /Game/Maps/EileensMap/Ice_track.Ice_track
[2020.04.01-04.23.33:002][721]LogUObjectHash: Compacting FUObjectHashTables data took   1.40ms
[2020.04.01-04.23.33:003][721]Cmd: MAP LOAD FILE="../../../../../Faycrest/Racer/MaMiSeShFay11820/Content/Maps/EileensMap/Ice_track.umap" TEMPLATE=0 SHOWPROGRESS=1 FEATURELEVEL=3
[2020.04.01-04.23.33:003][721]LightingResults: New page: Lighting Build
[2020.04.01-04.23.33:004][721]LoadErrors: New page: Loading map: Ice_track.umap
[2020.04.01-04.23.33:004][721]LogWorld: UWorld::CleanupWorld for Ice_track, bSessionEnded=true, bCleanupResources=true
[2020.04.01-04.23.33:004][721]LogSlate: InvalidateAllWidgets triggered.  All widgets were invalidated
[2020.04.01-04.23.33:004][721]MapCheck: New page: Map Check
[2020.04.01-04.23.33:005][721]LightingResults: New page: Lighting Build
[2020.04.01-04.23.33:029][721]LogUObjectHash: Compacting FUObjectHashTables data took   1.76ms
[2020.04.01-04.23.33:160][721]LogEditorServer: Finished looking for orphan Actors (0.000 secs)
[2020.04.01-04.23.33:187][721]LogUObjectHash: Compacting FUObjectHashTables data took   1.95ms
[2020.04.01-04.23.33:216][721]Cmd: MAP CHECKDEP NOCLEARLOG
[2020.04.01-04.23.33:216][721]MapCheck: Map check complete: 0 Error(s), 0 Warning(s), took 0.086ms to complete.
[2020.04.01-04.23.33:216][721]LogFileHelpers: Loading map 'Ice_track' took 0.215
[2020.04.01-04.26.04:962][122]LogActorFactory: Actor Factory created Cube
[2020.04.01-04.26.07:189][388]LogActorFactory: Actor Factory created Cube
[2020.04.01-04.26.09:679][680]Cmd: CAMERA ALIGN ACTIVEVIEWPORTONLY
[2020.04.01-04.26.12:205][973]LogSlate: Took 0.000213 seconds to synchronously load lazily loaded font '../../../Engine/Content/Slate/Fonts/Roboto-Italic.ttf' (157K)
[2020.04.01-04.26.43:363][531]Cmd: CAMERA ALIGN ACTIVEVIEWPORTONLY
[2020.04.01-04.26.50:754][411]LogEditorViewport: Clicking on Actor (LMB): StaticMeshActor (Cube)
[2020.04.01-04.26.57:545][195]Cmd: DELETE
[2020.04.01-04.26.57:545][195]Cmd: ACTOR DELETE
[2020.04.01-04.26.57:554][195]LogEditorActor: Deleted Actor: StaticMeshActor
[2020.04.01-04.26.57:577][195]LogUObjectHash: Compacting FUObjectHashTables data took   1.41ms
[2020.04.01-04.26.57:578][195]LogEditorActor: Deleted 1 Actors (0.032 secs)
[2020.04.01-04.27.12:060][906]Cmd: BRUSH ADD SELECTNEWBRUSH
[2020.04.01-04.28.05:486][ 30]LogDialogs: Warning: Suppressed: Extrude only works with Local Coordinates System
[2020.04.01-04.29.05:204][  0]Cmd: TRANSACTION UNDO
[2020.04.01-04.29.05:204][  0]LogEditorTransaction: Undo Move Actors
[2020.04.01-04.29.05:410][  0]LogGeometryMode: Warning: Unable to find 1 Poly(s) in new BSP
[2020.04.01-04.29.05:410][  0]LogGeometryMode: Warning: Unable to resolve BoxBrush2 Brush in new BSP, see above
[2020.04.01-04.29.05:410][  0]LogGeometryMode: Warning: Unable to find all previously selected geometry data, resetting selection
[2020.04.01-04.29.06:031][ 43]Cmd: TRANSACTION UNDO
[2020.04.01-04.29.06:031][ 43]LogEditorTransaction: Undo Move Actors
[2020.04.01-04.29.06:217][ 43]LogGeometryMode: Warning: Unable to find 1 Poly(s) in new BSP
[2020.04.01-04.29.06:218][ 43]LogGeometryMode: Warning: Unable to resolve BoxBrush2 Brush in new BSP, see above
[2020.04.01-04.29.06:218][ 43]LogGeometryMode: Warning: Unable to find all previously selected geometry data, resetting selection
[2020.04.01-04.29.06:705][ 91]Cmd: TRANSACTION UNDO
[2020.04.01-04.29.06:705][ 91]LogEditorTransaction: Undo Move Actors
[2020.04.01-04.29.06:883][ 91]LogGeometryMode: Warning: Unable to find 1 Poly(s) in new BSP
[2020.04.01-04.29.06:883][ 91]LogGeometryMode: Warning: Unable to resolve BoxBrush2 Brush in new BSP, see above
[2020.04.01-04.29.06:883][ 91]LogGeometryMode: Warning: Unable to find all previously selected geometry data, resetting selection
[2020.04.01-04.29.07:807][192]Cmd: TRANSACTION UNDO
[2020.04.01-04.29.07:807][192]LogEditorTransaction: Undo Move Actors
[2020.04.01-04.29.08:011][192]LogGeometryMode: Warning: Unable to find 1 Poly(s) in new BSP
[2020.04.01-04.29.08:011][192]LogGeometryMode: Warning: Unable to resolve BoxBrush2 Brush in new BSP, see above
[2020.04.01-04.29.08:011][192]LogGeometryMode: Warning: Unable to find all previously selected geometry data, resetting selection
[2020.04.01-04.29.08:648][259]Cmd: TRANSACTION UNDO
[2020.04.01-04.29.08:648][259]LogEditorTransaction: Undo Move Actors
[2020.04.01-04.29.08:820][259]LogGeometryMode: Warning: Unable to find 1 Poly(s) in new BSP
[2020.04.01-04.29.08:820][259]LogGeometryMode: Warning: Unable to resolve BoxBrush2 Brush in new BSP, see above
[2020.04.01-04.29.08:820][259]LogGeometryMode: Warning: Unable to find all previously selected geometry data, resetting selection
[2020.04.01-04.29.14:579][934]Cmd: TRANSACTION UNDO
[2020.04.01-04.29.14:579][934]LogEditorTransaction: Undo Move Actors
[2020.04.01-04.29.15:740][ 18]Cmd: TRANSACTION UNDO
[2020.04.01-04.29.15:740][ 18]LogEditorTransaction: Undo Move Actors
[2020.04.01-04.29.15:913][ 18]LogGeometryMode: Warning: Unable to find 1 Poly(s) in new BSP
[2020.04.01-04.29.15:913][ 18]LogGeometryMode: Warning: Unable to resolve BoxBrush2 Brush in new BSP, see above
[2020.04.01-04.29.15:913][ 18]LogGeometryMode: Warning: Unable to find all previously selected geometry data, resetting selection
[2020.04.01-04.29.34:097][114]LogGeomTools: Triangulation of poly failed.
[2020.04.01-04.29.34:097][114]LogGeomTools: Triangulation of poly failed.
[2020.04.01-04.29.34:892][158]Cmd: TRANSACTION UNDO
[2020.04.01-04.29.34:892][158]LogEditorTransaction: Undo Move Actors
[2020.04.01-04.29.35:065][158]LogGeometryMode: Warning: Unable to find 2 Vertex(s) in new BSP
[2020.04.01-04.29.35:065][158]LogGeometryMode: Warning: Unable to resolve BoxBrush2 Brush in new BSP, see above
[2020.04.01-04.29.35:065][158]LogGeometryMode: Warning: Unable to find all previously selected geometry data, resetting selection
[2020.04.01-04.30.00:950][ 54]LogEditorViewport: Clicking on Actor (LMB): StaticMeshActor (bridge001)
[2020.04.01-04.30.03:059][303]Cmd: TRANSACTION UNDO
[2020.04.01-04.30.03:059][303]LogEditorTransaction: Undo Clicking on Actors
[2020.04.01-04.30.03:595][319]Cmd: TRANSACTION UNDO
[2020.04.01-04.30.03:595][319]LogEditorTransaction: Undo Marquee Select
[2020.04.01-04.30.53:529][919]Cmd: TRANSACTION UNDO
[2020.04.01-04.30.53:529][919]LogEditorTransaction: Undo Move Actors
[2020.04.01-04.30.54:538][983]Cmd: TRANSACTION UNDO
[2020.04.01-04.30.54:538][983]LogEditorTransaction: Undo Move Actors
[2020.04.01-04.30.54:721][983]LogGeometryMode: Warning: Unable to find 4 Vertex(s) in new BSP
[2020.04.01-04.30.54:721][983]LogGeometryMode: Warning: Unable to resolve BoxBrush2 Brush in new BSP, see above
[2020.04.01-04.30.54:721][983]LogGeometryMode: Warning: Unable to find all previously selected geometry data, resetting selection
[2020.04.01-04.30.55:566][ 73]Cmd: TRANSACTION UNDO
[2020.04.01-04.30.55:566][ 73]LogEditorTransaction: Undo Move Actors
[2020.04.01-04.30.55:740][ 73]LogGeometryMode: Warning: Unable to find 4 Vertex(s) in new BSP
[2020.04.01-04.30.55:740][ 73]LogGeometryMode: Warning: Unable to resolve BoxBrush2 Brush in new BSP, see above
[2020.04.01-04.30.55:740][ 73]LogGeometryMode: Warning: Unable to find all previously selected geometry data, resetting selection
[2020.04.01-04.31.11:913][940]Cmd: TRANSACTION REDO
[2020.04.01-04.31.11:913][940]LogEditorTransaction: Redo Move Actors
[2020.04.01-04.31.12:131][940]LogGeometryMode: Warning: Unable to find 2 Vertex(s) in new BSP
[2020.04.01-04.31.12:131][940]LogGeometryMode: Warning: Unable to resolve BoxBrush2 Brush in new BSP, see above
[2020.04.01-04.31.12:131][940]LogGeometryMode: Warning: Unable to find all previously selected geometry data, resetting selection
[2020.04.01-04.31.13:922][119]Cmd: TRANSACTION REDO
[2020.04.01-04.31.13:922][119]LogEditorTransaction: Redo Move Actors
[2020.04.01-04.31.14:097][119]LogGeometryMode: Warning: Unable to find 4 Vertex(s) in new BSP
[2020.04.01-04.31.14:097][119]LogGeometryMode: Warning: Unable to resolve BoxBrush2 Brush in new BSP, see above
[2020.04.01-04.31.14:097][119]LogGeometryMode: Warning: Unable to find all previously selected geometry data, resetting selection
[2020.04.01-04.31.16:630][405]Cmd: TRANSACTION REDO
[2020.04.01-04.31.16:631][405]LogEditorTransaction: Redo Move Actors
[2020.04.01-04.31.20:480][815]Cmd: TRANSACTION UNDO
[2020.04.01-04.31.20:480][815]LogEditorTransaction: Undo Move Actors
[2020.04.01-04.31.22:405][986]Cmd: CAMERA ALIGN ACTIVEVIEWPORTONLY
[2020.04.01-04.31.59:115][272]LogGeometryMode: Warning: Unable to find 8 Vertex(s) in new BSP
[2020.04.01-04.31.59:115][272]LogGeometryMode: Warning: Unable to resolve BoxBrush2 Brush in new BSP, see above
[2020.04.01-04.31.59:115][272]LogGeometryMode: Warning: Unable to find all previously selected geometry data, resetting selection
[2020.04.01-04.32.03:606][758]Cmd: TRANSACTION UNDO
[2020.04.01-04.32.03:606][758]LogEditorTransaction: Undo Edit Z
[2020.04.01-04.32.43:393][199]LogGeometryMode: Warning: Unable to find 1 Poly(s) in new BSP
[2020.04.01-04.32.43:393][199]LogGeometryMode: Warning: Unable to resolve BoxBrush2 Brush in new BSP, see above
[2020.04.01-04.32.43:393][199]LogGeometryMode: Warning: Unable to find all previously selected geometry data, resetting selection
[2020.04.01-04.32.53:771][335]Cmd: TRANSACTION UNDO
[2020.04.01-04.32.53:771][335]LogEditorTransaction: Undo Modifier [Optimize]
[2020.04.01-04.32.54:973][421]Cmd: TRANSACTION UNDO
[2020.04.01-04.32.54:973][421]LogEditorTransaction: Undo Modifier [Flip]
[2020.04.01-04.32.56:124][519]Cmd: TRANSACTION UNDO
[2020.04.01-04.32.56:124][519]LogEditorTransaction: Undo Modifier [Flip]
[2020.04.01-04.33.19:581][109]LogDialogs: Warning: Suppressed: Extrude only works with Local Coordinates System
[2020.04.01-04.33.42:999][844]LogEditorViewport: Clicking on Actor (LMB): StaticMeshActor (bridge001)
[2020.04.01-04.35.24:740][413]Cmd: TRANSACTION UNDO
[2020.04.01-04.35.24:740][413]LogEditorTransaction: Undo Select Brush Surface
[2020.04.01-04.35.27:950][734]Cmd: DELETE
[2020.04.01-04.35.28:190][734]Cmd: ACTOR DELETE
[2020.04.01-04.35.28:312][734]LogEditorActor: Deleted Actor: Brush
[2020.04.01-04.35.28:365][734]LogUObjectHash: Compacting FUObjectHashTables data took   2.63ms
[2020.04.01-04.35.28:527][734]LogEditorActor: Deleted 1 Actors (0.335 secs)
[2020.04.01-04.35.37:955][795]LogTexture: Display: Building textures: Texture2D_2 (G8, 128X128)
[2020.04.01-04.37.07:595][950]LogAudioMixer: Display: Audio Buffer Underrun detected.
[2020.04.01-04.37.07:899][950]LogAudioMixer: Display: Audio Buffer Underrun detected.
[2020.04.01-04.37.12:978][950]LogAudioMixer: Display: Audio Buffer Underrun detected.
[2020.04.01-04.37.56:716][950]LogTemp: Resetting audio stream to device id 
[2020.04.01-04.37.56:944][950]LogAudioMixer: Display: Audio Device Output Speaker Info:
[2020.04.01-04.37.56:944][950]LogAudioMixer: Display: Name: Speakers (Realtek High Definition Audio)
[2020.04.01-04.37.56:944][950]LogAudioMixer: Display: Is Default: Yes
[2020.04.01-04.37.56:944][950]LogAudioMixer: Display: Sample Rate: 48000
[2020.04.01-04.37.56:945][950]LogAudioMixer: Display: Channel Count Used: 2
[2020.04.01-04.37.56:945][950]LogAudioMixer: Display: Device Channel Count: 2
[2020.04.01-04.37.56:945][950]LogAudioMixer: Display: Channel Order:
[2020.04.01-04.37.56:945][950]LogAudioMixer: Display: 0: FrontLeft
[2020.04.01-04.37.56:945][950]LogAudioMixer: Display: 1: FrontRight
[2020.04.01-04.37.58:819][950]LogD3D11RHI: Timed out while waiting for GPU to catch up. (0.5 s) (ErrorCode 00000001)
[2020.04.01-04.37.59:632][950]LogD3D11RHI: Timed out while waiting for GPU to catch up. (0.5 s) (ErrorCode 00000001)
[2020.04.01-04.38.01:316][950]LogUObjectHash: Compacting FUObjectHashTables data took  68.04ms
[2020.04.01-04.38.09:864][950]LogSavePackage: Moving '../../../../../Faycrest/Racer/MaMiSeShFay11820/Saved/Ice_track_Auto10C98CC58413FF2AA8CC5CEACD133A151.tmp' to '../../../../../Faycrest/Racer/MaMiSeShFay11820/Saved/Autosaves/Game/Maps/EileensMap/Ice_track_Auto1.umap'
[2020.04.01-04.38.10:155][950]LogFileHelpers: Editor autosave (incl. sublevels) for '/Game/Maps/EileensMap/Ice_track' took 10.513
[2020.04.01-04.38.10:155][950]LogFileHelpers: Editor autosave (incl. sublevels) for all levels took 10.513
[2020.04.01-04.38.47:276][954]LogUObjectHash: Compacting FUObjectHashTables data took  59.16ms
[2020.04.01-04.40.28:079][954]LogSlate: Window 'Save Content' being destroyed
[2020.04.01-04.40.31:177][954]LogUObjectHash: Compacting FUObjectHashTables data took  43.04ms
